T1438 7280:922 SEGGER J-Link V4.86 Log File (0000ms, 17677ms total)
T1438 7280:922 DLL Compiled: Jun  6 2014 19:06:16 (0000ms, 17677ms total)
T1438 7280:922 Logging started @ 2014-12-13 12:12 (0000ms, 17677ms total)
T1438 7280:955 JLINK_ExecCommand("Device = ATSAM4LC4B", ...)Device "ATSAM4LC4B" selected (256 KB flash, 32 KB RAM).  returns 0x00 (0000ms, 17677ms total)
T1438 7280:955 JLINK_GetFirmwareString(...) (0000ms, 17677ms total)
T1438 7280:955 JLINK_GetHardwareVersion()  returns 0x13880 (0000ms, 17677ms total)
T1438 7280:955 JLINK_GetDLLVersion()  returns 48600 (0000ms, 17677ms total)
T1438 7280:957 JLINK_GetFirmwareString(...) (0000ms, 17677ms total)
T1438 7280:957 JLINK_GetHardwareVersion()  returns 0x13880 (0000ms, 17677ms total)
T1438 7280:957 JLINK_GetDLLVersion()  returns 48600 (0000ms, 17677ms total)
T1438 7280:997 JLINK_ExecCommand("device = ATSAM4LC4B", ...)Device "ATSAM4LC4B" selected (256 KB flash, 32 KB RAM).  returns 0x00 (0000ms, 17677ms total)
T1438 7280:997 JLINK_TIF_Select(JLINKARM_TIF_SWD)  returns 0x00 (0004ms, 17681ms total)
T1438 7281:001 JLINK_SetSpeed(50) (0001ms, 17682ms total)
T1438 7281:002 JLINK_JTAG_StoreRaw(..., 0x108 Bits)  returns 0x00 (0000ms, 17682ms total)
T1438 7281:002 JLINK_JTAG_GetU32(BitPos = 227) >0x108 TIF>  returns 0x2BA01477 (0006ms, 17688ms total)
T1438 7281:008 JLINK_JTAG_StoreRaw(..., 0x08 Bits)  returns 0x00 (0000ms, 17688ms total)
T1438 7281:008 JLINK_JTAG_StoreRaw(..., 0x03 Bits)  returns 0x08 (0000ms, 17688ms total)
T1438 7281:008 JLINK_JTAG_StoreRaw(..., 0x28 Bits)  returns 0x0B (0000ms, 17688ms total)
T1438 7281:008 JLINK_JTAG_GetU8(BitPos = 8) >0x33 TIF>  returns 0xB9 (0002ms, 17690ms total)
T1438 7281:010 JLINK_JTAG_GetU32(BitPos = 11)  returns 0x2BA01477 (0000ms, 17690ms total)
T1438 7281:010 JLINK_JTAG_GetU8(BitPos = 43)  returns 0x02 (0000ms, 17690ms total)
T1438 7281:010 JLINK_JTAG_StoreRaw(..., 0x08 Bits)  returns 0x00 (0000ms, 17690ms total)
T1438 7281:010 JLINK_JTAG_StoreRaw(..., 0x03 Bits)  returns 0x08 (0000ms, 17690ms total)
T1438 7281:010 JLINK_JTAG_StoreRaw(..., 0x28 Bits)  returns 0x0B (0000ms, 17690ms total)
T1438 7281:010 JLINK_JTAG_GetU8(BitPos = 8) >0x33 TIF>  returns 0x01 (0002ms, 17692ms total)
T1438 7281:012 JLINK_JTAG_GetU32(BitPos = 11)  returns 0x00000000 (0000ms, 17692ms total)
T1438 7281:012 JLINK_JTAG_GetU8(BitPos = 43)  returns 0x02 (0000ms, 17692ms total)
T1438 7281:012 JLINK_JTAG_StoreRaw(..., 0x08 Bits)  returns 0x00 (0000ms, 17692ms total)
T1438 7281:012 JLINK_JTAG_StoreRaw(..., 0x03 Bits)  returns 0x08 (0000ms, 17692ms total)
T1438 7281:012 JLINK_JTAG_StoreRaw(..., 0x02 Bits)  returns 0x0B (0000ms, 17692ms total)
T1438 7281:012 JLINK_JTAG_StoreRaw(..., 0x28 Bits)  returns 0x0D (0000ms, 17692ms total)
T1438 7281:012 JLINK_JTAG_GetU8(BitPos = 8) >0x35 TIF>  returns 0x39 (0002ms, 17694ms total)
T1438 7281:014 JLINK_JTAG_StoreRaw(..., 0x08 Bits)  returns 0x00 (0000ms, 17694ms total)
T1438 7281:014 JLINK_JTAG_StoreRaw(..., 0x03 Bits)  returns 0x08 (0000ms, 17694ms total)
T1438 7281:014 JLINK_JTAG_StoreRaw(..., 0x28 Bits)  returns 0x0B (0000ms, 17694ms total)
T1438 7281:014 JLINK_JTAG_GetU8(BitPos = 8) >0x33 TIF>  returns 0x09 (0002ms, 17696ms total)
T1438 7281:016 JLINK_JTAG_GetU32(BitPos = 11)  returns 0xF0000001 (0000ms, 17696ms total)
T1438 7281:016 JLINK_JTAG_GetU8(BitPos = 43)  returns 0x03 (0000ms, 17696ms total)
T1438 7281:016 JLINK_JTAG_StoreRaw(..., 0x08 Bits)  returns 0x00 (0000ms, 17696ms total)
T1438 7281:016 JLINK_JTAG_StoreRaw(..., 0x03 Bits)  returns 0x08 (0000ms, 17696ms total)
T1438 7281:016 JLINK_JTAG_StoreRaw(..., 0x02 Bits)  returns 0x0B (0000ms, 17696ms total)
T1438 7281:016 JLINK_JTAG_StoreRaw(..., 0x28 Bits)  returns 0x0D (0000ms, 17696ms total)
T1438 7281:016 JLINK_JTAG_GetU8(BitPos = 8) >0x35 TIF>  returns 0x19 (0002ms, 17698ms total)
T1438 7281:018 JLINK_JTAG_StoreRaw(..., 0x08 Bits)  returns 0x00 (0000ms, 17698ms total)
T1438 7281:018 JLINK_JTAG_StoreRaw(..., 0x03 Bits)  returns 0x08 (0000ms, 17698ms total)
T1438 7281:018 JLINK_JTAG_StoreRaw(..., 0x02 Bits)  returns 0x0B (0000ms, 17698ms total)
T1438 7281:018 JLINK_JTAG_StoreRaw(..., 0x28 Bits)  returns 0x0D (0000ms, 17698ms total)
T1438 7281:018 JLINK_JTAG_GetU8(BitPos = 8) >0x35 TIF>  returns 0x39 (0002ms, 17700ms total)
T1438 7281:020 JLINK_JTAG_StoreRaw(..., 0x08 Bits)  returns 0x00 (0000ms, 17700ms total)
T1438 7281:020 JLINK_JTAG_StoreRaw(..., 0x03 Bits)  returns 0x08 (0000ms, 17700ms total)
T1438 7281:020 JLINK_JTAG_StoreRaw(..., 0x02 Bits)  returns 0x0B (0000ms, 17700ms total)
T1438 7281:020 JLINK_JTAG_StoreRaw(..., 0x28 Bits)  returns 0x0D (0000ms, 17700ms total)
T1438 7281:020 JLINK_JTAG_GetU8(BitPos = 8) >0x35 TIF>  returns 0x19 (0002ms, 17702ms total)
T1438 7281:022 JLINK_JTAG_StoreRaw(..., 0x08 Bits)  returns 0x00 (0000ms, 17702ms total)
T1438 7281:022 JLINK_JTAG_StoreRaw(..., 0x03 Bits)  returns 0x08 (0000ms, 17702ms total)
T1438 7281:022 JLINK_JTAG_StoreRaw(..., 0x28 Bits)  returns 0x0B (0000ms, 17702ms total)
T1438 7281:022 JLINK_JTAG_GetU8(BitPos = 8) >0x33 TIF>  returns 0x01 (0002ms, 17704ms total)
T1438 7281:024 JLINK_JTAG_GetU32(BitPos = 11)  returns 0x00000000 (0000ms, 17704ms total)
T1438 7281:024 JLINK_JTAG_GetU8(BitPos = 43)  returns 0x02 (0000ms, 17704ms total)
T1438 7281:024 JLINK_JTAG_StoreRaw(..., 0x08 Bits)  returns 0x00 (0000ms, 17704ms total)
T1438 7281:024 JLINK_JTAG_StoreRaw(..., 0x03 Bits)  returns 0x08 (0000ms, 17704ms total)
T1438 7281:024 JLINK_JTAG_StoreRaw(..., 0x28 Bits)  returns 0x0B (0000ms, 17704ms total)
T1438 7281:024 JLINK_JTAG_GetU8(BitPos = 8) >0x33 TIF>  returns 0x01 (0002ms, 17706ms total)
T1438 7281:026 JLINK_JTAG_GetU32(BitPos = 11)  returns 0x01000500 (0000ms, 17706ms total)
T1438 7281:026 JLINK_JTAG_GetU8(BitPos = 43)  returns 0x03 (0000ms, 17706ms total)
T1438 7281:226 JLINK_JTAG_StoreRaw(..., 0x08 Bits)  returns 0x00 (0000ms, 17706ms total)
T1438 7281:226 JLINK_JTAG_StoreRaw(..., 0x03 Bits)  returns 0x08 (0000ms, 17706ms total)
T1438 7281:226 JLINK_JTAG_StoreRaw(..., 0x28 Bits)  returns 0x0B (0000ms, 17706ms total)
T1438 7281:226 JLINK_JTAG_GetU8(BitPos = 8) >0x33 TIF>  returns 0x01 (0002ms, 17708ms total)
T1438 7281:228 JLINK_JTAG_GetU32(BitPos = 11)  returns 0x01000500 (0000ms, 17708ms total)
T1438 7281:228 JLINK_JTAG_GetU8(BitPos = 43)  returns 0x03 (0000ms, 17708ms total)
T1438 7281:228 JLINK_JTAG_StoreRaw(..., 0x08 Bits)  returns 0x00 (0000ms, 17708ms total)
T1438 7281:228 JLINK_JTAG_StoreRaw(..., 0x03 Bits)  returns 0x08 (0000ms, 17708ms total)
T1438 7281:228 JLINK_JTAG_StoreRaw(..., 0x28 Bits)  returns 0x0B (0000ms, 17708ms total)
T1438 7281:228 JLINK_JTAG_GetU8(BitPos = 8) >0x33 TIF>  returns 0x09 (0001ms, 17709ms total)
T1438 7281:230 JLINK_JTAG_GetU32(BitPos = 11)  returns 0x01000501 (0000ms, 17710ms total)
T1438 7281:230 JLINK_JTAG_GetU8(BitPos = 43)  returns 0x02 (0000ms, 17710ms total)
T1438 7281:230 JLINK_ExecCommand("ProjectFile = D:\wireless2\application\TDMA\ServerTDMA\jlink.config", ...)  returns 0x00 (0000ms, 17710ms total)
T1438 7281:263 JLINK_ExecCommand("Device = ATSAM4LC4B", ...)Device "ATSAM4LC4B" selected (256 KB flash, 32 KB RAM).  returns 0x00 (0000ms, 17710ms total)
T1438 7281:263 JLINK_TIF_Select(JLINKARM_TIF_SWD)  returns 0x00 (0000ms, 17710ms total)
T1438 7281:263 JLINK_SetSpeed(1000) (0002ms, 17712ms total)
T1438 7281:265 JLINK_Connect() >0x108 TIF>Found SWD-DP with ID 0x2BA01477 >0x0D TIF> >0x28 TIF> >0x0D TIF> >0x28 TIF> >0x0D TIF> >0x21 TIF> >0x0D TIF> >0x28 TIF> >0x0D TIF> >0x28 TIF> >0x0D TIF> >0x21 TIF> >0x0D TIF> >0x21 TIF> >0x108 TIF>Found SWD-DP with ID 0x2BA01477 >0x0D TIF> >0x21 TIF> >0x0D TIF> >0x28 TIF> >0x0D TIF> >0x28 TIF> >0x0D TIF> >0x21 TIF> >0x0D TIF> >0x28 TIF> >0x0D TIF> >0x21 TIF> >0x0D TIF> >0x21 TIF> >0x0D TIF> >0x21 TIF> >0x0D TIF> >0x21 TIF> >0x0D TIF> >0x28 TIF> >0x0D TIF>
 >0x28 TIF> >0x0D TIF> >0x21 TIF> >0x0D TIF> >0x28 TIF> >0x0D TIF> >0x28 TIF> >0x0D TIF> >0x28 TIF> >0x0D TIF> >0x21 TIF> >0x0D TIF> >0x21 TIF> >0x0D TIF> >0x28 TIF> >0x0D TIF> >0x21 TIF> >0x0D TIF> >0x21 TIF>Found Cortex-M4 r0p1, Little endian. -- CPU_WriteMem(4 bytes @ 0xE0002000) -- CPU_ReadMem(4 bytes @ 0xE000EDF0) -- CPU_WriteMem(4 bytes @ 0xE000EDF0) -- CPU_ReadMem(4 bytes @ 0xE0002000)FPUnit: 6 code (BP) slots and 2 literal slots -- CPU_ReadMem(4 bytes @ 0xE000EDFC)
 -- CPU_WriteMem(4 bytes @ 0xE000EDFC) -- CPU_ReadMem(4 bytes @ 0xE0001000) -- CPU_WriteMem(4 bytes @ 0xE0001000) -- CPU_ReadMem(4 bytes @ 0xE00FF010)TPIU fitted. -- CPU_ReadMem(4 bytes @ 0xE00FF014) -- CPU_ReadMem(4 bytes @ 0xE00FF018) -- CPU is running -- CPU_ReadMem(4 bytes @ 0xE0042000) -- CPU is running -- CPU_WriteMem(4 bytes @ 0xE0042000) -- CPU is running -- CPU_ReadMem(4 bytes @ 0x400F0C00)  returns 0x00 (0077ms, 17789ms total)
T1438 7281:342 JLINK_GetDebugInfo(0x100) -- Value=0xE00FF003  returns 0x00 (0001ms, 17790ms total)
T1438 7281:343 JLINK_ReadMemU8(0xE00FFFF0, 0x0001 Items, ...) -- CPU is running -- CPU_ReadMem(1 bytes @ 0xE00FFFF0) - Data: 0D  returns 0x01 (0001ms, 17791ms total)
T1438 7281:344 JLINK_ReadMemU8(0xE00FFFF4, 0x0001 Items, ...) -- CPU is running -- CPU_ReadMem(1 bytes @ 0xE00FFFF4) - Data: 10  returns 0x01 (0001ms, 17792ms total)
T1438 7281:345 JLINK_ReadMemU8(0xE00FFFF8, 0x0001 Items, ...) -- CPU is running -- CPU_ReadMem(1 bytes @ 0xE00FFFF8) - Data: 05  returns 0x01 (0001ms, 17793ms total)
T1438 7281:346 JLINK_ReadMemU8(0xE00FFFFC, 0x0001 Items, ...) -- CPU is running -- CPU_ReadMem(1 bytes @ 0xE00FFFFC) - Data: B1  returns 0x01 (0001ms, 17794ms total)
T1438 7281:347 JLINK_ReadMemU8(0xE00FFFD0, 0x0001 Items, ...) -- CPU is running -- CPU_ReadMem(1 bytes @ 0xE00FFFD0) - Data: 04  returns 0x01 (0001ms, 17795ms total)
T1438 7281:348 JLINK_ReadMemU8(0xE00FFFD4, 0x0001 Items, ...) -- CPU is running -- CPU_ReadMem(1 bytes @ 0xE00FFFD4) - Data: 00  returns 0x01 (0001ms, 17796ms total)
T1438 7281:349 JLINK_ReadMemU8(0xE00FFFD8, 0x0001 Items, ...) -- CPU is running -- CPU_ReadMem(1 bytes @ 0xE00FFFD8) - Data: 00  returns 0x01 (0001ms, 17797ms total)
T1438 7281:350 JLINK_ReadMemU8(0xE00FFFDC, 0x0001 Items, ...) -- CPU is running -- CPU_ReadMem(1 bytes @ 0xE00FFFDC) - Data: 00  returns 0x01 (0001ms, 17798ms total)
T1438 7281:351 JLINK_ReadMemU8(0xE00FFFE0, 0x0001 Items, ...) -- CPU is running -- CPU_ReadMem(1 bytes @ 0xE00FFFE0) - Data: C4  returns 0x01 (0001ms, 17799ms total)
T1438 7281:352 JLINK_ReadMemU8(0xE00FFFE4, 0x0001 Items, ...) -- CPU is running -- CPU_ReadMem(1 bytes @ 0xE00FFFE4) - Data: B4  returns 0x01 (0001ms, 17800ms total)
T1438 7281:353 JLINK_ReadMemU8(0xE00FFFE8, 0x0001 Items, ...) -- CPU is running -- CPU_ReadMem(1 bytes @ 0xE00FFFE8) - Data: 0B  returns 0x01 (0001ms, 17801ms total)
T1438 7281:354 JLINK_ReadMemU8(0xE00FFFEC, 0x0001 Items, ...) -- CPU is running -- CPU_ReadMem(1 bytes @ 0xE00FFFEC) - Data: 00  returns 0x01 (0001ms, 17802ms total)
T1438 7281:355 JLINK_ReadMemU32(0xE00FF000, 0x0001 Items, ...) -- CPU is running -- CPU_ReadMem(4 bytes @ 0xE00FF000) - Data: 03 F0 F0 FF  returns 0x01 (0001ms, 17803ms total)
T1438 7281:356 JLINK_ReadMemU8(0xE000EFF0, 0x0001 Items, ...) -- CPU is running -- CPU_ReadMem(1 bytes @ 0xE000EFF0) - Data: 0D  returns 0x01 (0001ms, 17804ms total)
T1438 7281:357 JLINK_ReadMemU8(0xE000EFF4, 0x0001 Items, ...) -- CPU is running -- CPU_ReadMem(1 bytes @ 0xE000EFF4) - Data: E0  returns 0x01 (0001ms, 17805ms total)
T1438 7281:358 JLINK_ReadMemU8(0xE000EFF8, 0x0001 Items, ...) -- CPU is running -- CPU_ReadMem(1 bytes @ 0xE000EFF8) - Data: 05  returns 0x01 (0001ms, 17806ms total)
T1438 7281:359 JLINK_ReadMemU8(0xE000EFFC, 0x0001 Items, ...) -- CPU is running -- CPU_ReadMem(1 bytes @ 0xE000EFFC) - Data: B1  returns 0x01 (0001ms, 17807ms total)
T1438 7281:360 JLINK_ReadMemU8(0xE000EFD0, 0x0001 Items, ...) -- CPU is running -- CPU_ReadMem(1 bytes @ 0xE000EFD0) - Data: 04  returns 0x01 (0001ms, 17808ms total)
T1438 7281:361 JLINK_ReadMemU8(0xE000EFD4, 0x0001 Items, ...) -- CPU is running -- CPU_ReadMem(1 bytes @ 0xE000EFD4) - Data: 00  returns 0x01 (0001ms, 17809ms total)
T1438 7281:362 JLINK_ReadMemU8(0xE000EFD8, 0x0001 Items, ...) -- CPU is running -- CPU_ReadMem(1 bytes @ 0xE000EFD8) - Data: 00  returns 0x01 (0001ms, 17810ms total)
T1438 7281:363 JLINK_ReadMemU8(0xE000EFDC, 0x0001 Items, ...) -- CPU is running -- CPU_ReadMem(1 bytes @ 0xE000EFDC) - Data: 00  returns 0x01 (0001ms, 17811ms total)
T1438 7281:364 JLINK_ReadMemU8(0xE000EFE0, 0x0001 Items, ...) -- CPU is running -- CPU_ReadMem(1 bytes @ 0xE000EFE0) - Data: 00  returns 0x01 (0001ms, 17812ms total)
T1438 7281:365 JLINK_ReadMemU8(0xE000EFE4, 0x0001 Items, ...) -- CPU is running -- CPU_ReadMem(1 bytes @ 0xE000EFE4) - Data: B0  returns 0x01 (0001ms, 17813ms total)
T1438 7281:366 JLINK_ReadMemU8(0xE000EFE8, 0x0001 Items, ...) -- CPU is running -- CPU_ReadMem(1 bytes @ 0xE000EFE8) - Data: 0B  returns 0x01 (0001ms, 17814ms total)
T1438 7281:367 JLINK_ReadMemU8(0xE000EFEC, 0x0001 Items, ...) -- CPU is running -- CPU_ReadMem(1 bytes @ 0xE000EFEC) - Data: 00  returns 0x01 (0001ms, 17815ms total)
T1438 7281:368 JLINK_ReadMemU32(0xE00FF004, 0x0001 Items, ...) -- CPU is running -- CPU_ReadMem(4 bytes @ 0xE00FF004) - Data: 03 20 F0 FF  returns 0x01 (0001ms, 17816ms total)
T1438 7281:369 JLINK_ReadMemU8(0xE0001FF0, 0x0001 Items, ...) -- CPU is running -- CPU_ReadMem(1 bytes @ 0xE0001FF0) - Data: 0D  returns 0x01 (0001ms, 17817ms total)
T1438 7281:370 JLINK_ReadMemU8(0xE0001FF4, 0x0001 Items, ...) -- CPU is running -- CPU_ReadMem(1 bytes @ 0xE0001FF4) - Data: E0  returns 0x01 (0001ms, 17818ms total)
T1438 7281:371 JLINK_ReadMemU8(0xE0001FF8, 0x0001 Items, ...) -- CPU is running -- CPU_ReadMem(1 bytes @ 0xE0001FF8) - Data: 05  returns 0x01 (0001ms, 17819ms total)
T1438 7281:372 JLINK_ReadMemU8(0xE0001FFC, 0x0001 Items, ...) -- CPU is running -- CPU_ReadMem(1 bytes @ 0xE0001FFC) - Data: B1  returns 0x01 (0001ms, 17820ms total)
T1438 7281:373 JLINK_ReadMemU8(0xE0001FD0, 0x0001 Items, ...) -- CPU is running -- CPU_ReadMem(1 bytes @ 0xE0001FD0) - Data: 04  returns 0x01 (0001ms, 17821ms total)
T1438 7281:374 JLINK_ReadMemU8(0xE0001FD4, 0x0001 Items, ...) -- CPU is running -- CPU_ReadMem(1 bytes @ 0xE0001FD4) - Data: 00  returns 0x01 (0001ms, 17822ms total)
T1438 7281:375 JLINK_ReadMemU8(0xE0001FD8, 0x0001 Items, ...) -- CPU is running -- CPU_ReadMem(1 bytes @ 0xE0001FD8) - Data: 00  returns 0x01 (0001ms, 17823ms total)
T1438 7281:376 JLINK_ReadMemU8(0xE0001FDC, 0x0001 Items, ...) -- CPU is running -- CPU_ReadMem(1 bytes @ 0xE0001FDC) - Data: 00  returns 0x01 (0001ms, 17824ms total)
T1438 7281:377 JLINK_ReadMemU8(0xE0001FE0, 0x0001 Items, ...) -- CPU is running -- CPU_ReadMem(1 bytes @ 0xE0001FE0) - Data: 02  returns 0x01 (0001ms, 17825ms total)
T1438 7281:378 JLINK_ReadMemU8(0xE0001FE4, 0x0001 Items, ...) -- CPU is running -- CPU_ReadMem(1 bytes @ 0xE0001FE4) - Data: B0  returns 0x01 (0001ms, 17826ms total)
T1438 7281:379 JLINK_ReadMemU8(0xE0001FE8, 0x0001 Items, ...) -- CPU is running -- CPU_ReadMem(1 bytes @ 0xE0001FE8) - Data: 3B  returns 0x01 (0001ms, 17827ms total)
T1438 7281:380 JLINK_ReadMemU8(0xE0001FEC, 0x0001 Items, ...) -- CPU is running -- CPU_ReadMem(1 bytes @ 0xE0001FEC) - Data: 00  returns 0x01 (0001ms, 17828ms total)
T1438 7281:381 JLINK_ReadMemU32(0xE00FF008, 0x0001 Items, ...) -- CPU is running -- CPU_ReadMem(4 bytes @ 0xE00FF008) - Data: 03 30 F0 FF  returns 0x01 (0001ms, 17829ms total)
T1438 7281:382 JLINK_ReadMemU8(0xE0002FF0, 0x0001 Items, ...) -- CPU is running -- CPU_ReadMem(1 bytes @ 0xE0002FF0) - Data: 0D  returns 0x01 (0001ms, 17830ms total)
T1438 7281:383 JLINK_ReadMemU8(0xE0002FF4, 0x0001 Items, ...) -- CPU is running -- CPU_ReadMem(1 bytes @ 0xE0002FF4) - Data: E0  returns 0x01 (0001ms, 17831ms total)
T1438 7281:384 JLINK_ReadMemU8(0xE0002FF8, 0x0001 Items, ...) -- CPU is running -- CPU_ReadMem(1 bytes @ 0xE0002FF8) - Data: 05  returns 0x01 (0001ms, 17832ms total)
T1438 7281:385 JLINK_ReadMemU8(0xE0002FFC, 0x0001 Items, ...) -- CPU is running -- CPU_ReadMem(1 bytes @ 0xE0002FFC) - Data: B1  returns 0x01 (0001ms, 17833ms total)
T1438 7281:386 JLINK_ReadMemU8(0xE0002FD0, 0x0001 Items, ...) -- CPU is running -- CPU_ReadMem(1 bytes @ 0xE0002FD0) - Data: 04  returns 0x01 (0001ms, 17834ms total)
T1438 7281:387 JLINK_ReadMemU8(0xE0002FD4, 0x0001 Items, ...) -- CPU is running -- CPU_ReadMem(1 bytes @ 0xE0002FD4) - Data: 00  returns 0x01 (0001ms, 17835ms total)
T1438 7281:388 JLINK_ReadMemU8(0xE0002FD8, 0x0001 Items, ...) -- CPU is running -- CPU_ReadMem(1 bytes @ 0xE0002FD8) - Data: 00  returns 0x01 (0001ms, 17836ms total)
T1438 7281:389 JLINK_ReadMemU8(0xE0002FDC, 0x0001 Items, ...) -- CPU is running -- CPU_ReadMem(1 bytes @ 0xE0002FDC) - Data: 00  returns 0x01 (0001ms, 17837ms total)
T1438 7281:390 JLINK_ReadMemU8(0xE0002FE0, 0x0001 Items, ...) -- CPU is running -- CPU_ReadMem(1 bytes @ 0xE0002FE0) - Data: 03  returns 0x01 (0001ms, 17838ms total)
T1438 7281:391 JLINK_ReadMemU8(0xE0002FE4, 0x0001 Items, ...) -- CPU is running -- CPU_ReadMem(1 bytes @ 0xE0002FE4) - Data: B0  returns 0x01 (0001ms, 17839ms total)
T1438 7281:392 JLINK_ReadMemU8(0xE0002FE8, 0x0001 Items, ...) -- CPU is running -- CPU_ReadMem(1 bytes @ 0xE0002FE8) - Data: 2B  returns 0x01 (0001ms, 17840ms total)
T1438 7281:393 JLINK_ReadMemU8(0xE0002FEC, 0x0001 Items, ...) -- CPU is running -- CPU_ReadMem(1 bytes @ 0xE0002FEC) - Data: 00  returns 0x01 (0001ms, 17841ms total)
T1438 7281:394 JLINK_ReadMemU32(0xE00FF00C, 0x0001 Items, ...) -- CPU is running -- CPU_ReadMem(4 bytes @ 0xE00FF00C) - Data: 03 10 F0 FF  returns 0x01 (0001ms, 17842ms total)
T1438 7281:395 JLINK_ReadMemU8(0xE0000FF0, 0x0001 Items, ...) -- CPU is running -- CPU_ReadMem(1 bytes @ 0xE0000FF0) - Data: 0D  returns 0x01 (0001ms, 17843ms total)
T1438 7281:396 JLINK_ReadMemU8(0xE0000FF4, 0x0001 Items, ...) -- CPU is running -- CPU_ReadMem(1 bytes @ 0xE0000FF4) - Data: E0  returns 0x01 (0001ms, 17844ms total)
T1438 7281:397 JLINK_ReadMemU8(0xE0000FF8, 0x0001 Items, ...) -- CPU is running -- CPU_ReadMem(1 bytes @ 0xE0000FF8) - Data: 05  returns 0x01 (0001ms, 17845ms total)
T1438 7281:398 JLINK_ReadMemU8(0xE0000FFC, 0x0001 Items, ...) -- CPU is running -- CPU_ReadMem(1 bytes @ 0xE0000FFC) - Data: B1  returns 0x01 (0001ms, 17846ms total)
T1438 7281:399 JLINK_ReadMemU8(0xE0000FD0, 0x0001 Items, ...) -- CPU is running -- CPU_ReadMem(1 bytes @ 0xE0000FD0) - Data: 04  returns 0x01 (0001ms, 17847ms total)
T1438 7281:400 JLINK_ReadMemU8(0xE0000FD4, 0x0001 Items, ...) -- CPU is running -- CPU_ReadMem(1 bytes @ 0xE0000FD4) - Data: 00  returns 0x01 (0001ms, 17848ms total)
T1438 7281:401 JLINK_ReadMemU8(0xE0000FD8, 0x0001 Items, ...) -- CPU is running -- CPU_ReadMem(1 bytes @ 0xE0000FD8) - Data: 00  returns 0x01 (0001ms, 17849ms total)
T1438 7281:402 JLINK_ReadMemU8(0xE0000FDC, 0x0001 Items, ...) -- CPU is running -- CPU_ReadMem(1 bytes @ 0xE0000FDC) - Data: 00  returns 0x01 (0001ms, 17850ms total)
T1438 7281:403 JLINK_ReadMemU8(0xE0000FE0, 0x0001 Items, ...) -- CPU is running -- CPU_ReadMem(1 bytes @ 0xE0000FE0) - Data: 01  returns 0x01 (0001ms, 17851ms total)
T1438 7281:404 JLINK_ReadMemU8(0xE0000FE4, 0x0001 Items, ...) -- CPU is running -- CPU_ReadMem(1 bytes @ 0xE0000FE4) - Data: B0  returns 0x01 (0001ms, 17852ms total)
T1438 7281:405 JLINK_ReadMemU8(0xE0000FE8, 0x0001 Items, ...) -- CPU is running -- CPU_ReadMem(1 bytes @ 0xE0000FE8) - Data: 3B  returns 0x01 (0001ms, 17853ms total)
T1438 7281:406 JLINK_ReadMemU8(0xE0000FEC, 0x0001 Items, ...) -- CPU is running -- CPU_ReadMem(1 bytes @ 0xE0000FEC) - Data: 00  returns 0x01 (0001ms, 17854ms total)
T1438 7281:407 JLINK_ReadMemU32(0xE00FF010, 0x0001 Items, ...) -- CPU is running -- CPU_ReadMem(4 bytes @ 0xE00FF010) - Data: 03 10 F4 FF  returns 0x01 (0001ms, 17855ms total)
T1438 7281:408 JLINK_ReadMemU8(0xE0040FF0, 0x0001 Items, ...) -- CPU is running -- CPU_ReadMem(1 bytes @ 0xE0040FF0) - Data: 0D  returns 0x01 (0001ms, 17856ms total)
T1438 7281:409 JLINK_ReadMemU8(0xE0040FF4, 0x0001 Items, ...) -- CPU is running -- CPU_ReadMem(1 bytes @ 0xE0040FF4) - Data: 90  returns 0x01 (0001ms, 17857ms total)
T1438 7281:410 JLINK_ReadMemU8(0xE0040FF8, 0x0001 Items, ...) -- CPU is running -- CPU_ReadMem(1 bytes @ 0xE0040FF8) - Data: 05  returns 0x01 (0001ms, 17858ms total)
T1438 7281:411 JLINK_ReadMemU8(0xE0040FFC, 0x0001 Items, ...) -- CPU is running -- CPU_ReadMem(1 bytes @ 0xE0040FFC) - Data: B1  returns 0x01 (0001ms, 17859ms total)
T1438 7281:412 JLINK_ReadMemU8(0xE0040FD0, 0x0001 Items, ...) -- CPU is running -- CPU_ReadMem(1 bytes @ 0xE0040FD0) - Data: 04  returns 0x01 (0001ms, 17860ms total)
T1438 7281:413 JLINK_ReadMemU8(0xE0040FD4, 0x0001 Items, ...) -- CPU is running -- CPU_ReadMem(1 bytes @ 0xE0040FD4) - Data: 00  returns 0x01 (0001ms, 17861ms total)
T1438 7281:414 JLINK_ReadMemU8(0xE0040FD8, 0x0001 Items, ...) -- CPU is running -- CPU_ReadMem(1 bytes @ 0xE0040FD8) - Data: 00  returns 0x01 (0001ms, 17862ms total)
T1438 7281:415 JLINK_ReadMemU8(0xE0040FDC, 0x0001 Items, ...) -- CPU is running -- CPU_ReadMem(1 bytes @ 0xE0040FDC) - Data: 00  returns 0x01 (0001ms, 17863ms total)
T1438 7281:416 JLINK_ReadMemU8(0xE0040FE0, 0x0001 Items, ...) -- CPU is running -- CPU_ReadMem(1 bytes @ 0xE0040FE0) - Data: A1  returns 0x01 (0001ms, 17864ms total)
T1438 7281:417 JLINK_ReadMemU8(0xE0040FE4, 0x0001 Items, ...) -- CPU is running -- CPU_ReadMem(1 bytes @ 0xE0040FE4) - Data: B9  returns 0x01 (0001ms, 17865ms total)
T1438 7281:418 JLINK_ReadMemU8(0xE0040FE8, 0x0001 Items, ...) -- CPU is running -- CPU_ReadMem(1 bytes @ 0xE0040FE8) - Data: 0B  returns 0x01 (0001ms, 17866ms total)
T1438 7281:419 JLINK_ReadMemU8(0xE0040FEC, 0x0001 Items, ...) -- CPU is running -- CPU_ReadMem(1 bytes @ 0xE0040FEC) - Data: 00  returns 0x01 (0001ms, 17867ms total)
T1438 7281:420 JLINK_ReadMemU32(0xE00FF014, 0x0001 Items, ...) -- CPU is running -- CPU_ReadMem(4 bytes @ 0xE00FF014) - Data: 02 20 F4 FF  returns 0x01 (0001ms, 17868ms total)
T1438 7281:421 JLINK_ReadMemU32(0xE00FF018, 0x0001 Items, ...) -- CPU is running -- CPU_ReadMem(4 bytes @ 0xE00FF018) - Data: 00 00 00 00  returns 0x01 (0001ms, 17869ms total)
T1438 7281:422 JLINK_ReadMem (0xE0001000, 0x0004 Bytes, ...) -- CPU is running -- CPU_ReadMem(4 bytes @ 0xE0001000) - Data: 01 00 00 40  returns 0x00 (0001ms, 17870ms total)
T1438 7281:423 JLINK_ReadMem (0xE0001000, 0x0004 Bytes, ...) -- CPU is running -- CPU_ReadMem(4 bytes @ 0xE0001000) - Data: 01 00 00 40  returns 0x00 (0001ms, 17871ms total)
T1438 7281:424 JLINK_ReadMem (0xE0001028, 0x0004 Bytes, ...) -- CPU is running -- CPU_ReadMem(4 bytes @ 0xE0001028) - Data: 00 00 00 00  returns 0x00 (0001ms, 17872ms total)
T1438 7281:425 JLINK_WriteMem(0xE0001028, 0x0004 Bytes, ...) - Data: 00 01 00 00 -- CPU is running -- CPU_WriteMem(4 bytes @ 0xE0001028)  returns 0x04 (0001ms, 17873ms total)
T1438 7281:426 JLINK_ReadMem (0xE0001028, 0x0004 Bytes, ...) -- CPU is running -- CPU_ReadMem(4 bytes @ 0xE0001028) - Data: 00 00 00 00  returns 0x00 (0001ms, 17874ms total)
T1438 7281:427 JLINK_ReadMem (0xE0001038, 0x0004 Bytes, ...) -- CPU is running -- CPU_ReadMem(4 bytes @ 0xE0001038) - Data: 00 02 00 00  returns 0x00 (0001ms, 17875ms total)
T1438 7281:428 JLINK_WriteMem(0xE0001038, 0x0004 Bytes, ...) - Data: 00 03 00 00 -- CPU is running -- CPU_WriteMem(4 bytes @ 0xE0001038)  returns 0x04 (0001ms, 17876ms total)
T1438 7281:429 JLINK_ReadMem (0xE0001038, 0x0004 Bytes, ...) -- CPU is running -- CPU_ReadMem(4 bytes @ 0xE0001038) - Data: 00 03 00 00  returns 0x00 (0001ms, 17877ms total)
T1438 7281:430 JLINK_ReadMem (0xE0001048, 0x0004 Bytes, ...) -- CPU is running -- CPU_ReadMem(4 bytes @ 0xE0001048) - Data: 00 00 00 00  returns 0x00 (0001ms, 17878ms total)
T1438 7281:431 JLINK_WriteMem(0xE0001048, 0x0004 Bytes, ...) - Data: 00 01 00 00 -- CPU is running -- CPU_WriteMem(4 bytes @ 0xE0001048)  returns 0x04 (0001ms, 17879ms total)
T1438 7281:432 JLINK_ReadMem (0xE0001048, 0x0004 Bytes, ...) -- CPU is running -- CPU_ReadMem(4 bytes @ 0xE0001048) - Data: 00 00 00 00  returns 0x00 (0001ms, 17880ms total)
T1438 7281:433 JLINK_ReadMem (0xE0001058, 0x0004 Bytes, ...) -- CPU is running -- CPU_ReadMem(4 bytes @ 0xE0001058) - Data: 00 00 00 00  returns 0x00 (0001ms, 17881ms total)
T1438 7281:434 JLINK_WriteMem(0xE0001058, 0x0004 Bytes, ...) - Data: 00 01 00 00 -- CPU is running -- CPU_WriteMem(4 bytes @ 0xE0001058)  returns 0x04 (0001ms, 17882ms total)
T1438 7281:435 JLINK_ReadMem (0xE0001058, 0x0004 Bytes, ...) -- CPU is running -- CPU_ReadMem(4 bytes @ 0xE0001058) - Data: 00 00 00 00  returns 0x00 (0001ms, 17883ms total)
T1438 7281:436 JLINK_ReadMem (0xE0001024, 0x0004 Bytes, ...) -- CPU is running -- CPU_ReadMem(4 bytes @ 0xE0001024) - Data: 00 00 00 00  returns 0x00 (0001ms, 17884ms total)
T1438 7281:437 JLINK_WriteMem(0xE0001024, 0x0004 Bytes, ...) - Data: 1F 00 00 00 -- CPU is running -- CPU_WriteMem(4 bytes @ 0xE0001024)  returns 0x04 (0001ms, 17885ms total)
T1438 7281:438 JLINK_ReadMem (0xE0001024, 0x0004 Bytes, ...) -- CPU is running -- CPU_ReadMem(4 bytes @ 0xE0001024) - Data: 0F 00 00 00  returns 0x00 (0001ms, 17886ms total)
T1438 7281:439 JLINK_ReadMem (0xE0001034, 0x0004 Bytes, ...) -- CPU is running -- CPU_ReadMem(4 bytes @ 0xE0001034) - Data: 02 00 00 00  returns 0x00 (0001ms, 17887ms total)
T1438 7281:440 JLINK_WriteMem(0xE0001034, 0x0004 Bytes, ...) - Data: 1F 00 00 00 -- CPU is running -- CPU_WriteMem(4 bytes @ 0xE0001034)  returns 0x04 (0001ms, 17888ms total)
T1438 7281:441 JLINK_ReadMem (0xE0001034, 0x0004 Bytes, ...) -- CPU is running -- CPU_ReadMem(4 bytes @ 0xE0001034) - Data: 0F 00 00 00  returns 0x00 (0001ms, 17889ms total)
T1438 7281:442 JLINK_ReadMem (0xE0001044, 0x0004 Bytes, ...) -- CPU is running -- CPU_ReadMem(4 bytes @ 0xE0001044) - Data: 02 00 00 00  returns 0x00 (0001ms, 17890ms total)
T1438 7281:443 JLINK_WriteMem(0xE0001044, 0x0004 Bytes, ...) - Data: 1F 00 00 00 -- CPU is running -- CPU_WriteMem(4 bytes @ 0xE0001044)  returns 0x04 (0001ms, 17891ms total)
T1438 7281:444 JLINK_ReadMem (0xE0001044, 0x0004 Bytes, ...) -- CPU is running -- CPU_ReadMem(4 bytes @ 0xE0001044) - Data: 0F 00 00 00  returns 0x00 (0001ms, 17892ms total)
T1438 7281:445 JLINK_ReadMem (0xE0001054, 0x0004 Bytes, ...) -- CPU is running -- CPU_ReadMem(4 bytes @ 0xE0001054) - Data: 0C 00 00 00  returns 0x00 (0001ms, 17893ms total)
T1438 7281:446 JLINK_WriteMem(0xE0001054, 0x0004 Bytes, ...) - Data: 1F 00 00 00 -- CPU is running -- CPU_WriteMem(4 bytes @ 0xE0001054)  returns 0x04 (0001ms, 17894ms total)
T1438 7281:447 JLINK_ReadMem (0xE0001054, 0x0004 Bytes, ...) -- CPU is running -- CPU_ReadMem(4 bytes @ 0xE0001054) - Data: 0F 00 00 00  returns 0x00 (0001ms, 17895ms total)
T1438 7281:448 JLINK_ReadMem (0xE0001028, 0x0004 Bytes, ...) -- CPU is running -- CPU_ReadMem(4 bytes @ 0xE0001028) - Data: 00 00 00 00  returns 0x00 (0001ms, 17896ms total)
T1438 7281:449 JLINK_ReadMem (0xE0001038, 0x0004 Bytes, ...) -- CPU is running -- CPU_ReadMem(4 bytes @ 0xE0001038) - Data: 00 03 00 00  returns 0x00 (0001ms, 17897ms total)
T1438 7281:450 JLINK_ReadMem (0xE0001048, 0x0004 Bytes, ...) -- CPU is running -- CPU_ReadMem(4 bytes @ 0xE0001048) - Data: 00 00 00 00  returns 0x00 (0001ms, 17898ms total)
T1438 7281:451 JLINK_ReadMem (0xE0001058, 0x0004 Bytes, ...) -- CPU is running -- CPU_ReadMem(4 bytes @ 0xE0001058) - Data: 00 00 00 00  returns 0x00 (0001ms, 17899ms total)
T1438 7281:452 JLINK_WriteMem(0xE0001020, 0x0004 Bytes, ...) - Data: 00 00 00 00 -- CPU is running -- CPU_WriteMem(4 bytes @ 0xE0001020)  returns 0x04 (0001ms, 17900ms total)
T1438 7281:453 JLINK_WriteMem(0xE0001024, 0x0004 Bytes, ...) - Data: 00 00 00 00 -- CPU is running -- CPU_WriteMem(4 bytes @ 0xE0001024)  returns 0x04 (0001ms, 17901ms total)
T1438 7281:454 JLINK_WriteMem(0xE0001028, 0x0004 Bytes, ...) - Data: 00 00 00 00 -- CPU is running -- CPU_WriteMem(4 bytes @ 0xE0001028)  returns 0x04 (0001ms, 17902ms total)
T1438 7281:455 JLINK_WriteMem(0xE0001030, 0x0004 Bytes, ...) - Data: 00 00 00 00 -- CPU is running -- CPU_WriteMem(4 bytes @ 0xE0001030)  returns 0x04 (0001ms, 17903ms total)
T1438 7281:456 JLINK_WriteMem(0xE0001034, 0x0004 Bytes, ...) - Data: 00 00 00 00 -- CPU is running -- CPU_WriteMem(4 bytes @ 0xE0001034)  returns 0x04 (0001ms, 17904ms total)
T1438 7281:457 JLINK_WriteMem(0xE0001038, 0x0004 Bytes, ...) - Data: 00 00 00 00 -- CPU is running -- CPU_WriteMem(4 bytes @ 0xE0001038)  returns 0x04 (0001ms, 17905ms total)
T1438 7281:458 JLINK_WriteMem(0xE0001040, 0x0004 Bytes, ...) - Data: 00 00 00 00 -- CPU is running -- CPU_WriteMem(4 bytes @ 0xE0001040)  returns 0x04 (0001ms, 17906ms total)
T1438 7281:459 JLINK_WriteMem(0xE0001044, 0x0004 Bytes, ...) - Data: 00 00 00 00 -- CPU is running -- CPU_WriteMem(4 bytes @ 0xE0001044)  returns 0x04 (0001ms, 17907ms total)
T1438 7281:460 JLINK_WriteMem(0xE0001048, 0x0004 Bytes, ...) - Data: 00 00 00 00 -- CPU is running -- CPU_WriteMem(4 bytes @ 0xE0001048)  returns 0x04 (0001ms, 17908ms total)
T1438 7281:461 JLINK_WriteMem(0xE0001050, 0x0004 Bytes, ...) - Data: 00 00 00 00 -- CPU is running -- CPU_WriteMem(4 bytes @ 0xE0001050)  returns 0x04 (0000ms, 17908ms total)
T1438 7281:462 JLINK_WriteMem(0xE0001054, 0x0004 Bytes, ...) - Data: 00 00 00 00 -- CPU is running -- CPU_WriteMem(4 bytes @ 0xE0001054)  returns 0x04 (0000ms, 17909ms total)
T1438 7281:463 JLINK_WriteMem(0xE0001058, 0x0004 Bytes, ...) - Data: 00 00 00 00 -- CPU is running -- CPU_WriteMem(4 bytes @ 0xE0001058)  returns 0x04 (0001ms, 17911ms total)
T1438 7281:464 JLINK_WriteVectorCatch(0x00000001) -- CPU is running -- CPU_ReadMem(4 bytes @ 0xE000EDFC) -- CPU is running -- CPU_WriteMem(4 bytes @ 0xE000EDFC)  returns 0x00 (0003ms, 17914ms total)
T1438 7281:467 JLINK_Reset() >0x108 TIF>Found SWD-DP with ID 0x2BA01477 >0x0D TIF> >0x28 TIF> >0x0D TIF> >0x21 TIF> >0x0D TIF> >0x28 TIF> >0x0D TIF> >0x28 TIF> >0x0D TIF> >0x0D TIF> >0x28 TIF> >0x0D TIF> >0x28 TIF> >0x0D TIF> >0x28 TIF> >0x0D TIF> >0x28 TIF> >0x0D TIF> >0x28 TIF> >0x0D TIF> >0x0D TIF> >0x21 TIF> >0x0D TIF> >0x21 TIF> >0x0D TIF> >0x28 TIF> >0x0D TIF> >0x0D TIF> >0x28 TIF> >0x0D TIF> >0x28 TIF> >0x0D TIF> >0x0D TIF> >0x28 TIF> >0x0D TIF> >0x28 TIF> >0x0D TIF> >0x28 TIF> -- CPU is running
 -- CPU_ReadMem(4 bytes @ 0xE0042000) -- CPU is running -- CPU_WriteMem(4 bytes @ 0xE0042000) -- CPU is running -- CPU_ReadMem(4 bytes @ 0x400F0C00) -- CPU is running -- CPU_ReadMem(4 bytes @ 0x400F0800) -- CPU is running -- CPU_WriteMem(4 bytes @ 0x400F081C) -- CPU_WriteMem(4 bytes @ 0xE0002000) -- CPU_ReadMem(4 bytes @ 0xE000EDFC) -- CPU_ReadMem(4 bytes @ 0xE0001000) -- CPU_WriteMem(4 bytes @ 0xE0001000) (0106ms, 18020ms total)
T1438 7281:573 JLINK_JTAG_GetDeviceID(DeviceIndex = 0)  returns 0x00 (0000ms, 18020ms total)
T1438 7281:573 JLINK_ReadMemU32(0x400E0740, 0x0001 Items, ...) -- CPU_ReadMem(4 bytes @ 0x400E0740) - Data: E1 09 0A AB  returns 0x01 (0002ms, 18022ms total)
T1438 7281:578 JLINK_ReadMemHW(0x00016000, 0x0200 Bytes, ...) -- CPU_ReadMem(512 bytes @ 0x00016000) - Data: FF FF FF FF FF FF FF FF FF FF FF FF FF FF FF FF ...  returns 0x00 (0024ms, 18046ms total)
T1438 7281:602 JLINK_ReadMemHW(0x00016A00, 0x0200 Bytes, ...) -- CPU_ReadMem(512 bytes @ 0x00016A00) - Data: FF FF FF FF FF FF FF FF FF FF FF FF FF FF FF FF ...  returns 0x00 (0023ms, 18069ms total)
T1718 7281:666 JLINK_EMU_GetList(InterfaceMask = 0x00000001, MaxInfos = 0x00000032) [0]: USB, S/N: 28010546  returns 0x01 (0000ms, 18069ms total)
T1438 7281:684 JLINK_BeginDownload(Flags = 0x00) (0000ms, 18069ms total)
T1438 7281:684 JLINK_WriteMem(0x00000000, 0x0200 Bytes, ...) - Data: B8 3D 00 20 81 4E 00 00 19 79 00 00 B0 E3 00 00 ...  returns 0x200 (0000ms, 18069ms total)
T1438 7281:684 JLINK_WriteMem(0x00000200, 0x0200 Bytes, ...) - Data: 08 49 AF F3 00 80 08 48 03 68 13 B1 07 4B 03 B1 ...  returns 0x200 (0000ms, 18069ms total)
T1438 7281:684 JLINK_WriteMem(0x00000400, 0x0200 Bytes, ...) - Data: 27 4B 98 47 0F E0 FB 7D 18 46 02 21 26 4B 98 47 ...  returns 0x200 (0000ms, 18069ms total)
T1438 7281:684 JLINK_WriteMem(0x00000600, 0x0200 Bytes, ...) - Data: 98 47 33 4B 32 22 9A 60 31 4B 00 22 1A 73 30 4B ...  returns 0x200 (0000ms, 18069ms total)
T1438 7281:684 JLINK_WriteMem(0x00000800, 0x0200 Bytes, ...) - Data: C0 0C 00 20 80 B4 85 B0 00 AF 02 46 0B 46 FA 71 ...  returns 0x200 (0000ms, 18069ms total)
T1438 7281:684 JLINK_WriteMem(0x00000A00, 0x0200 Bytes, ...) - Data: 1A 70 FB 89 01 33 FB 81 FB 89 0F 2B D0 D9 00 23 ...  returns 0x200 (0000ms, 18069ms total)
T1438 7281:684 JLINK_WriteMem(0x00000C00, 0x0200 Bytes, ...) - Data: 13 46 1B 01 9B 1A 03 44 0B 44 1B 78 00 2B 3B D0 ...  returns 0x200 (0000ms, 18069ms total)
T1438 7281:684 JLINK_WriteMem(0x00000E00, 0x0200 Bytes, ...) - Data: 01 33 7B 71 7B 79 3F 2B D5 D9 3B 79 10 4A 02 21 ...  returns 0x200 (0000ms, 18069ms total)
T1438 7281:684 JLINK_WriteMem(0x00001000, 0x0200 Bytes, ...) - Data: 91 68 1C 60 58 60 99 60 91 89 92 7B 99 81 9A 73 ...  returns 0x200 (0000ms, 18069ms total)
T1438 7281:684 JLINK_WriteMem(0x00001200, 0x0200 Bytes, ...) - Data: 4F F0 00 00 61 49 A0 47 02 46 0B 46 14 46 1D 46 ...  returns 0x200 (0000ms, 18069ms total)
T1438 7281:684 JLINK_WriteMem(0x00001400, 0x0200 Bytes, ...) - Data: DB 78 0B 44 03 2B D4 BF 00 23 01 23 D9 B2 16 48 ...  returns 0x200 (0000ms, 18069ms total)
T1438 7281:684 JLINK_WriteMem(0x00001600, 0x0200 Bytes, ...) - Data: 8B 18 00 22 5A 70 FA 79 33 49 13 46 5B 00 13 44 ...  returns 0x200 (0000ms, 18069ms total)
T1438 7281:684 JLINK_WriteMem(0x00001800, 0x0200 Bytes, ...) - Data: 13 44 DA 00 D2 1A 83 18 10 33 0A 46 DA 70 16 E0 ...  returns 0x200 (0000ms, 18069ms total)
T1438 7281:684 JLINK_WriteMem(0x00001A00, 0x0200 Bytes, ...) - Data: DD 32 00 00 80 B4 83 B0 00 AF 03 46 39 60 FB 71 ...  returns 0x200 (0000ms, 18069ms total)
T1438 7281:684 JLINK_WriteMem(0x00001C00, 0x0200 Bytes, ...) - Data: 81 30 03 F1 0B 02 FB 68 C3 F8 81 20 FB 68 00 22 ...  returns 0x200 (0000ms, 18069ms total)
T1438 7281:684 JLINK_WriteMem(0x00001E00, 0x0200 Bytes, ...) - Data: 53 7C 61 F3 07 13 53 74 FB 68 D3 F8 81 10 7B 68 ...  returns 0x200 (0000ms, 18069ms total)
T1438 7281:684 JLINK_WriteMem(0x00002000, 0x0200 Bytes, ...) - Data: C3 F8 01 20 0E 4B B3 F8 48 30 01 33 9A B2 0C 4B ...  returns 0x200 (0000ms, 18069ms total)
T1438 7281:684 JLINK_WriteMem(0x00002200, 0x0200 Bytes, ...) - Data: 00 AF 78 60 7B 68 5A 78 7B 68 02 33 19 46 7B 68 ...  returns 0x200 (0000ms, 18069ms total)
T1438 7281:684 JLINK_WriteMem(0x00002400, 0x0200 Bytes, ...) - Data: A3 F8 0F 20 FB 68 D3 F8 81 30 BB 60 BB 68 00 22 ...  returns 0x200 (0000ms, 18069ms total)
T1438 7281:684 JLINK_WriteMem(0x00002600, 0x0200 Bytes, ...) - Data: 1B 78 00 2B 04 D1 78 68 04 4B 98 47 03 46 00 E0 ...  returns 0x200 (0000ms, 18069ms total)
T1438 7281:684 JLINK_WriteMem(0x00002800, 0x0200 Bytes, ...) - Data: 0D 30 9B B2 9A 42 09 D0 3B 69 5B 7A C3 F3 80 03 ...  returns 0x200 (0000ms, 18069ms total)
T1438 7281:684 JLINK_WriteMem(0x00002A00, 0x0200 Bytes, ...) - Data: 1C 4B 9B 68 00 2B 01 D1 00 23 2F E0 7B 68 B3 F8 ...  returns 0x200 (0000ms, 18069ms total)
T1438 7281:684 JLINK_WriteMem(0x00002C00, 0x0200 Bytes, ...) - Data: 00 22 1A 70 00 22 62 F0 7F 02 5A 70 0C 4B 5B 79 ...  returns 0x200 (0000ms, 18069ms total)
T1438 7281:684 JLINK_WriteMem(0x00002E00, 0x0200 Bytes, ...) - Data: FB 68 1A 71 10 37 BD 46 80 BD 00 BF A1 1F 00 00 ...  returns 0x200 (0000ms, 18069ms total)
T1438 7281:684 JLINK_WriteMem(0x00003000, 0x0200 Bytes, ...) - Data: 7B 60 7A E0 7B 68 1B 78 12 3B 05 2B 74 D8 01 A2 ...  returns 0x200 (0000ms, 18069ms total)
T1438 7281:684 JLINK_WriteMem(0x00003200, 0x0200 Bytes, ...) - Data: 00 F0 B0 F9 03 46 FB 71 FB 79 63 F0 7F 03 DB B2 ...  returns 0x200 (0000ms, 18069ms total)
T1438 7281:684 JLINK_WriteMem(0x00003400, 0x0200 Bytes, ...) - Data: 3C 24 00 20 80 B5 82 B0 00 AF 78 60 0B 20 00 21 ...  returns 0x200 (0000ms, 18069ms total)
T1438 7281:684 JLINK_WriteMem(0x00003600, 0x0200 Bytes, ...) - Data: B1 FF 03 46 FB 73 FB 7B 63 F0 7F 03 DB B2 04 20 ...  returns 0x200 (0000ms, 18069ms total)
T1438 7281:684 JLINK_WriteMem(0x00003800, 0x0200 Bytes, ...) - Data: BD 46 5D F8 04 7B 70 47 C8 01 00 20 80 B4 83 B0 ...  returns 0x200 (0001ms, 18070ms total)
T1438 7281:685 JLINK_WriteMem(0x00003A00, 0x0200 Bytes, ...) - Data: BD 46 80 BD 38 2C 00 20 C4 24 00 20 80 B4 87 B0 ...  returns 0x200 (0000ms, 18070ms total)
T1438 7281:685 JLINK_WriteMem(0x00003C00, 0x0200 Bytes, ...) - Data: 00 00 01 40 8D 7F 00 00 80 B5 82 B0 00 AF 16 48 ...  returns 0x200 (0000ms, 18070ms total)
T1438 7281:685 JLINK_WriteMem(0x00003E00, 0x0200 Bytes, ...) - Data: 98 47 80 BD 3C 2C 00 20 80 B5 00 AF 03 4B 1B 68 ...  returns 0x200 (0000ms, 18070ms total)
T1438 7281:685 JLINK_WriteMem(0x00004000, 0x0200 Bytes, ...) - Data: 61 4C 00 00 C8 24 00 20 F0 24 00 20 F1 4C 00 00 ...  returns 0x200 (0000ms, 18070ms total)
T1438 7281:685 JLINK_WriteMem(0x00004200, 0x0200 Bytes, ...) - Data: 04 7B 70 47 98 2D 00 20 80 B5 84 B0 00 AF 03 46 ...  returns 0x200 (0000ms, 18070ms total)
T1438 7281:685 JLINK_WriteMem(0x00004400, 0x0200 Bytes, ...) - Data: 00 08 0E 40 00 04 0F 40 80 B5 82 B0 00 AF 03 46 ...  returns 0x200 (0000ms, 18070ms total)
T1438 7281:685 JLINK_WriteMem(0x00004600, 0x0200 Bytes, ...) - Data: 1A 70 7B 68 18 46 0C 37 BD 46 5D F8 04 7B 70 47 ...  returns 0x200 (0000ms, 18070ms total)
T1438 7281:685 JLINK_WriteMem(0x00004800, 0x0200 Bytes, ...) - Data: BA 69 02 F0 1F 02 01 21 01 FA 02 F2 5A 65 15 E0 ...  returns 0x200 (0000ms, 18070ms total)
T1438 7281:685 JLINK_WriteMem(0x00004A00, 0x0200 Bytes, ...) - Data: E1 FE 80 BD 75 00 00 20 80 B5 84 B0 00 AF 03 46 ...  returns 0x200 (0000ms, 18070ms total)
T1438 7281:685 JLINK_WriteMem(0x00004C00, 0x0200 Bytes, ...) - Data: 00 AF 78 60 0B 46 FB 70 FF F7 E8 FC 03 46 FB 73 ...  returns 0x200 (0000ms, 18070ms total)
T1438 7281:685 JLINK_WriteMem(0x00004E00, 0x0200 Bytes, ...) - Data: 98 47 18 E0 3B 68 5A 1C 3A 60 15 48 19 46 01 22 ...  returns 0x200 (0000ms, 18070ms total)
T1438 7281:685 JLINK_WriteMem(0x00005000, 0x0200 Bytes, ...) - Data: 80 B4 83 B0 00 AF 78 60 39 60 00 BF 0C 37 BD 46 ...  returns 0x200 (0000ms, 18070ms total)
T1438 7281:685 JLINK_WriteMem(0x00005200, 0x0200 Bytes, ...) - Data: 00 AF 78 60 7B 68 9B 68 03 F0 80 73 00 2B 0C BF ...  returns 0x200 (0000ms, 18070ms total)
T1438 7281:685 JLINK_WriteMem(0x00005400, 0x0200 Bytes, ...) - Data: 01 02 7B 68 1A 64 42 F2 10 73 FB 60 07 E0 FB 68 ...  returns 0x200 (0000ms, 18070ms total)
T1438 7281:685 JLINK_WriteMem(0x00005600, 0x0200 Bytes, ...) - Data: 08 E0 BB 78 1B 02 9A B2 7B 78 03 F0 1F 03 1A 43 ...  returns 0x200 (0000ms, 18070ms total)
T1438 7281:685 JLINK_WriteMem(0x00005800, 0x0200 Bytes, ...) - Data: 21 58 00 00 29 58 00 00 33 58 00 00 7B 68 4F F4 ...  returns 0x200 (0000ms, 18070ms total)
T1438 7281:685 JLINK_WriteMem(0x00005A00, 0x0200 Bytes, ...) - Data: 0B 46 FB 70 00 BF 78 68 FF F7 F8 FB 03 46 00 2B ...  returns 0x200 (0000ms, 18070ms total)
T1438 7281:685 JLINK_WriteMem(0x00005C00, 0x0200 Bytes, ...) - Data: FB 68 43 F0 04 03 FB 60 05 4B 06 4A 9A 61 7B 68 ...  returns 0x200 (0000ms, 18070ms total)
T1438 7281:685 JLINK_WriteMem(0x00005E00, 0x0200 Bytes, ...) - Data: 80 B4 83 B0 00 AF 78 60 7B 68 DB 68 18 46 0C 37 ...  returns 0x200 (0000ms, 18070ms total)
T1438 7281:685 JLINK_WriteMem(0x00006000, 0x0200 Bytes, ...) - Data: 40 23 7B 81 60 23 BB 81 80 23 FB 81 C0 23 3B 82 ...  returns 0x200 (0000ms, 18070ms total)
T1438 7281:685 JLINK_WriteMem(0x00006200, 0x0200 Bytes, ...) - Data: 01 02 0A 40 1A 60 0C 37 BD 46 5D F8 04 7B 70 47 ...  returns 0x200 (0000ms, 18070ms total)
T1438 7281:685 JLINK_WriteMem(0x00006400, 0x0200 Bytes, ...) - Data: FF 31 FF F7 C1 FF 80 BD 80 B5 00 AF 06 20 4F F0 ...  returns 0x200 (0000ms, 18070ms total)
T1438 7281:685 JLINK_WriteMem(0x00006600, 0x0200 Bytes, ...) - Data: 49 F1 FF 33 02 EA 04 02 03 EA 05 03 10 46 19 46 ...  returns 0x200 (0000ms, 18070ms total)
T1438 7281:685 JLINK_WriteMem(0x00006800, 0x0200 Bytes, ...) - Data: 01 23 DB B2 00 E0 01 23 18 46 18 37 BD 46 B0 BD ...  returns 0x200 (0000ms, 18070ms total)
T1438 7281:685 JLINK_WriteMem(0x00006A00, 0x0200 Bytes, ...) - Data: C1 FF 0D 4B 1B 68 7A 69 13 43 7B 61 3B 69 01 33 ...  returns 0x200 (0000ms, 18070ms total)
T1438 7281:685 JLINK_WriteMem(0x00006C00, 0x0200 Bytes, ...) - Data: 00 AF 78 60 01 20 79 68 FF F7 BE FB 08 37 BD 46 ...  returns 0x200 (0000ms, 18070ms total)
T1438 7281:685 JLINK_WriteMem(0x00006E00, 0x0200 Bytes, ...) - Data: 01 D2 FB 6A 06 E0 7B 6D 23 F4 FF 73 23 F0 01 03 ...  returns 0x200 (0000ms, 18070ms total)
T1438 7281:685 JLINK_WriteMem(0x00007000, 0x0200 Bytes, ...) - Data: FF F7 30 FE 09 4B 1B 68 7A 6E 13 43 7B 66 7A 6D ...  returns 0x200 (0000ms, 18070ms total)
T1438 7281:685 JLINK_WriteMem(0x00007200, 0x0200 Bytes, ...) - Data: 03 46 00 2B FA D1 04 4B 7A 68 5A 62 02 4B 01 22 ...  returns 0x200 (0000ms, 18070ms total)
T1438 7281:685 JLINK_WriteMem(0x00007400, 0x0200 Bytes, ...) - Data: FB 7D 13 44 DB B2 19 33 DB B2 BB 75 13 4B 1A 68 ...  returns 0x200 (0000ms, 18070ms total)
T1438 7281:685 JLINK_WriteMem(0x00007600, 0x0200 Bytes, ...) - Data: 5D F8 04 7B 70 47 00 BF 00 E1 00 E0 80 B4 83 B0 ...  returns 0x200 (0000ms, 18070ms total)
T1438 7281:685 JLINK_WriteMem(0x00007800, 0x0200 Bytes, ...) - Data: 07 D1 FB 68 1A 6A FB 7A 01 21 01 FA 03 F3 13 43 ...  returns 0x200 (0000ms, 18070ms total)
T1438 7281:685 JLINK_WriteMem(0x00007A00, 0x0200 Bytes, ...) - Data: 7B 68 5A 60 0C 37 BD 46 5D F8 04 7B 70 47 00 BF ...  returns 0x200 (0001ms, 18071ms total)
T1438 7281:686 JLINK_WriteMem(0x00007C00, 0x0200 Bytes, ...) - Data: 7B 68 00 2B 18 D1 FB 68 BA 68 0C 32 53 F8 22 30 ...  returns 0x200 (0000ms, 18071ms total)
T1438 7281:686 JLINK_WriteMem(0x00007E00, 0x0200 Bytes, ...) - Data: 7B 69 1B 6A 7B 69 7A 68 5A 60 1C 37 BD 46 5D F8 ...  returns 0x200 (0000ms, 18071ms total)
T1438 7281:686 JLINK_WriteMem(0x00008000, 0x0200 Bytes, ...) - Data: 80 B4 85 B0 00 AF 78 60 39 60 3B 68 9B 01 7A 68 ...  returns 0x200 (0000ms, 18071ms total)
T1438 7281:686 JLINK_WriteMem(0x00008200, 0x0200 Bytes, ...) - Data: 70 47 00 BF 00 ED 00 E0 00 E1 00 E0 80 B4 83 B0 ...  returns 0x200 (0000ms, 18071ms total)
T1438 7281:686 JLINK_WriteMem(0x00008400, 0x0200 Bytes, ...) - Data: D2 F8 00 28 42 F4 80 42 C3 F8 00 28 00 20 FF F7 ...  returns 0x200 (0000ms, 18071ms total)
T1438 7281:686 JLINK_WriteMem(0x00008600, 0x0200 Bytes, ...) - Data: 80 B5 82 B0 00 AF FF F7 01 FE 78 60 01 20 FF F7 ...  returns 0x200 (0000ms, 18071ms total)
T1438 7281:686 JLINK_WriteMem(0x00008800, 0x0200 Bytes, ...) - Data: 00 2B 01 D0 00 23 47 E0 FB 7B 9A 00 26 4B 13 44 ...  returns 0x200 (0000ms, 18071ms total)
T1438 7281:686 JLINK_WriteMem(0x00008A00, 0x0200 Bytes, ...) - Data: 08 26 00 20 C0 51 0A 40 20 52 0A 40 30 51 0A 40 ...  returns 0x200 (0000ms, 18071ms total)
T1438 7281:686 JLINK_WriteMem(0x00008C00, 0x0200 Bytes, ...) - Data: BD 46 80 BD 00 50 0A 40 F0 51 0A 40 08 26 00 20 ...  returns 0x200 (0000ms, 18071ms total)
T1438 7281:686 JLINK_WriteMem(0x00008E00, 0x0200 Bytes, ...) - Data: 0B DA 1B 4B 00 22 1A 80 1A 4B 00 22 1A 80 12 4B ...  returns 0x200 (0000ms, 18071ms total)
T1438 7281:686 JLINK_WriteMem(0x00009000, 0x0200 Bytes, ...) - Data: 45 4B 1B 88 19 46 FB 88 0B 44 9A 42 05 DA 41 4B ...  returns 0x200 (0000ms, 18071ms total)
T1438 7281:686 JLINK_WriteMem(0x00009200, 0x0200 Bytes, ...) - Data: 78 68 FF F7 2F F8 08 37 BD 46 80 BD 00 26 00 20 ...  returns 0x200 (0000ms, 18071ms total)
T1438 7281:686 JLINK_WriteMem(0x00009400, 0x0200 Bytes, ...) - Data: FB 68 9B 68 9A 42 07 D1 FB 68 1B 7C C3 F3 40 03 ...  returns 0x200 (0000ms, 18071ms total)
T1438 7281:686 JLINK_WriteMem(0x00009600, 0x0200 Bytes, ...) - Data: 3A 8A 47 F6 FF 73 93 FB F2 F1 02 FB 01 F2 9B 1A ...  returns 0x200 (0000ms, 18071ms total)
T1438 7281:686 JLINK_WriteMem(0x00009800, 0x0200 Bytes, ...) - Data: A3 FB 02 13 5B 0A FB 60 08 E0 FF F7 DD FF 03 46 ...  returns 0x200 (0000ms, 18071ms total)
T1438 7281:686 JLINK_WriteMem(0x00009A00, 0x0200 Bytes, ...) - Data: 01 03 00 2B F9 D1 F8 68 02 4B 98 47 10 37 BD 46 ...  returns 0x200 (0000ms, 18071ms total)
T1438 7281:686 JLINK_WriteMem(0x00009C00, 0x0200 Bytes, ...) - Data: 00 2B 0C BF 00 23 01 23 DB B2 2A E0 19 4B 5B 6A ...  returns 0x200 (0000ms, 18071ms total)
T1438 7281:686 JLINK_WriteMem(0x00009E00, 0x0200 Bytes, ...) - Data: 70 47 00 BF 00 08 0E 40 80 B5 82 B0 00 AF 03 46 ...  returns 0x200 (0000ms, 18071ms total)
T1438 7281:686 JLINK_WriteMem(0x0000A000, 0x0200 Bytes, ...) - Data: 5D E0 03 20 FF F7 D4 FD 03 46 83 F0 01 03 DB B2 ...  returns 0x200 (0000ms, 18071ms total)
T1438 7281:686 JLINK_WriteMem(0x0000A200, 0x0200 Bytes, ...) - Data: 00 F0 68 F8 08 37 BD 46 80 BD 00 BF 80 B4 85 B0 ...  returns 0x200 (0000ms, 18071ms total)
T1438 7281:686 JLINK_WriteMem(0x0000A400, 0x0200 Bytes, ...) - Data: 00 00 0E 40 80 B5 82 B0 00 AF 78 60 7B 68 6C 4A ...  returns 0x200 (0000ms, 18071ms total)
T1438 7281:686 JLINK_WriteMem(0x0000A600, 0x0200 Bytes, ...) - Data: 00 00 06 40 00 40 06 40 00 C0 06 40 00 00 07 40 ...  returns 0x200 (0000ms, 18071ms total)
T1438 7281:686 JLINK_WriteMem(0x0000A800, 0x0200 Bytes, ...) - Data: 7E 4A 93 42 00 F0 24 81 7C 4A 93 42 08 D8 7C 4A ...  returns 0x200 (0000ms, 18071ms total)
T1438 7281:686 JLINK_WriteMem(0x0000AA00, 0x0200 Bytes, ...) - Data: 00 04 0F 40 00 08 0F 40 00 10 0F 40 00 14 0F 40 ...  returns 0x200 (0000ms, 18071ms total)
T1438 7281:686 JLINK_WriteMem(0x0000AC00, 0x0200 Bytes, ...) - Data: 93 42 00 F0 B2 80 80 4A 93 42 00 F0 B2 80 28 E1 ...  returns 0x200 (0000ms, 18071ms total)
T1438 7281:686 JLINK_WriteMem(0x0000AE00, 0x0200 Bytes, ...) - Data: 00 04 0E 40 00 0C 0E 40 00 10 0E 40 00 0C 0F 40 ...  returns 0x200 (0000ms, 18071ms total)
T1438 7281:686 JLINK_WriteMem(0x0000B000, 0x0200 Bytes, ...) - Data: 14 4B BB 60 7B 69 7B 60 01 23 3B 60 3B 68 00 2B ...  returns 0x200 (0000ms, 18071ms total)
T1438 7281:686 JLINK_WriteMem(0x0000B200, 0x0200 Bytes, ...) - Data: 03 F0 01 03 00 2B 0C BF 00 23 01 23 DB B2 02 E0 ...  returns 0x200 (0000ms, 18071ms total)
T1438 7281:686 JLINK_WriteMem(0x0000B400, 0x0200 Bytes, ...) - Data: 10 46 19 46 FF F7 4A FF 14 4B 01 22 1A 64 00 BF ...  returns 0x200 (0000ms, 18071ms total)
T1438 7281:686 JLINK_WriteMem(0x0000B600, 0x0200 Bytes, ...) - Data: 0E 4B 7A 68 52 69 DA 62 38 69 FF F7 59 FD 00 BF ...  returns 0x200 (0000ms, 18071ms total)
T1438 7281:686 JLINK_WriteMem(0x0000B800, 0x0200 Bytes, ...) - Data: 28 00 00 AA 80 B5 8A B0 00 AF 78 60 1D 4B 9B 6A ...  returns 0x200 (0000ms, 18071ms total)
T1438 7281:686 JLINK_WriteMem(0x0000BA00, 0x0200 Bytes, ...) - Data: 07 4A 9A 61 05 4B 3A 68 42 F0 05 02 5A 62 78 68 ...  returns 0x200 (0001ms, 18072ms total)
T1438 7281:687 JLINK_WriteMem(0x0000BC00, 0x0200 Bytes, ...) - Data: C8 01 00 20 80 B4 83 B0 00 AF 78 60 7B 68 00 2B ...  returns 0x200 (0000ms, 18072ms total)
T1438 7281:687 JLINK_WriteMem(0x0000BE00, 0x0200 Bytes, ...) - Data: 00 AF 78 60 7B 68 5B 68 43 F0 10 02 7B 68 5A 60 ...  returns 0x200 (0000ms, 18072ms total)
T1438 7281:687 JLINK_WriteMem(0x0000C000, 0x0200 Bytes, ...) - Data: 01 03 00 2B 14 BF 00 23 01 23 DB B2 F8 68 11 46 ...  returns 0x200 (0000ms, 18072ms total)
T1438 7281:687 JLINK_WriteMem(0x0000C200, 0x0200 Bytes, ...) - Data: 00 AF 78 60 0B 46 FB 70 FF F7 E6 FF F8 60 7B 68 ...  returns 0x200 (0000ms, 18072ms total)
T1438 7281:687 JLINK_WriteMem(0x0000C400, 0x0200 Bytes, ...) - Data: 10 37 BD 46 80 BD 00 BF 50 26 00 20 4C 26 00 20 ...  returns 0x200 (0000ms, 18072ms total)
T1438 7281:687 JLINK_WriteMem(0x0000C600, 0x0200 Bytes, ...) - Data: 0D 4B DB 88 00 2B 01 D0 00 23 12 E0 0A 4B 5B 88 ...  returns 0x200 (0000ms, 18072ms total)
T1438 7281:687 JLINK_WriteMem(0x0000C800, 0x0200 Bytes, ...) - Data: 04 48 01 21 04 4B 98 47 01 23 18 46 80 BD 00 BF ...  returns 0x200 (0000ms, 18072ms total)
T1438 7281:687 JLINK_WriteMem(0x0000CA00, 0x0200 Bytes, ...) - Data: 0B E0 FF F7 6F FD 03 46 7C E0 FF F7 95 FE 03 46 ...  returns 0x200 (0000ms, 18072ms total)
T1438 7281:687 JLINK_WriteMem(0x0000CC00, 0x0200 Bytes, ...) - Data: FB 79 01 33 FB 71 08 4B 1B 68 1B 68 1B 79 FA 79 ...  returns 0x200 (0000ms, 18072ms total)
T1438 7281:687 JLINK_WriteMem(0x0000CE00, 0x0200 Bytes, ...) - Data: DB 00 9B 1A 0B 44 00 22 1A 71 BA 79 15 49 13 46 ...  returns 0x200 (0000ms, 18072ms total)
T1438 7281:687 JLINK_WriteMem(0x0000D000, 0x0200 Bytes, ...) - Data: 00 2B 24 DB 14 4B 1B 78 03 F0 60 03 20 2B 1E D1 ...  returns 0x200 (0000ms, 18072ms total)
T1438 7281:687 JLINK_WriteMem(0x0000D200, 0x0200 Bytes, ...) - Data: 09 D2 00 00 19 8A 00 00 80 B5 84 B0 00 AF 39 60 ...  returns 0x200 (0000ms, 18072ms total)
T1438 7281:687 JLINK_WriteMem(0x0000D400, 0x0200 Bytes, ...) - Data: 40 00 02 44 23 F8 12 10 FB 7B 0A 4A 00 21 D1 54 ...  returns 0x200 (0000ms, 18072ms total)
T1438 7281:687 JLINK_WriteMem(0x0000D600, 0x0200 Bytes, ...) - Data: 23 F8 12 10 7B 7D 00 2B 02 D1 81 23 BB 75 02 E0 ...  returns 0x200 (0000ms, 18072ms total)
T1438 7281:687 JLINK_WriteMem(0x0000D800, 0x0200 Bytes, ...) - Data: C3 FF 03 46 00 2B 0C BF 00 23 01 23 DB B2 18 46 ...  returns 0x200 (0000ms, 18072ms total)
T1438 7281:687 JLINK_WriteMem(0x0000DA00, 0x0200 Bytes, ...) - Data: 00 2B 00 D0 97 E7 00 23 18 46 28 37 BD 46 80 BD ...  returns 0x200 (0000ms, 18072ms total)
T1438 7281:687 JLINK_WriteMem(0x0000DC00, 0x0200 Bytes, ...) - Data: FB 7D 00 2B 05 D0 00 23 FB 75 3B 68 1B 12 3B 60 ...  returns 0x200 (0000ms, 18072ms total)
T1438 7281:687 JLINK_WriteMem(0x0000DE00, 0x0200 Bytes, ...) - Data: 19 68 BB 68 58 1C B8 60 1B 78 08 46 19 46 90 47 ...  returns 0x200 (0000ms, 18072ms total)
T1438 7281:687 JLINK_WriteMem(0x0000E000, 0x0200 Bytes, ...) - Data: BB 62 FB 6A 7B 62 7B 6A 5A 09 FB 6A 3B 62 3B 6A ...  returns 0x200 (0000ms, 18072ms total)
T1438 7281:687 JLINK_WriteMem(0x0000E200, 0x0200 Bytes, ...) - Data: 3B 62 3B 6A 5B 09 FB 61 FB 69 03 F5 00 13 03 F5 ...  returns 0x200 (0000ms, 18072ms total)
T1438 7281:687 JLINK_WriteMem(0x0000E400, 0x0200 Bytes, ...) - Data: 59 68 02 F1 01 02 80 18 18 81 43 F6 89 43 C0 F2 ...  returns 0x200 (0000ms, 18072ms total)
T1438 7281:687 JLINK_WriteMem(0x0000E600, 0x0200 Bytes, ...) - Data: 39 46 30 46 BD E8 F0 87 10 46 19 46 BD E8 F0 87 ...  returns 0x200 (0000ms, 18072ms total)
T1438 7281:687 JLINK_WriteMem(0x0000E800, 0x0200 Bytes, ...) - Data: 04 F0 29 46 30 BD 94 F0 00 0F 83 F4 80 13 06 BF ...  returns 0x200 (0000ms, 18072ms total)
T1438 7281:687 JLINK_WriteMem(0x0000EA00, 0x0200 Bytes, ...) - Data: 64 F5 40 74 04 D2 5F EA 4E 0E 6D 41 46 EB 06 06 ...  returns 0x200 (0000ms, 18072ms total)
T1438 7281:687 JLINK_WriteMem(0x0000EC00, 0x0200 Bytes, ...) - Data: 00 F0 A7 F8 A4 EB 05 04 81 EA 03 0E 52 EA 03 35 ...  returns 0x200 (0000ms, 18072ms total)
T1438 7281:687 JLINK_WriteMem(0x0000EE00, 0x0200 Bytes, ...) - Data: 03 0F 58 BF 99 42 08 BF 90 42 2C BF D8 17 6F EA ...  returns 0x200 (0000ms, 18072ms total)
T1438 7281:687 JLINK_WriteMem(0x0000F000, 0x0200 Bytes, ...) - Data: 49 42 92 EA 03 0F 3F D0 A2 F1 01 02 41 FA 03 FC ...  returns 0x200 (0000ms, 18072ms total)
T1438 7281:687 JLINK_WriteMem(0x0000F200, 0x0200 Bytes, ...) - Data: 3E BF 49 00 41 EA D3 71 5B 00 40 EA 01 00 62 F1 ...  returns 0x200 (0000ms, 18072ms total)
T1438 7281:687 JLINK_WriteMem(0x0000F400, 0x0200 Bytes, ...) - Data: 00 4C 02 BF 49 00 11 F4 00 0F 01 3B F9 D0 41 EA ...  returns 0x200 (0000ms, 18072ms total)
T1438 7281:687 JLINK_WriteMem(0x0000F600, 0x0200 Bytes, ...) - Data: CB 45 80 F0 1E 81 5F 46 AF 42 17 D9 C4 EB 07 0A ...  returns 0x200 (0000ms, 18072ms total)
T1438 7281:687 JLINK_WriteMem(0x0000F800, 0x0200 Bytes, ...) - Data: 0B 08 12 1B 42 45 28 BF 42 46 00 2A 09 DD 38 46 ...  returns 0x200 (0000ms, 18072ms total)
T1438 7281:687 JLINK_WriteMem(0x0000FA00, 0x0200 Bytes, ...) - Data: 02 9B 00 22 1A 70 1C B0 5D F8 04 EB 03 B0 70 47 ...  returns 0x200 (0000ms, 18072ms total)
T1438 7281:687 JLINK_WriteMem(0x0000FC00, 0x0200 Bytes, ...) - Data: D8 F8 00 90 0B 92 08 F1 04 01 B9 F1 00 0F 88 46 ...  returns 0x200 (0000ms, 18072ms total)
T1438 7281:687 JLINK_WriteMem(0x0000FE00, 0x0200 Bytes, ...) - Data: C5 EB 03 03 09 93 41 D1 2D E0 DD F8 1C C0 46 2C ...  returns 0x200 (0001ms, 18073ms total)
T1438 7281:688 JLINK_WriteMem(0x00010000, 0x0200 Bytes, ...) - Data: 90 46 F0 E7 D8 F8 00 40 00 25 90 46 76 E0 30 23 ...  returns 0x200 (0000ms, 18073ms total)
T1438 7281:688 JLINK_WriteMem(0x00010200, 0x0200 Bytes, ...) - Data: 77 30 00 2D 00 F0 88 83 8D F8 A0 50 00 25 8D F8 ...  returns 0x200 (0000ms, 18073ms total)
T1438 7281:688 JLINK_WriteMem(0x00010400, 0x0200 Bytes, ...) - Data: 07 2B 26 93 01 DC 08 36 08 E0 50 46 59 46 25 AA ...  returns 0x200 (0000ms, 18073ms total)
T1438 7281:688 JLINK_WriteMem(0x00010600, 0x0200 Bytes, ...) - Data: 27 93 26 9B 01 33 07 2B 86 E8 02 02 26 93 01 DC ...  returns 0x200 (0000ms, 18073ms total)
T1438 7281:688 JLINK_WriteMem(0x00010800, 0x0200 Bytes, ...) - Data: 18 00 27 9B 09 9C 01 3B 23 44 33 E0 00 2C 34 DD ...  returns 0x200 (0000ms, 18073ms total)
T1438 7281:688 JLINK_WriteMem(0x00010A00, 0x0200 Bytes, ...) - Data: 25 2A F5 D1 F8 E7 27 9B 0B 99 2B 44 27 93 26 9B ...  returns 0x200 (0000ms, 18073ms total)
T1438 7281:688 JLINK_WriteMem(0x00010C00, 0x0200 Bytes, ...) - Data: 8D F8 A0 30 00 25 8D F8 77 50 08 F1 04 08 B8 E2 ...  returns 0x200 (0000ms, 18073ms total)
T1438 7281:688 JLINK_WriteMem(0x00010E00, 0x0200 Bytes, ...) - Data: 42 DC 1F 9B 08 9C 8D F8 84 40 01 3B 00 2B 1F 93 ...  returns 0x200 (0000ms, 18073ms total)
T1438 7281:688 JLINK_WriteMem(0x00011000, 0x0200 Bytes, ...) - Data: 78 06 02 D5 B8 F8 00 40 01 E0 D8 F8 00 40 00 25 ...  returns 0x200 (0000ms, 18073ms total)
T1438 7281:688 JLINK_WriteMem(0x00011200, 0x0200 Bytes, ...) - Data: 40 F0 49 83 32 AE AC F1 10 0C DE E7 27 9B C6 F8 ...  returns 0x200 (0000ms, 18073ms total)
T1438 7281:688 JLINK_WriteMem(0x00011400, 0x0200 Bytes, ...) - Data: 01 33 07 2B 26 93 01 DC 08 36 08 E0 50 46 49 46 ...  returns 0x200 (0000ms, 18073ms total)
T1438 7281:688 JLINK_WriteMem(0x00011600, 0x0200 Bytes, ...) - Data: 00 28 40 F0 48 81 32 AE 1F 9B 09 98 07 9A 83 42 ...  returns 0x200 (0000ms, 18073ms total)
T1438 7281:688 JLINK_WriteMem(0x00011800, 0x0200 Bytes, ...) - Data: A0 42 AC BF 2D 18 2D 19 0F 95 00 2B 37 D0 30 E0 ...  returns 0x200 (0000ms, 18073ms total)
T1438 7281:688 JLINK_WriteMem(0x00011A00, 0x0200 Bytes, ...) - Data: 02 46 03 46 03 F0 80 B9 2D E9 F7 4F 03 69 0C 69 ...  returns 0x200 (0000ms, 18073ms total)
T1438 7281:688 JLINK_WriteMem(0x00011C00, 0x0200 Bytes, ...) - Data: A6 F2 FF 36 CD F8 54 80 1C E0 19 9B 18 9E 1E 44 ...  returns 0x200 (0000ms, 18073ms total)
T1438 7281:688 JLINK_WriteMem(0x00011E00, 0x0200 Bytes, ...) - Data: 00 F2 6A 81 00 2C 00 F0 67 81 DD E9 04 01 B9 F1 ...  returns 0x200 (0000ms, 18073ms total)
T1438 7281:688 JLINK_WriteMem(0x00012000, 0x0200 Bytes, ...) - Data: 09 4B FC F7 C5 FC 00 22 04 46 0D 46 30 46 39 46 ...  returns 0x200 (0000ms, 18073ms total)
T1438 7281:688 JLINK_WriteMem(0x00012200, 0x0200 Bytes, ...) - Data: AF 42 01 DB 7D 1B 06 E0 0E 9F 0E 95 EB 1B 11 9F ...  returns 0x200 (0000ms, 18073ms total)
T1438 7281:688 JLINK_WriteMem(0x00012400, 0x0200 Bytes, ...) - Data: 2C 46 09 9F 31 23 07 F1 01 08 3B 70 09 F1 01 09 ...  returns 0x200 (0000ms, 18073ms total)
T1438 7281:688 JLINK_WriteMem(0x00012600, 0x0200 Bytes, ...) - Data: FF 36 07 D1 09 98 B0 42 F5 D1 31 23 09 F1 01 09 ...  returns 0x200 (0000ms, 18073ms total)
T1438 7281:688 JLINK_WriteMem(0x00012800, 0x0200 Bytes, ...) - Data: 74 01 00 F0 E9 FA 04 46 40 B1 00 21 80 E8 42 00 ...  returns 0x200 (0000ms, 18073ms total)
T1438 7281:688 JLINK_WriteMem(0x00012A00, 0x0200 Bytes, ...) - Data: BE 1B 06 F6 EF 76 26 F4 7F 66 26 F0 0F 06 A6 F5 ...  returns 0x200 (0000ms, 18073ms total)
T1438 7281:688 JLINK_WriteMem(0x00012C00, 0x0200 Bytes, ...) - Data: 38 74 00 26 8C B1 A5 68 67 68 01 3F 0B D4 AB 89 ...  returns 0x200 (0000ms, 18073ms total)
T1438 7281:688 JLINK_WriteMem(0x00012E00, 0x0200 Bytes, ...) - Data: B4 F5 FC 7F A4 4D 14 D2 E2 08 05 EB C2 03 DE 68 ...  returns 0x200 (0000ms, 18073ms total)
T1438 7281:688 JLINK_WriteMem(0x00013000, 0x0200 Bytes, ...) - Data: 09 01 4B 68 43 F0 01 03 4B 60 F3 68 56 F8 08 2F ...  returns 0x200 (0000ms, 18073ms total)
T1438 7281:688 JLINK_WriteMem(0x00013200, 0x0200 Bytes, ...) - Data: F7 D1 18 46 10 BD 00 20 10 BD 70 47 70 47 00 00 ...  returns 0x200 (0000ms, 18073ms total)
T1438 7281:688 JLINK_WriteMem(0x00013400, 0x0200 Bytes, ...) - Data: 10 B5 0C 46 01 21 FF F7 03 FF 01 22 44 61 02 61 ...  returns 0x200 (0000ms, 18073ms total)
T1438 7281:688 JLINK_WriteMem(0x00013600, 0x0200 Bytes, ...) - Data: F8 E7 20 69 2A EA EA 71 04 F1 14 03 15 F0 1F 0C ...  returns 0x200 (0000ms, 18073ms total)
T1438 7281:688 JLINK_WriteMem(0x00013800, 0x0200 Bytes, ...) - Data: 00 21 B0 F1 0B 06 15 D0 B4 40 C0 F1 2B 00 44 F0 ...  returns 0x200 (0000ms, 18073ms total)
T1438 7281:688 JLINK_WriteMem(0x00013A00, 0x0200 Bytes, ...) - Data: 93 42 0A D1 D0 F1 01 00 38 BF 00 20 10 BD 02 20 ...  returns 0x200 (0000ms, 18073ms total)
T1438 7281:688 JLINK_WriteMem(0x00013C00, 0x0200 Bytes, ...) - Data: 10 30 83 B9 40 21 FF F7 E7 F8 C8 F8 00 00 C8 F8 ...  returns 0x200 (0000ms, 18073ms total)
T1438 7281:688 JLINK_WriteMem(0x00013E00, 0x0200 Bytes, ...) - Data: F0 E7 47 F0 40 07 5C E7 02 9D 2B 78 6C 2B 02 D1 ...  returns 0x200 (0000ms, 18073ms total)
T1438 7281:688 JLINK_WriteMem(0x00014000, 0x0200 Bytes, ...) - Data: DD E9 06 45 30 32 54 EA 05 01 99 46 1A 70 03 F1 ...  returns 0x200 (0000ms, 18073ms total)
T1438 7281:688 JLINK_WriteMem(0x00014200, 0x0200 Bytes, ...) - Data: 00 2B 03 93 3A DD 03 9B 10 2B 68 4B CC F8 00 30 ...  returns 0x200 (0001ms, 18074ms total)
T1438 7281:689 JLINK_WriteMem(0x00014400, 0x0200 Bytes, ...) - Data: 4F EA 93 08 00 26 46 45 09 DA 48 46 5A F8 26 10 ...  returns 0x200 (0000ms, 18074ms total)
T1438 7281:689 JLINK_WriteMem(0x00014600, 0x0200 Bytes, ...) - Data: 8D F8 37 20 93 4C FB E0 00 2A 08 BF 20 22 9F E7 ...  returns 0x200 (0000ms, 18074ms total)
T1438 7281:689 JLINK_WriteMem(0x00014800, 0x0200 Bytes, ...) - Data: B8 06 0A 94 07 D5 07 36 26 F0 07 02 02 F1 08 06 ...  returns 0x200 (0000ms, 18074ms total)
T1438 7281:689 JLINK_WriteMem(0x00014A00, 0x0200 Bytes, ...) - Data: 00 28 40 F0 22 81 0D F1 70 0C 9D F8 37 30 DB B1 ...  returns 0x200 (0000ms, 18074ms total)
T1438 7281:689 JLINK_WriteMem(0x00014C00, 0x0200 Bytes, ...) - Data: 10 9B 11 95 01 33 07 2B 10 93 CD DD 58 46 41 46 ...  returns 0x200 (0000ms, 18074ms total)
T1438 7281:689 JLINK_WriteMem(0x00014E00, 0x0200 Bytes, ...) - Data: 00 23 05 46 08 46 23 60 F0 F7 B6 F8 43 1C 02 D1 ...  returns 0x200 (0000ms, 18074ms total)
T1438 7281:689 JLINK_WriteMem(0x00015000, 0x0200 Bytes, ...) - Data: D9 F8 08 30 82 44 3F 1A 18 1A C9 F8 08 00 00 28 ...  returns 0x200 (0000ms, 18074ms total)
T1438 7281:689 JLINK_WriteMem(0x00015200, 0x0200 Bytes, ...) - Data: 3F F8 00 9B A2 68 D2 1A A2 60 22 68 1A 44 22 60 ...  returns 0x200 (0000ms, 18074ms total)
T1438 7281:689 JLINK_WriteMem(0x00015400, 0x0200 Bytes, ...) - Data: 18 02 10 34 08 E0 22 69 AA 61 61 69 E9 61 05 F1 ...  returns 0x200 (0000ms, 18074ms total)
T1438 7281:689 JLINK_WriteMem(0x00015600, 0x0200 Bytes, ...) - Data: FD F7 42 FA 09 E0 02 F0 01 02 32 43 46 44 C8 F8 ...  returns 0x200 (0000ms, 18074ms total)
T1438 7281:689 JLINK_WriteMem(0x00015800, 0x0200 Bytes, ...) - Data: 06 9E 14 46 1D 46 80 46 89 46 00 F0 29 F8 04 FB ...  returns 0x200 (0000ms, 18074ms total)
T1438 7281:689 JLINK_WriteMem(0x00015A00, 0x0200 Bytes, ...) - Data: 00 FB 13 11 47 EA 01 47 0C FB 03 F2 BA 42 07 D9 ...  returns 0x200 (0000ms, 18074ms total)
T1438 7281:689 JLINK_WriteMem(0x00015C00, 0x0200 Bytes, ...) - Data: 07 FB 02 F7 AF 42 08 D9 2C 19 02 F1 FF 31 80 F0 ...  returns 0x200 (0000ms, 18074ms total)
T1438 7281:689 JLINK_WriteMem(0x00015E00, 0x0200 Bytes, ...) - Data: 00 00 00 00 00 00 00 00 02 00 00 00 08 00 00 00 ...  returns 0x200 (0000ms, 18074ms total)
T1438 7281:689 JLINK_WriteMem(0x00016000, 0x0200 Bytes, ...) - Data: 30 30 30 30 30 30 30 30 30 30 30 30 30 30 30 30 ...  returns 0x200 (0000ms, 18074ms total)
T1438 7281:689 JLINK_WriteMem(0x00016200, 0x0200 Bytes, ...) - Data: B8 01 00 20 01 00 00 00 00 00 00 00 D8 01 00 20 ...  returns 0x200 (0000ms, 18074ms total)
T1438 7281:689 JLINK_WriteMem(0x00016400, 0x0200 Bytes, ...) - Data: 00 00 00 00 00 00 00 00 00 00 00 00 00 00 00 00 ...  returns 0x200 (0000ms, 18074ms total)
T1438 7281:689 JLINK_WriteMem(0x00016600, 0x0200 Bytes, ...) - Data: 00 00 00 00 00 00 00 00 00 00 00 00 00 00 00 00 ...  returns 0x200 (0000ms, 18074ms total)
T1438 7281:689 JLINK_WriteMem(0x00016800, 0x0200 Bytes, ...) - Data: BC 07 00 20 BC 07 00 20 C4 07 00 20 C4 07 00 20 ...  returns 0x200 (0000ms, 18074ms total)
T1438 7281:689 JLINK_WriteMem(0x00016A00, 0x0200 Bytes, ...) - Data: BC 09 00 20 BC 09 00 20 C4 09 00 20 C4 09 00 20 ...  returns 0x200 (0000ms, 18074ms total)
T1438 7281:745 JLINK_EndDownload() -- -------------------------------------- -- Start of determining dirty areas -- End of determining dirty areas -- Start of preparing flash programming -- Calculating RAM usage -- RAM usage = 3804 Bytes -- Preserving registers -- Preparing memory -- Determining CPU clock frequency -- CPU clock frequency: 115 kHz -- CPU frequency = 115 kHz -- Preparing target -- Downloading RAMCode -- Using alternate TurboMode RAMCode -- Checking target RAM -- Preparing RAMCode
 -- End of preparing flash programming -- CPU is running at 10000 kHz. -- Start of comparing flash -- CRC check was estimated as fastest method -- Comparing range 0x0000 - 0xFFFF (128 Sectors, 64 KB), using multi-block CRC calculation -- CRC does not match for sectors 0-127 -- Comparing range 0x10000 - 0x16BFF (54 Sectors, 27 KB), using multi-block CRC calculation -- CRC does not match for sectors 0-53 -- End of comparing flash -- Start of erasing sectors -- End of erasing sectors
 -- Start of flash programming -- Programming range 0x00000000 - 0x00007FFF (064 Sectors, 32 KB) -- Programming range 0x00008000 - 0x0000FFFF (064 Sectors, 32 KB) -- Programming range 0x00010000 - 0x00016BFF (054 Sectors, 27 KB) -- End of flash programming -- Flash programming performed for 1 range (93184 bytes) -- 0x0000 - 0x16BFF (182 Sectors, 91 KB) -- Start of verifying flash -- Checksum calculation was estimated as fastest method -- End of verifying flash -- Start of restoring -- Restore RAMCode
 -- Restore content of target memory -- Restore target -- Restore memory -- Restore content of registers -- End of restoring -- Total time needed: 2.047s (Prepare: 0.192s, Compare: 0.055s, Erase: 0.000s, Program: 1.740s, Verify: 0.015s, Restore: 0.044s)  returns 0x16C00 (2048ms, 20122ms total)
T1718 7283:794 JLINK_EMU_GetList(InterfaceMask = 0x00000001, MaxInfos = 0x00000032) [0]: USB, S/N: 28010546  returns 0x01 (0001ms, 20123ms total)
T1438 7283:795 JLINK_JTAG_GetDeviceID(DeviceIndex = 0)  returns 0x00 (0000ms, 20123ms total)
T1438 7283:795 JLINK_ReadMemU32(0x400E0740, 0x0001 Items, ...) -- CPU_ReadMem(4 bytes @ 0x400E0740) - Data: E1 09 0A AB  returns 0x01 (0001ms, 20124ms total)
T0B44 7283:837 JLINK_ReadReg(R15 (PC))  returns 0xFFFFFFFE (0001ms, 20125ms total)
T0B44 7283:839 JLINK_WriteVectorCatch(0x00000001) -- CPU_ReadMem(4 bytes @ 0xE000EDFC) -- CPU_WriteMem(4 bytes @ 0xE000EDFC)  returns 0x00 (0002ms, 20127ms total)
T0B44 7283:841 JLINK_Reset() >0x108 TIF>Found SWD-DP with ID 0x2BA01477 >0x0D TIF> >0x28 TIF> >0x0D TIF> >0x21 TIF> >0x0D TIF> >0x28 TIF> >0x0D TIF> >0x28 TIF> >0x0D TIF> >0x0D TIF> >0x28 TIF> >0x0D TIF> >0x28 TIF> >0x0D TIF> >0x28 TIF> >0x0D TIF> >0x28 TIF> >0x0D TIF> >0x28 TIF> >0x0D TIF> >0x0D TIF> >0x21 TIF> >0x0D TIF> >0x21 TIF> >0x0D TIF> >0x28 TIF> >0x0D TIF> >0x0D TIF> >0x28 TIF> >0x0D TIF> >0x28 TIF> >0x0D TIF> >0x0D TIF> >0x28 TIF> >0x0D TIF> >0x28 TIF> >0x0D TIF> >0x28 TIF>
 -- CPU_ReadMem(4 bytes @ 0xE0042000) -- CPU_WriteMem(4 bytes @ 0xE0042000) -- CPU_ReadMem(4 bytes @ 0x400F0C00) -- CPU_ReadMem(4 bytes @ 0x400F0800) -- CPU_WriteMem(4 bytes @ 0x400F081C) -- CPU_WriteMem(4 bytes @ 0xE0002000) -- CPU_ReadMem(4 bytes @ 0xE000EDFC) -- CPU_ReadMem(4 bytes @ 0xE0001000) -- CPU_WriteMem(4 bytes @ 0xE0001000) (0102ms, 20229ms total)
T14D4 7283:950 JLINK_IsHalted()  returns TRUE (0000ms, 20229ms total)
T14D4 7283:950 JLINK_GetMOEs(...) -- CPU_ReadMem(4 bytes @ 0xE000ED30) -- CPU_WriteMem(4 bytes @ 0xE000ED30)  returns 0x01 (0002ms, 20231ms total)
T14D4 7283:952 JLINK_ReadReg(R15 (PC))  returns 0x00004E80 (0000ms, 20231ms total)
T0B44 7283:963 JLINK_ReadReg(R15 (PC))  returns 0x00004E80 (0000ms, 20231ms total)
T0B44 7283:963 JLINK_ReadReg(R13 (SP))  returns 0x20003DB8 (0000ms, 20231ms total)
T0B44 7283:965 JLINK_ReadReg(R0)  returns 0x20003D18 (0000ms, 20231ms total)
T0B44 7283:965 JLINK_ReadReg(R1)  returns 0x00000000 (0000ms, 20231ms total)
T0B44 7283:965 JLINK_ReadReg(R2)  returns 0x2000066C (0000ms, 20231ms total)
T0B44 7283:965 JLINK_ReadReg(R3)  returns 0x66FA2FCD (0000ms, 20231ms total)
T0B44 7283:965 JLINK_ReadReg(R4)  returns 0x2000064C (0000ms, 20231ms total)
T0B44 7283:965 JLINK_ReadReg(R5)  returns 0x200006A4 (0000ms, 20231ms total)
T0B44 7283:965 JLINK_ReadReg(R6)  returns 0x200006A4 (0000ms, 20231ms total)
T0B44 7283:965 JLINK_ReadReg(R7)  returns 0x20003D18 (0000ms, 20231ms total)
T0B44 7283:965 JLINK_ReadReg(R8)  returns 0x81D41646 (0000ms, 20231ms total)
T0B44 7283:965 JLINK_ReadReg(R9)  returns 0x8000C232 (0000ms, 20231ms total)
T0B44 7283:965 JLINK_ReadReg(R10)  returns 0x81532498 (0000ms, 20231ms total)
T0B44 7283:965 JLINK_ReadReg(R11)  returns 0x45119611 (0000ms, 20231ms total)
T0B44 7283:965 JLINK_ReadReg(R12)  returns 0x200005C0 (0000ms, 20231ms total)
T0B44 7283:965 JLINK_ReadReg(R13 (SP))  returns 0x20003DB8 (0000ms, 20231ms total)
T0B44 7283:965 JLINK_ReadReg(R14)  returns 0xFFFFFFFF (0000ms, 20231ms total)
T0B44 7283:965 JLINK_ReadReg(R15 (PC))  returns 0x00004E80 (0000ms, 20231ms total)
T0B44 7283:965 JLINK_ReadReg(XPSR)  returns 0x01000000 (0000ms, 20231ms total)
T0B44 7283:965 JLINK_ReadReg(MSP)  returns 0x20003DB8 (0000ms, 20231ms total)
T0B44 7283:965 JLINK_ReadReg(PSP)  returns 0xC2508088 (0000ms, 20231ms total)
T0B44 7283:965 JLINK_ReadReg(APSR)  returns 0x00000000 (0000ms, 20231ms total)
T0B44 7283:965 JLINK_ReadReg(EPSR)  returns 0x01000000 (0000ms, 20231ms total)
T0B44 7283:965 JLINK_ReadReg(IPSR)  returns 0x00000000 (0000ms, 20231ms total)
T0B44 7283:965 JLINK_ReadReg(PRIMASK)  returns 0x00000000 (0000ms, 20231ms total)
T0B44 7283:965 JLINK_ReadReg(BASEPRI)  returns 0x00000000 (0000ms, 20231ms total)
T0B44 7283:965 JLINK_ReadReg(FAULTMASK)  returns 0x00000000 (0000ms, 20231ms total)
T0B44 7283:965 JLINK_ReadReg(CONTROL)  returns 0x00000000 (0000ms, 20231ms total)
T0B44 7283:991 JLINK_ReadReg(R0)  returns 0x20003D18 (0000ms, 20231ms total)
T0B44 7283:991 JLINK_ReadReg(R1)  returns 0x00000000 (0000ms, 20231ms total)
T0B44 7283:991 JLINK_ReadReg(R2)  returns 0x2000066C (0000ms, 20231ms total)
T0B44 7283:991 JLINK_ReadReg(R3)  returns 0x66FA2FCD (0000ms, 20231ms total)
T0B44 7283:991 JLINK_ReadReg(R4)  returns 0x2000064C (0000ms, 20231ms total)
T0B44 7283:991 JLINK_ReadReg(R5)  returns 0x200006A4 (0000ms, 20231ms total)
T0B44 7283:991 JLINK_ReadReg(R6)  returns 0x200006A4 (0000ms, 20231ms total)
T0B44 7283:991 JLINK_ReadReg(R7)  returns 0x20003D18 (0000ms, 20231ms total)
T0B44 7283:991 JLINK_ReadReg(R8)  returns 0x81D41646 (0000ms, 20231ms total)
T0B44 7283:991 JLINK_ReadReg(R9)  returns 0x8000C232 (0000ms, 20231ms total)
T0B44 7283:991 JLINK_ReadReg(R10)  returns 0x81532498 (0000ms, 20231ms total)
T0B44 7283:991 JLINK_ReadReg(R11)  returns 0x45119611 (0000ms, 20231ms total)
T0B44 7283:991 JLINK_ReadReg(R12)  returns 0x200005C0 (0000ms, 20231ms total)
T0B44 7283:991 JLINK_ReadReg(R13 (SP))  returns 0x20003DB8 (0000ms, 20231ms total)
T0B44 7283:991 JLINK_ReadReg(R14)  returns 0xFFFFFFFF (0000ms, 20231ms total)
T0B44 7283:991 JLINK_ReadReg(R15 (PC))  returns 0x00004E80 (0000ms, 20231ms total)
T0B44 7283:991 JLINK_ReadReg(XPSR)  returns 0x01000000 (0000ms, 20231ms total)
T0B44 7283:991 JLINK_ReadReg(MSP)  returns 0x20003DB8 (0000ms, 20231ms total)
T0B44 7283:991 JLINK_ReadReg(PSP)  returns 0xC2508088 (0000ms, 20231ms total)
T0B44 7283:991 JLINK_ReadReg(APSR)  returns 0x00000000 (0000ms, 20231ms total)
T0B44 7283:991 JLINK_ReadReg(EPSR)  returns 0x01000000 (0000ms, 20231ms total)
T0B44 7283:991 JLINK_ReadReg(IPSR)  returns 0x00000000 (0000ms, 20231ms total)
T0B44 7283:991 JLINK_ReadReg(PRIMASK)  returns 0x00000000 (0000ms, 20231ms total)
T0B44 7283:991 JLINK_ReadReg(BASEPRI)  returns 0x00000000 (0000ms, 20231ms total)
T0B44 7283:991 JLINK_ReadReg(FAULTMASK)  returns 0x00000000 (0000ms, 20231ms total)
T0B44 7283:991 JLINK_ReadReg(CONTROL)  returns 0x00000000 (0001ms, 20232ms total)
T0B44 7284:013 JLINK_ReadReg(R15 (PC))  returns 0x00004E80 (0000ms, 20232ms total)
T0B44 7284:013 JLINK_WriteVectorCatch(0x00000001) -- CPU_ReadMem(4 bytes @ 0xE000EDFC) -- CPU_WriteMem(4 bytes @ 0xE000EDFC)  returns 0x00 (0002ms, 20234ms total)
T0B44 7284:015 JLINK_Reset() >0x108 TIF>Found SWD-DP with ID 0x2BA01477 >0x0D TIF> >0x28 TIF> >0x0D TIF> >0x21 TIF> >0x0D TIF> >0x28 TIF> >0x0D TIF> >0x28 TIF> >0x0D TIF> >0x0D TIF> >0x28 TIF> >0x0D TIF> >0x28 TIF> >0x0D TIF> >0x28 TIF> >0x0D TIF> >0x28 TIF> >0x0D TIF> >0x28 TIF> >0x0D TIF> >0x0D TIF> >0x21 TIF> >0x0D TIF> >0x21 TIF> >0x0D TIF> >0x28 TIF> >0x0D TIF> >0x0D TIF> >0x28 TIF> >0x0D TIF> >0x28 TIF> >0x0D TIF> >0x0D TIF> >0x28 TIF> >0x0D TIF> >0x28 TIF> >0x0D TIF> >0x28 TIF>
 -- CPU_ReadMem(4 bytes @ 0xE0042000) -- CPU_WriteMem(4 bytes @ 0xE0042000) -- CPU_ReadMem(4 bytes @ 0x400F0C00) -- CPU_ReadMem(4 bytes @ 0x400F0800) -- CPU_WriteMem(4 bytes @ 0x400F081C) -- CPU_WriteMem(4 bytes @ 0xE0002000) -- CPU_ReadMem(4 bytes @ 0xE000EDFC) -- CPU_ReadMem(4 bytes @ 0xE0001000) -- CPU_WriteMem(4 bytes @ 0xE0001000) (0102ms, 20336ms total)
T14D4 7284:139 JLINK_IsHalted()  returns TRUE (0000ms, 20336ms total)
T14D4 7284:139 JLINK_GetMOEs(...)  returns 0x01 (0000ms, 20336ms total)
T14D4 7284:139 JLINK_ReadReg(R15 (PC))  returns 0x00004E80 (0000ms, 20336ms total)
T0B44 7284:147 JLINK_ReadReg(R15 (PC))  returns 0x00004E80 (0000ms, 20336ms total)
T0B44 7284:147 JLINK_ReadReg(R13 (SP))  returns 0x20003DB8 (0000ms, 20336ms total)
T0B44 7284:285 JLINK_ReadReg(R15 (PC))  returns 0x00004E80 (0000ms, 20336ms total)
T0B44 7284:285 JLINK_GetNumBPUnits(Type = 0xFFFFFF02)  returns 0x06 (0000ms, 20336ms total)
T0B44 7284:285 JLINK_SetBPEx(Addr = 0x00000754, Type = 0xFFFFFF02)  returns 0x00000001 (0000ms, 20336ms total)
T0B44 7284:285 JLINK_GetBPInfo(BPHandle = 1)  returns 0x00 (0000ms, 20336ms total)
T0B44 7284:285 JLINK_Go() -- CPU_WriteMem(4 bytes @ 0xE0002000) -- CPU_WriteMem(4 bytes @ 0xE0002008) -- CPU_WriteMem(4 bytes @ 0xE000200C) -- CPU_WriteMem(4 bytes @ 0xE0002010) -- CPU_WriteMem(4 bytes @ 0xE0002014) -- CPU_WriteMem(4 bytes @ 0xE0002018) -- CPU_WriteMem(4 bytes @ 0xE000201C) -- CPU_WriteMem(4 bytes @ 0xE0001004) (0010ms, 20346ms total)
T14D4 7284:309 JLINK_IsHalted()  returns FALSE (0001ms, 20347ms total)
T14D4 7284:340 JLINK_IsHalted()  returns FALSE (0000ms, 20346ms total)
T14D4 7284:370 JLINK_IsHalted()  returns FALSE (0001ms, 20347ms total)
T14D4 7284:401 JLINK_IsHalted()  returns FALSE (0001ms, 20347ms total)
T14D4 7284:432 JLINK_IsHalted()  returns FALSE (0001ms, 20347ms total)
T14D4 7284:463 JLINK_IsHalted()  returns FALSE (0001ms, 20347ms total)
T14D4 7284:494 JLINK_IsHalted()  returns FALSE (0001ms, 20347ms total)
T14D4 7284:525 JLINK_IsHalted()  returns FALSE (0001ms, 20347ms total)
T14D4 7284:556 JLINK_IsHalted()  returns FALSE (0001ms, 20347ms total)
T14D4 7284:587 JLINK_IsHalted()  returns FALSE (0001ms, 20347ms total)
T14D4 7284:618 JLINK_IsHalted()  returns FALSE (0001ms, 20347ms total)
T14D4 7284:649 JLINK_IsHalted()  returns FALSE (0001ms, 20347ms total)
T14D4 7284:680 JLINK_IsHalted()  returns FALSE (0001ms, 20347ms total)
T14D4 7284:711 JLINK_IsHalted()  returns FALSE (0001ms, 20347ms total)
T14D4 7284:742 JLINK_IsHalted()  returns FALSE (0001ms, 20347ms total)
T14D4 7284:773 JLINK_IsHalted()  returns TRUE (0010ms, 20356ms total)
T14D4 7284:783 JLINK_GetMOEs(...) -- CPU_ReadMem(4 bytes @ 0xE000ED30) -- CPU_WriteMem(4 bytes @ 0xE000ED30)  returns 0x01 (0002ms, 20348ms total)
T14D4 7284:785 JLINK_ReadReg(R15 (PC))  returns 0x00000754 (0000ms, 20348ms total)
T14D4 7284:785 JLINK_GetBPInfo(BPHandle = 1)  returns 0x00 (0000ms, 20348ms total)
T14D4 7284:785 JLINK_ClrBPEx(BPHandle = 0x00000001)  returns 0x00 (0000ms, 20348ms total)
T0B44 7284:795 JLINK_ReadReg(R15 (PC))  returns 0x00000754 (0000ms, 20348ms total)
T0B44 7284:795 JLINK_ReadReg(R13 (SP))  returns 0x20003DA8 (0000ms, 20348ms total)
T1718 7285:103 JLINK_EMU_GetList(InterfaceMask = 0x00000001, MaxInfos = 0x00000032) [0]: USB, S/N: 28010546  returns 0x01 (0000ms, 20348ms total)
T1718 7286:412 JLINK_EMU_GetList(InterfaceMask = 0x00000001, MaxInfos = 0x00000032) [0]: USB, S/N: 28010546  returns 0x01 (0000ms, 20348ms total)
T0B44 7286:887 JLINK_ReadReg(R15 (PC))  returns 0x00000754 (0001ms, 20349ms total)
T0B44 7286:888 JLINK_Go() -- CPU_WriteMem(4 bytes @ 0xE0002008) (0003ms, 20352ms total)
T14D4 7286:912 JLINK_IsHalted()  returns FALSE (0001ms, 20353ms total)
T14D4 7286:943 JLINK_IsHalted()  returns FALSE (0001ms, 20353ms total)
T14D4 7286:974 JLINK_IsHalted()  returns FALSE (0000ms, 20352ms total)
T14D4 7287:004 JLINK_IsHalted()  returns FALSE (0001ms, 20353ms total)
T14D4 7287:035 JLINK_IsHalted()  returns FALSE (0000ms, 20352ms total)
T14D4 7287:065 JLINK_IsHalted()  returns FALSE (0001ms, 20353ms total)
T14D4 7287:096 JLINK_IsHalted()  returns FALSE (0000ms, 20352ms total)
T14D4 7287:126 JLINK_IsHalted()  returns FALSE (0001ms, 20353ms total)
T14D4 7287:157 JLINK_IsHalted()  returns FALSE (0001ms, 20353ms total)
T14D4 7287:188 JLINK_IsHalted()  returns FALSE (0001ms, 20353ms total)
T14D4 7287:219 JLINK_IsHalted()  returns FALSE (0001ms, 20353ms total)
T14D4 7287:250 JLINK_IsHalted()  returns FALSE (0000ms, 20352ms total)
T14D4 7287:280 JLINK_IsHalted()  returns FALSE (0001ms, 20353ms total)
T14D4 7287:311 JLINK_IsHalted()  returns FALSE (0001ms, 20353ms total)
T14D4 7287:342 JLINK_IsHalted()  returns FALSE (0001ms, 20353ms total)
T14D4 7287:373 JLINK_IsHalted()  returns FALSE (0001ms, 20353ms total)
T14D4 7287:404 JLINK_IsHalted()  returns FALSE (0001ms, 20353ms total)
T14D4 7287:435 JLINK_IsHalted()  returns FALSE (0001ms, 20353ms total)
T14D4 7287:466 JLINK_IsHalted()  returns FALSE (0001ms, 20353ms total)
T14D4 7287:497 JLINK_IsHalted()  returns FALSE (0001ms, 20353ms total)
T14D4 7287:528 JLINK_IsHalted()  returns FALSE (0001ms, 20353ms total)
T14D4 7287:559 JLINK_IsHalted()  returns FALSE (0001ms, 20353ms total)
T14D4 7287:590 JLINK_IsHalted()  returns FALSE (0001ms, 20353ms total)
T14D4 7287:621 JLINK_IsHalted()  returns FALSE (0001ms, 20353ms total)
T14D4 7287:652 JLINK_IsHalted()  returns FALSE (0001ms, 20353ms total)
T14D4 7287:683 JLINK_IsHalted()  returns FALSE (0001ms, 20353ms total)
T14D4 7287:714 JLINK_IsHalted()  returns FALSE (0001ms, 20353ms total)
T1718 7287:720 JLINK_EMU_GetList(InterfaceMask = 0x00000001, MaxInfos = 0x00000032) [0]: USB, S/N: 28010546  returns 0x01 (0000ms, 20352ms total)
T14D4 7287:745 JLINK_IsHalted()  returns FALSE (0001ms, 20353ms total)
T14D4 7287:776 JLINK_IsHalted()  returns FALSE (0001ms, 20353ms total)
T14D4 7287:807 JLINK_IsHalted()  returns FALSE (0001ms, 20353ms total)
T14D4 7287:838 JLINK_IsHalted()  returns FALSE (0001ms, 20353ms total)
T14D4 7287:869 JLINK_IsHalted()  returns FALSE (0001ms, 20353ms total)
T14D4 7287:900 JLINK_IsHalted()  returns FALSE (0001ms, 20353ms total)
T14D4 7287:931 JLINK_IsHalted()  returns FALSE (0001ms, 20353ms total)
T14D4 7287:962 JLINK_IsHalted()  returns FALSE (0001ms, 20353ms total)
T14D4 7287:993 JLINK_IsHalted()  returns FALSE (0001ms, 20353ms total)
T14D4 7288:024 JLINK_IsHalted()  returns FALSE (0001ms, 20353ms total)
T14D4 7288:055 JLINK_IsHalted()  returns FALSE (0001ms, 20353ms total)
T14D4 7288:086 JLINK_IsHalted()  returns FALSE (0001ms, 20353ms total)
T14D4 7288:117 JLINK_IsHalted()  returns FALSE (0001ms, 20353ms total)
T14D4 7288:148 JLINK_IsHalted()  returns FALSE (0001ms, 20353ms total)
T14D4 7288:179 JLINK_IsHalted()  returns FALSE (0001ms, 20353ms total)
T14D4 7288:210 JLINK_IsHalted()  returns FALSE (0001ms, 20353ms total)
T14D4 7288:241 JLINK_IsHalted()  returns FALSE (0001ms, 20353ms total)
T14D4 7288:272 JLINK_IsHalted()  returns FALSE (0001ms, 20353ms total)
T14D4 7288:303 JLINK_IsHalted()  returns FALSE (0001ms, 20353ms total)
T14D4 7288:334 JLINK_IsHalted()  returns FALSE (0001ms, 20353ms total)
T14D4 7288:365 JLINK_IsHalted()  returns FALSE (0001ms, 20353ms total)
T14D4 7288:396 JLINK_IsHalted()  returns FALSE (0001ms, 20353ms total)
T14D4 7288:427 JLINK_IsHalted()  returns FALSE (0001ms, 20353ms total)
T14D4 7288:458 JLINK_IsHalted()  returns FALSE (0001ms, 20353ms total)
T14D4 7288:489 JLINK_IsHalted()  returns FALSE (0001ms, 20353ms total)
T14D4 7288:520 JLINK_IsHalted()  returns FALSE (0001ms, 20353ms total)
T14D4 7288:551 JLINK_IsHalted()  returns FALSE (0001ms, 20353ms total)
T14D4 7288:582 JLINK_IsHalted()  returns FALSE (0001ms, 20353ms total)
T14D4 7288:613 JLINK_IsHalted()  returns FALSE (0001ms, 20353ms total)
T14D4 7288:644 JLINK_IsHalted()  returns FALSE (0001ms, 20353ms total)
T14D4 7288:675 JLINK_IsHalted()  returns FALSE (0001ms, 20353ms total)
T14D4 7288:706 JLINK_IsHalted()  returns FALSE (0001ms, 20353ms total)
T14D4 7288:737 JLINK_IsHalted()  returns FALSE (0001ms, 20353ms total)
T14D4 7288:768 JLINK_IsHalted()  returns FALSE (0001ms, 20353ms total)
T14D4 7288:799 JLINK_IsHalted()  returns FALSE (0001ms, 20353ms total)
T14D4 7288:830 JLINK_IsHalted()  returns FALSE (0001ms, 20353ms total)
T14D4 7288:861 JLINK_IsHalted()  returns FALSE (0001ms, 20353ms total)
T14D4 7288:892 JLINK_IsHalted()  returns FALSE (0001ms, 20353ms total)
T14D4 7288:923 JLINK_IsHalted()  returns FALSE (0001ms, 20353ms total)
T14D4 7288:954 JLINK_IsHalted()  returns FALSE (0001ms, 20353ms total)
T14D4 7288:985 JLINK_IsHalted()  returns FALSE (0001ms, 20353ms total)
T14D4 7289:016 JLINK_IsHalted()  returns FALSE (0001ms, 20353ms total)
T1718 7289:028 JLINK_EMU_GetList(InterfaceMask = 0x00000001, MaxInfos = 0x00000032) [0]: USB, S/N: 28010546  returns 0x01 (0000ms, 20352ms total)
T14D4 7289:047 JLINK_IsHalted()  returns FALSE (0001ms, 20353ms total)
T14D4 7289:078 JLINK_IsHalted()  returns FALSE (0001ms, 20353ms total)
T14D4 7289:109 JLINK_IsHalted()  returns FALSE (0001ms, 20353ms total)
T14D4 7289:140 JLINK_IsHalted()  returns FALSE (0001ms, 20353ms total)
T14D4 7289:171 JLINK_IsHalted()  returns FALSE (0001ms, 20353ms total)
T14D4 7289:202 JLINK_IsHalted()  returns FALSE (0001ms, 20353ms total)
T14D4 7289:233 JLINK_IsHalted()  returns FALSE (0001ms, 20353ms total)
T14D4 7289:264 JLINK_IsHalted()  returns FALSE (0001ms, 20353ms total)
T14D4 7289:295 JLINK_IsHalted()  returns FALSE (0001ms, 20353ms total)
T14D4 7289:326 JLINK_IsHalted()  returns FALSE (0001ms, 20353ms total)
T14D4 7289:357 JLINK_IsHalted()  returns FALSE (0001ms, 20353ms total)
T14D4 7289:388 JLINK_IsHalted()  returns FALSE (0001ms, 20353ms total)
T14D4 7289:419 JLINK_IsHalted()  returns FALSE (0001ms, 20353ms total)
T14D4 7289:450 JLINK_IsHalted()  returns FALSE (0001ms, 20353ms total)
T14D4 7289:481 JLINK_IsHalted()  returns FALSE (0001ms, 20353ms total)
T14D4 7289:512 JLINK_IsHalted()  returns FALSE (0001ms, 20353ms total)
T14D4 7289:543 JLINK_IsHalted()  returns FALSE (0001ms, 20353ms total)
T14D4 7289:574 JLINK_IsHalted()  returns FALSE (0001ms, 20353ms total)
T14D4 7289:605 JLINK_IsHalted()  returns FALSE (0001ms, 20353ms total)
T14D4 7289:636 JLINK_IsHalted()  returns FALSE (0001ms, 20353ms total)
T14D4 7289:667 JLINK_IsHalted()  returns FALSE (0001ms, 20353ms total)
T14D4 7289:698 JLINK_IsHalted()  returns FALSE (0001ms, 20353ms total)
T14D4 7289:729 JLINK_IsHalted()  returns FALSE (0001ms, 20353ms total)
T14D4 7289:760 JLINK_IsHalted()  returns FALSE (0001ms, 20353ms total)
T14D4 7289:791 JLINK_IsHalted()  returns FALSE (0001ms, 20353ms total)
T14D4 7289:822 JLINK_IsHalted()  returns FALSE (0001ms, 20353ms total)
T14D4 7289:853 JLINK_IsHalted()  returns FALSE (0001ms, 20353ms total)
T14D4 7289:884 JLINK_IsHalted()  returns FALSE (0001ms, 20353ms total)
T14D4 7289:915 JLINK_IsHalted()  returns FALSE (0001ms, 20353ms total)
T14D4 7289:946 JLINK_IsHalted()  returns FALSE (0002ms, 20354ms total)
T14D4 7289:978 JLINK_IsHalted()  returns FALSE (0001ms, 20355ms total)
T14D4 7290:009 JLINK_IsHalted()  returns FALSE (0001ms, 20355ms total)
T14D4 7290:040 JLINK_IsHalted()  returns FALSE (0001ms, 20355ms total)
T14D4 7290:071 JLINK_IsHalted()  returns FALSE (0001ms, 20355ms total)
T14D4 7290:120 JLINK_IsHalted()  returns FALSE (0001ms, 20355ms total)
T14D4 7290:151 JLINK_IsHalted()  returns FALSE (0001ms, 20355ms total)
T14D4 7290:182 JLINK_IsHalted()  returns FALSE (0001ms, 20355ms total)
T14D4 7290:242 JLINK_IsHalted()  returns FALSE (0001ms, 20355ms total)
T14D4 7290:273 JLINK_IsHalted()  returns FALSE (0001ms, 20355ms total)
T14D4 7290:304 JLINK_IsHalted()  returns FALSE (0001ms, 20355ms total)
T14D4 7290:335 JLINK_IsHalted()  returns FALSE (0001ms, 20355ms total)
T1718 7290:336 JLINK_EMU_GetList(InterfaceMask = 0x00000001, MaxInfos = 0x00000032) [0]: USB, S/N: 28010546  returns 0x01 (0001ms, 20355ms total)
T1438 7290:366 JLINK_WriteVectorCatch(0x00000001) -- CPU is running -- CPU_ReadMem(4 bytes @ 0xE000EDFC) -- CPU is running -- CPU_WriteMem(4 bytes @ 0xE000EDFC)  returns 0x00 (0002ms, 20357ms total)
T1438 7290:368 JLINK_Reset() >0x108 TIF>Found SWD-DP with ID 0x2BA01477 >0x0D TIF> >0x28 TIF> >0x0D TIF> >0x21 TIF> >0x0D TIF> >0x28 TIF> >0x0D TIF> >0x28 TIF> >0x0D TIF> >0x0D TIF> >0x28 TIF> >0x0D TIF> >0x28 TIF> >0x0D TIF> >0x28 TIF> >0x0D TIF> >0x28 TIF> >0x0D TIF> >0x28 TIF> >0x0D TIF> >0x0D TIF> >0x21 TIF> >0x0D TIF> >0x21 TIF> >0x0D TIF> >0x28 TIF> >0x0D TIF> >0x0D TIF> >0x28 TIF> >0x0D TIF> >0x28 TIF> >0x0D TIF> >0x0D TIF> >0x28 TIF> >0x0D TIF> >0x28 TIF> >0x0D TIF> >0x28 TIF> -- CPU is running
 -- CPU_ReadMem(4 bytes @ 0xE0042000) -- CPU is running -- CPU_WriteMem(4 bytes @ 0xE0042000) -- CPU is running -- CPU_ReadMem(4 bytes @ 0x400F0C00) -- CPU is running -- CPU_ReadMem(4 bytes @ 0x400F0800) -- CPU is running -- CPU_WriteMem(4 bytes @ 0x400F081C) -- CPU_WriteMem(4 bytes @ 0xE0002000) -- CPU_ReadMem(4 bytes @ 0xE000EDFC) -- CPU_ReadMem(4 bytes @ 0xE0001000) -- CPU_WriteMem(4 bytes @ 0xE0001000) (0102ms, 20459ms total)
T1438 7290:470 JLINK_WriteVectorCatch(0x00000000) -- CPU_ReadMem(4 bytes @ 0xE000EDFC)  returns 0x00 (0001ms, 20460ms total)
T1438 7290:471 JLINK_Go() -- CPU_WriteMem(4 bytes @ 0xE0002008) -- CPU_WriteMem(4 bytes @ 0xE000200C) -- CPU_WriteMem(4 bytes @ 0xE0002010) -- CPU_WriteMem(4 bytes @ 0xE0002014) -- CPU_WriteMem(4 bytes @ 0xE0002018) -- CPU_WriteMem(4 bytes @ 0xE000201C) -- CPU_WriteMem(4 bytes @ 0xE0001004) (0009ms, 20469ms total)
T1438 7290:690 JLINK_Close() -- CPU is running -- CPU_WriteMem(4 bytes @ 0xE0002008) -- CPU is running -- CPU_WriteMem(4 bytes @ 0xE000200C) -- CPU is running -- CPU_WriteMem(4 bytes @ 0xE0002010) -- CPU is running -- CPU_WriteMem(4 bytes @ 0xE0002014) -- CPU is running -- CPU_WriteMem(4 bytes @ 0xE0002018) -- CPU is running -- CPU_WriteMem(4 bytes @ 0xE000201C) >0x42 TIF> >0x28 TIF> >0x0D TIF> >0x21 TIF> (0012ms, 20481ms total)
T1438 7290:690  (0012ms, 20481ms total)
T1438 7290:690 Closed (0012ms, 20481ms total)
