   1               		.file	"nwkRoute.c"
   2               	__SP_H__ = 0x3e
   3               	__SP_L__ = 0x3d
   4               	__SREG__ = 0x3f
   5               	__RAMPZ__ = 0x3b
   6               	__tmp_reg__ = 0
   7               	__zero_reg__ = 1
   8               		.text
   9               	.Ltext0:
  10               		.cfi_sections	.debug_frame
  11               		.section	.bss.n,"aw",@nobits
  14               	n:
  15 0000 00        		.zero	1
  16               		.section	.bss.tTS,"aw",@nobits
  19               	tTS:
  20 0000 0000 0000 		.zero	4
  21               		.text
  22               	.Letext0:
  23               		.file 1 "config/config.h"
  24               		.file 2 "c:\\program files (x86)\\atmel\\studio\\7.0\\toolchain\\avr8\\avr8-gnu-toolchain\\avr\\in
DEFINED SYMBOLS
                            *ABS*:00000000 nwkRoute.c
C:\Users\guilh\AppData\Local\Temp\cc8Z2Pjq.s:2      *ABS*:0000003e __SP_H__
C:\Users\guilh\AppData\Local\Temp\cc8Z2Pjq.s:3      *ABS*:0000003d __SP_L__
C:\Users\guilh\AppData\Local\Temp\cc8Z2Pjq.s:4      *ABS*:0000003f __SREG__
C:\Users\guilh\AppData\Local\Temp\cc8Z2Pjq.s:5      *ABS*:0000003b __RAMPZ__
C:\Users\guilh\AppData\Local\Temp\cc8Z2Pjq.s:6      *ABS*:00000000 __tmp_reg__
C:\Users\guilh\AppData\Local\Temp\cc8Z2Pjq.s:7      *ABS*:00000001 __zero_reg__
C:\Users\guilh\AppData\Local\Temp\cc8Z2Pjq.s:14     .bss.n:00000000 n
C:\Users\guilh\AppData\Local\Temp\cc8Z2Pjq.s:19     .bss.tTS:00000000 tTS

UNDEFINED SYMBOLS
__do_clear_bss
