   1              	 .cpu cortex-m4
   2              	 .eabi_attribute 20,1
   3              	 .eabi_attribute 21,1
   4              	 .eabi_attribute 23,3
   5              	 .eabi_attribute 24,1
   6              	 .eabi_attribute 25,1
   7              	 .eabi_attribute 26,1
   8              	 .eabi_attribute 30,6
   9              	 .eabi_attribute 34,1
  10              	 .eabi_attribute 18,4
  11              	 .file "nwkRouteDiscovery.c"
  12              	 .text
  13              	.Ltext0:
  14              	 .cfi_sections .debug_frame
  15              	 .section .bss.cpu_irq_critical_section_counter,"aw",%nobits
  16              	 .align 2
  19              	cpu_irq_critical_section_counter:
  20 0000 00000000 	 .space 4
  21              	 .section .bss.cpu_irq_prev_interrupt_state,"aw",%nobits
  24              	cpu_irq_prev_interrupt_state:
  25 0000 00       	 .space 1
  26              	 .comm n,1,1
  27              	 .section .bss.tTS,"aw",%nobits
  28              	 .align 2
  31              	tTS:
  32 0000 00000000 	 .space 4
  33              	 .text
  34              	.Letext0:
  35              	 .file 1 "c:\\program files (x86)\\atmel\\studio\\7.0\\toolchain\\arm\\arm-gnu-toolchain\\arm-none-eabi\\include\\machine\\_default_types.h"
  36              	 .file 2 "c:\\program files (x86)\\atmel\\studio\\7.0\\toolchain\\arm\\arm-gnu-toolchain\\arm-none-eabi\\include\\sys\\lock.h"
  37              	 .file 3 "c:\\program files (x86)\\atmel\\studio\\7.0\\toolchain\\arm\\arm-gnu-toolchain\\arm-none-eabi\\include\\sys\\_types.h"
  38              	 .file 4 "c:\\program files (x86)\\atmel\\studio\\7.0\\toolchain\\arm\\arm-gnu-toolchain\\lib\\gcc\\arm-none-eabi\\6.3.1\\include\\stddef.h"
  39              	 .file 5 "c:\\program files (x86)\\atmel\\studio\\7.0\\toolchain\\arm\\arm-gnu-toolchain\\arm-none-eabi\\include\\sys\\reent.h"
  40              	 .file 6 "c:\\program files (x86)\\atmel\\studio\\7.0\\toolchain\\arm\\arm-gnu-toolchain\\arm-none-eabi\\include\\stdlib.h"
  41              	 .file 7 "c:\\program files (x86)\\atmel\\studio\\7.0\\toolchain\\arm\\arm-gnu-toolchain\\arm-none-eabi\\include\\sys\\_stdint.h"
  42              	 .file 8 "../../../platform/thirdparty/CMSIS/include/core_cm4.h"
  43              	 .file 9 "../../../platform/sam/utils/cmsis/sam4l/source/templates/system_sam4l.h"
  44              	 .file 10 "../../../platform/common/utils/interrupt/interrupt_sam_nvic.h"
  45              	 .file 11 "../../../platform/sam/utils/compiler.h"
  46              	 .file 12 "../../../platform/common/services/usb/usb_protocol.h"
  47              	 .file 13 "../../../platform/common/services/usb/udc/udi.h"
  48              	 .file 14 "../../../platform/common/services/usb/udc/udc_desc.h"
  49              	 .file 15 "../../../platform/common/services/usb/udc/udd.h"
  50              	 .file 16 "../../../platform/common/services/usb/class/cdc/device/udi_cdc.h"
  51              	 .file 17 "../../../platform/common/utils/stdio/stdio_usb/stdio_usb.h"
  52              	 .file 18 "../../../stack/LwMesh/TDMA/nwk/inc/nwkRx.h"
  53              	 .file 19 "../../../stack/LwMesh/TDMA/nwk/inc/nwk.h"
  54              	 .file 20 "config/config.h"
DEFINED SYMBOLS
                            *ABS*:00000000 nwkRouteDiscovery.c
    {standard input}:16     .bss.cpu_irq_critical_section_counter:00000000 $d
    {standard input}:19     .bss.cpu_irq_critical_section_counter:00000000 cpu_irq_critical_section_counter
    {standard input}:24     .bss.cpu_irq_prev_interrupt_state:00000000 cpu_irq_prev_interrupt_state
    {standard input}:25     .bss.cpu_irq_prev_interrupt_state:00000000 $d
                            *COM*:00000001 n
    {standard input}:28     .bss.tTS:00000000 $d
    {standard input}:31     .bss.tTS:00000000 tTS

NO UNDEFINED SYMBOLS
