   1               		.file	"sleepmgr.c"
   2               	__SP_H__ = 0x3e
   3               	__SP_L__ = 0x3d
   4               	__SREG__ = 0x3f
   5               	__RAMPZ__ = 0x3b
   6               	__tmp_reg__ = 0
   7               	__zero_reg__ = 1
   8               		.text
   9               	.Ltext0:
  10               		.cfi_sections	.debug_frame
  11               		.comm	sleepmgr_locks,7,1
  12               	.global	sleepmgr_configs
  13               		.section	.data.sleepmgr_configs,"aw",@progbits
  16               	sleepmgr_configs:
  17 0000 00        		.byte	0
  18 0001 02        		.byte	2
  19 0002 0E        		.byte	14
  20 0003 06        		.byte	6
  21 0004 0C        		.byte	12
  22 0005 04        		.byte	4
  23 0006 00        		.zero	1
  24               		.text
  25               	.Letext0:
  26               		.file 1 "../../../platform/mega_rf/drivers/sleep/sleep.h"
  27               		.file 2 "../../../platform/common/services/sleepmgr/mega_rf/sleepmgr.h"
  28               		.file 3 "../../../platform/common/services/sleepmgr/mega_rf/sleepmgr.c"
  29               		.file 4 "c:\\program files (x86)\\atmel\\studio\\7.0\\toolchain\\avr8\\avr8-gnu-toolchain\\avr\\in
DEFINED SYMBOLS
                            *ABS*:00000000 sleepmgr.c
C:\Users\guilh\AppData\Local\Temp\ccJuah6f.s:2      *ABS*:0000003e __SP_H__
C:\Users\guilh\AppData\Local\Temp\ccJuah6f.s:3      *ABS*:0000003d __SP_L__
C:\Users\guilh\AppData\Local\Temp\ccJuah6f.s:4      *ABS*:0000003f __SREG__
C:\Users\guilh\AppData\Local\Temp\ccJuah6f.s:5      *ABS*:0000003b __RAMPZ__
C:\Users\guilh\AppData\Local\Temp\ccJuah6f.s:6      *ABS*:00000000 __tmp_reg__
C:\Users\guilh\AppData\Local\Temp\ccJuah6f.s:7      *ABS*:00000001 __zero_reg__
                            *COM*:00000007 sleepmgr_locks
C:\Users\guilh\AppData\Local\Temp\ccJuah6f.s:16     .data.sleepmgr_configs:00000000 sleepmgr_configs

UNDEFINED SYMBOLS
__do_copy_data
__do_clear_bss
