   1               		.file	"sys.c"
   2               	__SP_H__ = 0x3e
   3               	__SP_L__ = 0x3d
   4               	__SREG__ = 0x3f
   5               	__RAMPZ__ = 0x3b
   6               	__tmp_reg__ = 0
   7               	__zero_reg__ = 1
   8               		.text
   9               	.Ltext0:
  10               		.cfi_sections	.debug_frame
  11               	.global	SYS_Init
  13               	SYS_Init:
  14               	.LFB66:
  15               		.file 1 "../../../stack/LwMesh/TDMA/sys/src/sys.c"
   1:../../../stack/LwMesh/TDMA/sys/src/sys.c **** /**
   2:../../../stack/LwMesh/TDMA/sys/src/sys.c ****  * \file sys.c
   3:../../../stack/LwMesh/TDMA/sys/src/sys.c ****  *
   4:../../../stack/LwMesh/TDMA/sys/src/sys.c ****  * \brief Main system routines implementation
   5:../../../stack/LwMesh/TDMA/sys/src/sys.c ****  *
   6:../../../stack/LwMesh/TDMA/sys/src/sys.c ****  * Copyright (C) 2014 Atmel Corporation. All rights reserved.
   7:../../../stack/LwMesh/TDMA/sys/src/sys.c ****  *
   8:../../../stack/LwMesh/TDMA/sys/src/sys.c ****  * \asf_license_start
   9:../../../stack/LwMesh/TDMA/sys/src/sys.c ****  *
  10:../../../stack/LwMesh/TDMA/sys/src/sys.c ****  * Redistribution and use in source and binary forms, with or without
  11:../../../stack/LwMesh/TDMA/sys/src/sys.c ****  * modification, are permitted provided that the following conditions are met:
  12:../../../stack/LwMesh/TDMA/sys/src/sys.c ****  *
  13:../../../stack/LwMesh/TDMA/sys/src/sys.c ****  * 1. Redistributions of source code must retain the above copyright notice,
  14:../../../stack/LwMesh/TDMA/sys/src/sys.c ****  *    this list of conditions and the following disclaimer.
  15:../../../stack/LwMesh/TDMA/sys/src/sys.c ****  *
  16:../../../stack/LwMesh/TDMA/sys/src/sys.c ****  * 2. Redistributions in binary form must reproduce the above copyright notice,
  17:../../../stack/LwMesh/TDMA/sys/src/sys.c ****  *    this list of conditions and the following disclaimer in the documentation
  18:../../../stack/LwMesh/TDMA/sys/src/sys.c ****  *    and/or other materials provided with the distribution.
  19:../../../stack/LwMesh/TDMA/sys/src/sys.c ****  *
  20:../../../stack/LwMesh/TDMA/sys/src/sys.c ****  * 3. The name of Atmel may not be used to endorse or promote products derived
  21:../../../stack/LwMesh/TDMA/sys/src/sys.c ****  *    from this software without specific prior written permission.
  22:../../../stack/LwMesh/TDMA/sys/src/sys.c ****  *
  23:../../../stack/LwMesh/TDMA/sys/src/sys.c ****  * 4. This software may only be redistributed and used in connection with an
  24:../../../stack/LwMesh/TDMA/sys/src/sys.c ****  *    Atmel microcontroller product.
  25:../../../stack/LwMesh/TDMA/sys/src/sys.c ****  *
  26:../../../stack/LwMesh/TDMA/sys/src/sys.c ****  * THIS SOFTWARE IS PROVIDED BY ATMEL "AS IS" AND ANY EXPRESS OR IMPLIED
  27:../../../stack/LwMesh/TDMA/sys/src/sys.c ****  * WARRANTIES, INCLUDING, BUT NOT LIMITED TO, THE IMPLIED WARRANTIES OF
  28:../../../stack/LwMesh/TDMA/sys/src/sys.c ****  * MERCHANTABILITY, FITNESS FOR A PARTICULAR PURPOSE AND NON-INFRINGEMENT ARE
  29:../../../stack/LwMesh/TDMA/sys/src/sys.c ****  * EXPRESSLY AND SPECIFICALLY DISCLAIMED. IN NO EVENT SHALL ATMEL BE LIABLE FOR
  30:../../../stack/LwMesh/TDMA/sys/src/sys.c ****  * ANY DIRECT, INDIRECT, INCIDENTAL, SPECIAL, EXEMPLARY, OR CONSEQUENTIAL
  31:../../../stack/LwMesh/TDMA/sys/src/sys.c ****  * DAMAGES (INCLUDING, BUT NOT LIMITED TO, PROCUREMENT OF SUBSTITUTE GOODS
  32:../../../stack/LwMesh/TDMA/sys/src/sys.c ****  * OR SERVICES; LOSS OF USE, DATA, OR PROFITS; OR BUSINESS INTERRUPTION)
  33:../../../stack/LwMesh/TDMA/sys/src/sys.c ****  * HOWEVER CAUSED AND ON ANY THEORY OF LIABILITY, WHETHER IN CONTRACT,
  34:../../../stack/LwMesh/TDMA/sys/src/sys.c ****  * STRICT LIABILITY, OR TORT (INCLUDING NEGLIGENCE OR OTHERWISE) ARISING IN
  35:../../../stack/LwMesh/TDMA/sys/src/sys.c ****  * ANY WAY OUT OF THE USE OF THIS SOFTWARE, EVEN IF ADVISED OF THE
  36:../../../stack/LwMesh/TDMA/sys/src/sys.c ****  * POSSIBILITY OF SUCH DAMAGE.
  37:../../../stack/LwMesh/TDMA/sys/src/sys.c ****  *
  38:../../../stack/LwMesh/TDMA/sys/src/sys.c ****  * \asf_license_stop
  39:../../../stack/LwMesh/TDMA/sys/src/sys.c ****  *
  40:../../../stack/LwMesh/TDMA/sys/src/sys.c ****  *
  41:../../../stack/LwMesh/TDMA/sys/src/sys.c ****  */
  42:../../../stack/LwMesh/TDMA/sys/src/sys.c **** 
  43:../../../stack/LwMesh/TDMA/sys/src/sys.c **** /*
  44:../../../stack/LwMesh/TDMA/sys/src/sys.c ****  * Copyright (c) 2014, Atmel Corporation All rights reserved.
  45:../../../stack/LwMesh/TDMA/sys/src/sys.c ****  *
  46:../../../stack/LwMesh/TDMA/sys/src/sys.c ****  * Licensed under Atmel's Limited License Agreement --> EULA.txt
  47:../../../stack/LwMesh/TDMA/sys/src/sys.c ****  */
  48:../../../stack/LwMesh/TDMA/sys/src/sys.c **** 
  49:../../../stack/LwMesh/TDMA/sys/src/sys.c **** /*- Includes ---------------------------------------------------------------*/
  50:../../../stack/LwMesh/TDMA/sys/src/sys.c **** #include "sysConfig.h"
  51:../../../stack/LwMesh/TDMA/sys/src/sys.c **** #include "phy.h"
  52:../../../stack/LwMesh/TDMA/sys/src/sys.c **** #include "nwk.h"
  53:../../../stack/LwMesh/TDMA/sys/src/sys.c **** #if SYS_SECURITY_MODE == 0
  54:../../../stack/LwMesh/TDMA/sys/src/sys.c **** #include "sal.h"
  55:../../../stack/LwMesh/TDMA/sys/src/sys.c **** #endif
  56:../../../stack/LwMesh/TDMA/sys/src/sys.c **** #include "sys.h"
  57:../../../stack/LwMesh/TDMA/sys/src/sys.c **** #include "sysTimer.h"
  58:../../../stack/LwMesh/TDMA/sys/src/sys.c **** #include "asf.h"
  59:../../../stack/LwMesh/TDMA/sys/src/sys.c **** 
  60:../../../stack/LwMesh/TDMA/sys/src/sys.c **** /*- Implementations --------------------------------------------------------*/
  61:../../../stack/LwMesh/TDMA/sys/src/sys.c **** 
  62:../../../stack/LwMesh/TDMA/sys/src/sys.c **** /*************************************************************************//**
  63:../../../stack/LwMesh/TDMA/sys/src/sys.c **** *****************************************************************************/
  64:../../../stack/LwMesh/TDMA/sys/src/sys.c **** void SYS_Init(void)
  65:../../../stack/LwMesh/TDMA/sys/src/sys.c **** {
  16               		.loc 1 65 0
  17               		.cfi_startproc
  18 0000 CF93      		push r28
  19               	.LCFI0:
  20               		.cfi_def_cfa_offset 3
  21               		.cfi_offset 28, -2
  22 0002 DF93      		push r29
  23               	.LCFI1:
  24               		.cfi_def_cfa_offset 4
  25               		.cfi_offset 29, -3
  26 0004 CDB7      		in r28,__SP_L__
  27 0006 DEB7      		in r29,__SP_H__
  28               	.LCFI2:
  29               		.cfi_def_cfa_register 28
  30               	/* prologue: function */
  31               	/* frame size = 0 */
  32               	/* stack size = 2 */
  33               	.L__stack_usage = 2
  66:../../../stack/LwMesh/TDMA/sys/src/sys.c **** 	SYS_TimerInit();
  34               		.loc 1 66 0
  35 0008 0E94 0000 		call SYS_TimerInit
  67:../../../stack/LwMesh/TDMA/sys/src/sys.c **** #if SYS_SECURITY_MODE == 0
  68:../../../stack/LwMesh/TDMA/sys/src/sys.c **** 	sal_init();
  36               		.loc 1 68 0
  37 000c 0E94 0000 		call sal_init
  69:../../../stack/LwMesh/TDMA/sys/src/sys.c **** #endif
  70:../../../stack/LwMesh/TDMA/sys/src/sys.c **** 	PHY_Init();
  38               		.loc 1 70 0
  39 0010 0E94 0000 		call PHY_Init
  71:../../../stack/LwMesh/TDMA/sys/src/sys.c **** 	NWK_Init();
  40               		.loc 1 71 0
  41 0014 0E94 0000 		call NWK_Init
  72:../../../stack/LwMesh/TDMA/sys/src/sys.c **** }
  42               		.loc 1 72 0
  43 0018 0000      		nop
  44               	/* epilogue start */
  45 001a DF91      		pop r29
  46 001c CF91      		pop r28
  47 001e 0895      		ret
  48               		.cfi_endproc
  49               	.LFE66:
  51               	.global	SYS_TaskHandler
  53               	SYS_TaskHandler:
  54               	.LFB67:
  73:../../../stack/LwMesh/TDMA/sys/src/sys.c **** 
  74:../../../stack/LwMesh/TDMA/sys/src/sys.c **** /*************************************************************************//**
  75:../../../stack/LwMesh/TDMA/sys/src/sys.c **** *****************************************************************************/
  76:../../../stack/LwMesh/TDMA/sys/src/sys.c **** void SYS_TaskHandler(void)
  77:../../../stack/LwMesh/TDMA/sys/src/sys.c **** {
  55               		.loc 1 77 0
  56               		.cfi_startproc
  57 0020 CF93      		push r28
  58               	.LCFI3:
  59               		.cfi_def_cfa_offset 3
  60               		.cfi_offset 28, -2
  61 0022 DF93      		push r29
  62               	.LCFI4:
  63               		.cfi_def_cfa_offset 4
  64               		.cfi_offset 29, -3
  65 0024 CDB7      		in r28,__SP_L__
  66 0026 DEB7      		in r29,__SP_H__
  67               	.LCFI5:
  68               		.cfi_def_cfa_register 28
  69               	/* prologue: function */
  70               	/* frame size = 0 */
  71               	/* stack size = 2 */
  72               	.L__stack_usage = 2
  78:../../../stack/LwMesh/TDMA/sys/src/sys.c **** 	PHY_TaskHandler();
  73               		.loc 1 78 0
  74 0028 0E94 0000 		call PHY_TaskHandler
  79:../../../stack/LwMesh/TDMA/sys/src/sys.c **** 	NWK_TaskHandler();
  75               		.loc 1 79 0
  76 002c 0E94 0000 		call NWK_TaskHandler
  80:../../../stack/LwMesh/TDMA/sys/src/sys.c **** 	SYS_TimerTaskHandler();
  77               		.loc 1 80 0
  78 0030 0E94 0000 		call SYS_TimerTaskHandler
  81:../../../stack/LwMesh/TDMA/sys/src/sys.c **** }
  79               		.loc 1 81 0
  80 0034 0000      		nop
  81               	/* epilogue start */
  82 0036 DF91      		pop r29
  83 0038 CF91      		pop r28
  84 003a 0895      		ret
  85               		.cfi_endproc
  86               	.LFE67:
  88               	.Letext0:
DEFINED SYMBOLS
                            *ABS*:00000000 sys.c
C:\Users\guilh\AppData\Local\Temp\ccl089IQ.s:2      *ABS*:0000003e __SP_H__
C:\Users\guilh\AppData\Local\Temp\ccl089IQ.s:3      *ABS*:0000003d __SP_L__
C:\Users\guilh\AppData\Local\Temp\ccl089IQ.s:4      *ABS*:0000003f __SREG__
C:\Users\guilh\AppData\Local\Temp\ccl089IQ.s:5      *ABS*:0000003b __RAMPZ__
C:\Users\guilh\AppData\Local\Temp\ccl089IQ.s:6      *ABS*:00000000 __tmp_reg__
C:\Users\guilh\AppData\Local\Temp\ccl089IQ.s:7      *ABS*:00000001 __zero_reg__
C:\Users\guilh\AppData\Local\Temp\ccl089IQ.s:13     .text:00000000 SYS_Init
C:\Users\guilh\AppData\Local\Temp\ccl089IQ.s:53     .text:00000020 SYS_TaskHandler

UNDEFINED SYMBOLS
SYS_TimerInit
sal_init
PHY_Init
NWK_Init
PHY_TaskHandler
NWK_TaskHandler
SYS_TimerTaskHandler
