   1              	 .cpu cortex-m4
   2              	 .eabi_attribute 20,1
   3              	 .eabi_attribute 21,1
   4              	 .eabi_attribute 23,3
   5              	 .eabi_attribute 24,1
   6              	 .eabi_attribute 25,1
   7              	 .eabi_attribute 26,1
   8              	 .eabi_attribute 30,6
   9              	 .eabi_attribute 34,1
  10              	 .eabi_attribute 18,4
  11              	 .file "exceptions.c"
  12              	 .text
  13              	.Ltext0:
  14              	 .cfi_sections .debug_frame
  15              	 .align 1
  16              	 .global Dummy_Handler
  17              	 .syntax unified
  18              	 .thumb
  19              	 .thumb_func
  20              	 .fpu softvfp
  22              	Dummy_Handler:
  23              	.LFB111:
  24              	 .file 1 "../../../platform/sam/utils/cmsis/sam4l/source/templates/exceptions.c"
   1:../../../platform/sam/utils/cmsis/sam4l/source/templates/exceptions.c **** /**
   2:../../../platform/sam/utils/cmsis/sam4l/source/templates/exceptions.c ****  * \file
   3:../../../platform/sam/utils/cmsis/sam4l/source/templates/exceptions.c ****  *
   4:../../../platform/sam/utils/cmsis/sam4l/source/templates/exceptions.c ****  * \brief This file contains the default exception handlers.
   5:../../../platform/sam/utils/cmsis/sam4l/source/templates/exceptions.c ****  *
   6:../../../platform/sam/utils/cmsis/sam4l/source/templates/exceptions.c ****  * Copyright (c) 2012-2013 Atmel Corporation. All rights reserved.
   7:../../../platform/sam/utils/cmsis/sam4l/source/templates/exceptions.c ****  *
   8:../../../platform/sam/utils/cmsis/sam4l/source/templates/exceptions.c ****  * \asf_license_start
   9:../../../platform/sam/utils/cmsis/sam4l/source/templates/exceptions.c ****  *
  10:../../../platform/sam/utils/cmsis/sam4l/source/templates/exceptions.c ****  * \page License
  11:../../../platform/sam/utils/cmsis/sam4l/source/templates/exceptions.c ****  *
  12:../../../platform/sam/utils/cmsis/sam4l/source/templates/exceptions.c ****  * Redistribution and use in source and binary forms, with or without
  13:../../../platform/sam/utils/cmsis/sam4l/source/templates/exceptions.c ****  * modification, are permitted provided that the following conditions are met:
  14:../../../platform/sam/utils/cmsis/sam4l/source/templates/exceptions.c ****  *
  15:../../../platform/sam/utils/cmsis/sam4l/source/templates/exceptions.c ****  * 1. Redistributions of source code must retain the above copyright notice,
  16:../../../platform/sam/utils/cmsis/sam4l/source/templates/exceptions.c ****  *    this list of conditions and the following disclaimer.
  17:../../../platform/sam/utils/cmsis/sam4l/source/templates/exceptions.c ****  *
  18:../../../platform/sam/utils/cmsis/sam4l/source/templates/exceptions.c ****  * 2. Redistributions in binary form must reproduce the above copyright notice,
  19:../../../platform/sam/utils/cmsis/sam4l/source/templates/exceptions.c ****  *    this list of conditions and the following disclaimer in the documentation
  20:../../../platform/sam/utils/cmsis/sam4l/source/templates/exceptions.c ****  *    and/or other materials provided with the distribution.
  21:../../../platform/sam/utils/cmsis/sam4l/source/templates/exceptions.c ****  *
  22:../../../platform/sam/utils/cmsis/sam4l/source/templates/exceptions.c ****  * 3. The name of Atmel may not be used to endorse or promote products derived
  23:../../../platform/sam/utils/cmsis/sam4l/source/templates/exceptions.c ****  *    from this software without specific prior written permission.
  24:../../../platform/sam/utils/cmsis/sam4l/source/templates/exceptions.c ****  *
  25:../../../platform/sam/utils/cmsis/sam4l/source/templates/exceptions.c ****  * 4. This software may only be redistributed and used in connection with an
  26:../../../platform/sam/utils/cmsis/sam4l/source/templates/exceptions.c ****  *    Atmel microcontroller product.
  27:../../../platform/sam/utils/cmsis/sam4l/source/templates/exceptions.c ****  *
  28:../../../platform/sam/utils/cmsis/sam4l/source/templates/exceptions.c ****  * THIS SOFTWARE IS PROVIDED BY ATMEL "AS IS" AND ANY EXPRESS OR IMPLIED
  29:../../../platform/sam/utils/cmsis/sam4l/source/templates/exceptions.c ****  * WARRANTIES, INCLUDING, BUT NOT LIMITED TO, THE IMPLIED WARRANTIES OF
  30:../../../platform/sam/utils/cmsis/sam4l/source/templates/exceptions.c ****  * MERCHANTABILITY, FITNESS FOR A PARTICULAR PURPOSE AND NON-INFRINGEMENT ARE
  31:../../../platform/sam/utils/cmsis/sam4l/source/templates/exceptions.c ****  * EXPRESSLY AND SPECIFICALLY DISCLAIMED. IN NO EVENT SHALL ATMEL BE LIABLE FOR
  32:../../../platform/sam/utils/cmsis/sam4l/source/templates/exceptions.c ****  * ANY DIRECT, INDIRECT, INCIDENTAL, SPECIAL, EXEMPLARY, OR CONSEQUENTIAL
  33:../../../platform/sam/utils/cmsis/sam4l/source/templates/exceptions.c ****  * DAMAGES (INCLUDING, BUT NOT LIMITED TO, PROCUREMENT OF SUBSTITUTE GOODS
  34:../../../platform/sam/utils/cmsis/sam4l/source/templates/exceptions.c ****  * OR SERVICES; LOSS OF USE, DATA, OR PROFITS; OR BUSINESS INTERRUPTION)
  35:../../../platform/sam/utils/cmsis/sam4l/source/templates/exceptions.c ****  * HOWEVER CAUSED AND ON ANY THEORY OF LIABILITY, WHETHER IN CONTRACT,
  36:../../../platform/sam/utils/cmsis/sam4l/source/templates/exceptions.c ****  * STRICT LIABILITY, OR TORT (INCLUDING NEGLIGENCE OR OTHERWISE) ARISING IN
  37:../../../platform/sam/utils/cmsis/sam4l/source/templates/exceptions.c ****  * ANY WAY OUT OF THE USE OF THIS SOFTWARE, EVEN IF ADVISED OF THE
  38:../../../platform/sam/utils/cmsis/sam4l/source/templates/exceptions.c ****  * POSSIBILITY OF SUCH DAMAGE.
  39:../../../platform/sam/utils/cmsis/sam4l/source/templates/exceptions.c ****  *
  40:../../../platform/sam/utils/cmsis/sam4l/source/templates/exceptions.c ****  * \asf_license_stop
  41:../../../platform/sam/utils/cmsis/sam4l/source/templates/exceptions.c ****  *
  42:../../../platform/sam/utils/cmsis/sam4l/source/templates/exceptions.c ****  * \par Purpose
  43:../../../platform/sam/utils/cmsis/sam4l/source/templates/exceptions.c ****  *
  44:../../../platform/sam/utils/cmsis/sam4l/source/templates/exceptions.c ****  * This file provides basic support for Cortex-M processor based
  45:../../../platform/sam/utils/cmsis/sam4l/source/templates/exceptions.c ****  * microcontrollers.
  46:../../../platform/sam/utils/cmsis/sam4l/source/templates/exceptions.c ****  *
  47:../../../platform/sam/utils/cmsis/sam4l/source/templates/exceptions.c ****  * \note
  48:../../../platform/sam/utils/cmsis/sam4l/source/templates/exceptions.c ****  * The exception handler has weak aliases.
  49:../../../platform/sam/utils/cmsis/sam4l/source/templates/exceptions.c ****  * As they are weak aliases, any function with the same name will override
  50:../../../platform/sam/utils/cmsis/sam4l/source/templates/exceptions.c ****  * this definition.
  51:../../../platform/sam/utils/cmsis/sam4l/source/templates/exceptions.c ****  *
  52:../../../platform/sam/utils/cmsis/sam4l/source/templates/exceptions.c ****  */
  53:../../../platform/sam/utils/cmsis/sam4l/source/templates/exceptions.c **** 
  54:../../../platform/sam/utils/cmsis/sam4l/source/templates/exceptions.c **** #include "exceptions.h"
  55:../../../platform/sam/utils/cmsis/sam4l/source/templates/exceptions.c **** 
  56:../../../platform/sam/utils/cmsis/sam4l/source/templates/exceptions.c **** /* @cond 0 */
  57:../../../platform/sam/utils/cmsis/sam4l/source/templates/exceptions.c **** /**INDENT-OFF**/
  58:../../../platform/sam/utils/cmsis/sam4l/source/templates/exceptions.c **** #ifdef __cplusplus
  59:../../../platform/sam/utils/cmsis/sam4l/source/templates/exceptions.c **** extern "C" {
  60:../../../platform/sam/utils/cmsis/sam4l/source/templates/exceptions.c **** #endif
  61:../../../platform/sam/utils/cmsis/sam4l/source/templates/exceptions.c **** /**INDENT-ON**/
  62:../../../platform/sam/utils/cmsis/sam4l/source/templates/exceptions.c **** /* @endcond */
  63:../../../platform/sam/utils/cmsis/sam4l/source/templates/exceptions.c **** 
  64:../../../platform/sam/utils/cmsis/sam4l/source/templates/exceptions.c **** #ifdef __GNUC__
  65:../../../platform/sam/utils/cmsis/sam4l/source/templates/exceptions.c **** /* Cortex-M core handlers */
  66:../../../platform/sam/utils/cmsis/sam4l/source/templates/exceptions.c **** void Reset_Handler      ( void ) __attribute__ ((weak, alias("Dummy_Handler")));
  67:../../../platform/sam/utils/cmsis/sam4l/source/templates/exceptions.c **** void NMI_Handler        ( void ) __attribute__ ((weak, alias("Dummy_Handler")));
  68:../../../platform/sam/utils/cmsis/sam4l/source/templates/exceptions.c **** void HardFault_Handler  ( void ) __attribute__ ((weak, alias("Dummy_Handler")));
  69:../../../platform/sam/utils/cmsis/sam4l/source/templates/exceptions.c **** void MemManage_Handler  ( void ) __attribute__ ((weak, alias("Dummy_Handler")));
  70:../../../platform/sam/utils/cmsis/sam4l/source/templates/exceptions.c **** void BusFault_Handler   ( void ) __attribute__ ((weak, alias("Dummy_Handler")));
  71:../../../platform/sam/utils/cmsis/sam4l/source/templates/exceptions.c **** void UsageFault_Handler ( void ) __attribute__ ((weak, alias("Dummy_Handler")));
  72:../../../platform/sam/utils/cmsis/sam4l/source/templates/exceptions.c **** void SVC_Handler        ( void ) __attribute__ ((weak, alias("Dummy_Handler")));
  73:../../../platform/sam/utils/cmsis/sam4l/source/templates/exceptions.c **** void DebugMon_Handler   ( void ) __attribute__ ((weak, alias("Dummy_Handler")));
  74:../../../platform/sam/utils/cmsis/sam4l/source/templates/exceptions.c **** void PendSV_Handler     ( void ) __attribute__ ((weak, alias("Dummy_Handler")));
  75:../../../platform/sam/utils/cmsis/sam4l/source/templates/exceptions.c **** void SysTick_Handler    ( void ) __attribute__ ((weak, alias("Dummy_Handler")));
  76:../../../platform/sam/utils/cmsis/sam4l/source/templates/exceptions.c **** 
  77:../../../platform/sam/utils/cmsis/sam4l/source/templates/exceptions.c **** /* Peripherals handlers */
  78:../../../platform/sam/utils/cmsis/sam4l/source/templates/exceptions.c **** void ABDACB_Handler(void)       __attribute__ ((weak, alias("Dummy_Handler")));
  79:../../../platform/sam/utils/cmsis/sam4l/source/templates/exceptions.c **** void ACIFC_Handler(void)        __attribute__ ((weak, alias("Dummy_Handler")));
  80:../../../platform/sam/utils/cmsis/sam4l/source/templates/exceptions.c **** void ADCIFE_Handler(void)       __attribute__ ((weak, alias("Dummy_Handler")));
  81:../../../platform/sam/utils/cmsis/sam4l/source/templates/exceptions.c **** void AESA_Handler(void)         __attribute__ ((weak, alias("Dummy_Handler")));
  82:../../../platform/sam/utils/cmsis/sam4l/source/templates/exceptions.c **** void AST_ALARM_Handler(void)    __attribute__ ((weak, alias("Dummy_Handler")));
  83:../../../platform/sam/utils/cmsis/sam4l/source/templates/exceptions.c **** void AST_CLKREADY_Handler(void) __attribute__ ((weak, alias("Dummy_Handler")));
  84:../../../platform/sam/utils/cmsis/sam4l/source/templates/exceptions.c **** void AST_OVF_Handler(void)      __attribute__ ((weak, alias("Dummy_Handler")));
  85:../../../platform/sam/utils/cmsis/sam4l/source/templates/exceptions.c **** void AST_PER_Handler(void)      __attribute__ ((weak, alias("Dummy_Handler")));
  86:../../../platform/sam/utils/cmsis/sam4l/source/templates/exceptions.c **** void AST_READY_Handler(void)    __attribute__ ((weak, alias("Dummy_Handler")));
  87:../../../platform/sam/utils/cmsis/sam4l/source/templates/exceptions.c **** void BPM_Handler(void)          __attribute__ ((weak, alias("Dummy_Handler")));
  88:../../../platform/sam/utils/cmsis/sam4l/source/templates/exceptions.c **** void BSCIF_Handler(void)        __attribute__ ((weak, alias("Dummy_Handler")));
  89:../../../platform/sam/utils/cmsis/sam4l/source/templates/exceptions.c **** void CATB_Handler(void)         __attribute__ ((weak, alias("Dummy_Handler")));
  90:../../../platform/sam/utils/cmsis/sam4l/source/templates/exceptions.c **** void CRCCU_Handler(void)        __attribute__ ((weak, alias("Dummy_Handler")));
  91:../../../platform/sam/utils/cmsis/sam4l/source/templates/exceptions.c **** void DACC_Handler(void)         __attribute__ ((weak, alias("Dummy_Handler")));
  92:../../../platform/sam/utils/cmsis/sam4l/source/templates/exceptions.c **** void EIC_1_Handler(void)        __attribute__ ((weak, alias("Dummy_Handler")));
  93:../../../platform/sam/utils/cmsis/sam4l/source/templates/exceptions.c **** void EIC_2_Handler(void)        __attribute__ ((weak, alias("Dummy_Handler")));
  94:../../../platform/sam/utils/cmsis/sam4l/source/templates/exceptions.c **** void EIC_3_Handler(void)        __attribute__ ((weak, alias("Dummy_Handler")));
  95:../../../platform/sam/utils/cmsis/sam4l/source/templates/exceptions.c **** void EIC_4_Handler(void)        __attribute__ ((weak, alias("Dummy_Handler")));
  96:../../../platform/sam/utils/cmsis/sam4l/source/templates/exceptions.c **** void EIC_5_Handler(void)        __attribute__ ((weak, alias("Dummy_Handler")));
  97:../../../platform/sam/utils/cmsis/sam4l/source/templates/exceptions.c **** void EIC_6_Handler(void)        __attribute__ ((weak, alias("Dummy_Handler")));
  98:../../../platform/sam/utils/cmsis/sam4l/source/templates/exceptions.c **** void EIC_7_Handler(void)        __attribute__ ((weak, alias("Dummy_Handler")));
  99:../../../platform/sam/utils/cmsis/sam4l/source/templates/exceptions.c **** void EIC_8_Handler(void)        __attribute__ ((weak, alias("Dummy_Handler")));
 100:../../../platform/sam/utils/cmsis/sam4l/source/templates/exceptions.c **** void FREQM_Handler(void)        __attribute__ ((weak, alias("Dummy_Handler")));
 101:../../../platform/sam/utils/cmsis/sam4l/source/templates/exceptions.c **** void GPIO_0_Handler(void)       __attribute__ ((weak, alias("Dummy_Handler")));
 102:../../../platform/sam/utils/cmsis/sam4l/source/templates/exceptions.c **** void GPIO_1_Handler(void)       __attribute__ ((weak, alias("Dummy_Handler")));
 103:../../../platform/sam/utils/cmsis/sam4l/source/templates/exceptions.c **** void GPIO_10_Handler(void)      __attribute__ ((weak, alias("Dummy_Handler")));
 104:../../../platform/sam/utils/cmsis/sam4l/source/templates/exceptions.c **** void GPIO_11_Handler(void)      __attribute__ ((weak, alias("Dummy_Handler")));
 105:../../../platform/sam/utils/cmsis/sam4l/source/templates/exceptions.c **** void GPIO_2_Handler(void)       __attribute__ ((weak, alias("Dummy_Handler")));
 106:../../../platform/sam/utils/cmsis/sam4l/source/templates/exceptions.c **** void GPIO_3_Handler(void)       __attribute__ ((weak, alias("Dummy_Handler")));
 107:../../../platform/sam/utils/cmsis/sam4l/source/templates/exceptions.c **** void GPIO_4_Handler(void)       __attribute__ ((weak, alias("Dummy_Handler")));
 108:../../../platform/sam/utils/cmsis/sam4l/source/templates/exceptions.c **** void GPIO_5_Handler(void)       __attribute__ ((weak, alias("Dummy_Handler")));
 109:../../../platform/sam/utils/cmsis/sam4l/source/templates/exceptions.c **** void GPIO_6_Handler(void)       __attribute__ ((weak, alias("Dummy_Handler")));
 110:../../../platform/sam/utils/cmsis/sam4l/source/templates/exceptions.c **** void GPIO_7_Handler(void)       __attribute__ ((weak, alias("Dummy_Handler")));
 111:../../../platform/sam/utils/cmsis/sam4l/source/templates/exceptions.c **** void GPIO_8_Handler(void)       __attribute__ ((weak, alias("Dummy_Handler")));
 112:../../../platform/sam/utils/cmsis/sam4l/source/templates/exceptions.c **** void GPIO_9_Handler(void)       __attribute__ ((weak, alias("Dummy_Handler")));
 113:../../../platform/sam/utils/cmsis/sam4l/source/templates/exceptions.c **** void HFLASHC_Handler(void)      __attribute__ ((weak, alias("Dummy_Handler")));
 114:../../../platform/sam/utils/cmsis/sam4l/source/templates/exceptions.c **** void IISC_Handler(void)         __attribute__ ((weak, alias("Dummy_Handler")));
 115:../../../platform/sam/utils/cmsis/sam4l/source/templates/exceptions.c **** void LCDCA_Handler(void)        __attribute__ ((weak, alias("Dummy_Handler")));
 116:../../../platform/sam/utils/cmsis/sam4l/source/templates/exceptions.c **** void PARC_Handler(void)         __attribute__ ((weak, alias("Dummy_Handler")));
 117:../../../platform/sam/utils/cmsis/sam4l/source/templates/exceptions.c **** void PDCA_0_Handler(void)       __attribute__ ((weak, alias("Dummy_Handler")));
 118:../../../platform/sam/utils/cmsis/sam4l/source/templates/exceptions.c **** void PDCA_1_Handler(void)       __attribute__ ((weak, alias("Dummy_Handler")));
 119:../../../platform/sam/utils/cmsis/sam4l/source/templates/exceptions.c **** void PDCA_10_Handler(void)      __attribute__ ((weak, alias("Dummy_Handler")));
 120:../../../platform/sam/utils/cmsis/sam4l/source/templates/exceptions.c **** void PDCA_11_Handler(void)      __attribute__ ((weak, alias("Dummy_Handler")));
 121:../../../platform/sam/utils/cmsis/sam4l/source/templates/exceptions.c **** void PDCA_12_Handler(void)      __attribute__ ((weak, alias("Dummy_Handler")));
 122:../../../platform/sam/utils/cmsis/sam4l/source/templates/exceptions.c **** void PDCA_13_Handler(void)      __attribute__ ((weak, alias("Dummy_Handler")));
 123:../../../platform/sam/utils/cmsis/sam4l/source/templates/exceptions.c **** void PDCA_14_Handler(void)      __attribute__ ((weak, alias("Dummy_Handler")));
 124:../../../platform/sam/utils/cmsis/sam4l/source/templates/exceptions.c **** void PDCA_15_Handler(void)      __attribute__ ((weak, alias("Dummy_Handler")));
 125:../../../platform/sam/utils/cmsis/sam4l/source/templates/exceptions.c **** void PDCA_2_Handler(void)       __attribute__ ((weak, alias("Dummy_Handler")));
 126:../../../platform/sam/utils/cmsis/sam4l/source/templates/exceptions.c **** void PDCA_3_Handler(void)       __attribute__ ((weak, alias("Dummy_Handler")));
 127:../../../platform/sam/utils/cmsis/sam4l/source/templates/exceptions.c **** void PDCA_4_Handler(void)       __attribute__ ((weak, alias("Dummy_Handler")));
 128:../../../platform/sam/utils/cmsis/sam4l/source/templates/exceptions.c **** void PDCA_5_Handler(void)       __attribute__ ((weak, alias("Dummy_Handler")));
 129:../../../platform/sam/utils/cmsis/sam4l/source/templates/exceptions.c **** void PDCA_6_Handler(void)       __attribute__ ((weak, alias("Dummy_Handler")));
 130:../../../platform/sam/utils/cmsis/sam4l/source/templates/exceptions.c **** void PDCA_7_Handler(void)       __attribute__ ((weak, alias("Dummy_Handler")));
 131:../../../platform/sam/utils/cmsis/sam4l/source/templates/exceptions.c **** void PDCA_8_Handler(void)       __attribute__ ((weak, alias("Dummy_Handler")));
 132:../../../platform/sam/utils/cmsis/sam4l/source/templates/exceptions.c **** void PDCA_9_Handler(void)       __attribute__ ((weak, alias("Dummy_Handler")));
 133:../../../platform/sam/utils/cmsis/sam4l/source/templates/exceptions.c **** void PEVC_OV_Handler(void)      __attribute__ ((weak, alias("Dummy_Handler")));
 134:../../../platform/sam/utils/cmsis/sam4l/source/templates/exceptions.c **** void PEVC_TR_Handler(void)      __attribute__ ((weak, alias("Dummy_Handler")));
 135:../../../platform/sam/utils/cmsis/sam4l/source/templates/exceptions.c **** void PM_Handler(void)           __attribute__ ((weak, alias("Dummy_Handler")));
 136:../../../platform/sam/utils/cmsis/sam4l/source/templates/exceptions.c **** void SCIF_Handler(void)         __attribute__ ((weak, alias("Dummy_Handler")));
 137:../../../platform/sam/utils/cmsis/sam4l/source/templates/exceptions.c **** void SPI_Handler(void)          __attribute__ ((weak, alias("Dummy_Handler")));
 138:../../../platform/sam/utils/cmsis/sam4l/source/templates/exceptions.c **** void TC00_Handler(void)        __attribute__ ((weak, alias("Dummy_Handler")));
 139:../../../platform/sam/utils/cmsis/sam4l/source/templates/exceptions.c **** void TC01_Handler(void)        __attribute__ ((weak, alias("Dummy_Handler")));
 140:../../../platform/sam/utils/cmsis/sam4l/source/templates/exceptions.c **** void TC02_Handler(void)        __attribute__ ((weak, alias("Dummy_Handler")));
 141:../../../platform/sam/utils/cmsis/sam4l/source/templates/exceptions.c **** void TC10_Handler(void)        __attribute__ ((weak, alias("Dummy_Handler")));
 142:../../../platform/sam/utils/cmsis/sam4l/source/templates/exceptions.c **** void TC11_Handler(void)        __attribute__ ((weak, alias("Dummy_Handler")));
 143:../../../platform/sam/utils/cmsis/sam4l/source/templates/exceptions.c **** void TC12_Handler(void)        __attribute__ ((weak, alias("Dummy_Handler")));
 144:../../../platform/sam/utils/cmsis/sam4l/source/templates/exceptions.c **** void TRNG_Handler(void)         __attribute__ ((weak, alias("Dummy_Handler")));
 145:../../../platform/sam/utils/cmsis/sam4l/source/templates/exceptions.c **** void TWIM0_Handler(void)        __attribute__ ((weak, alias("Dummy_Handler")));
 146:../../../platform/sam/utils/cmsis/sam4l/source/templates/exceptions.c **** void TWIM1_Handler(void)        __attribute__ ((weak, alias("Dummy_Handler")));
 147:../../../platform/sam/utils/cmsis/sam4l/source/templates/exceptions.c **** void TWIM2_Handler(void)        __attribute__ ((weak, alias("Dummy_Handler")));
 148:../../../platform/sam/utils/cmsis/sam4l/source/templates/exceptions.c **** void TWIM3_Handler(void)        __attribute__ ((weak, alias("Dummy_Handler")));
 149:../../../platform/sam/utils/cmsis/sam4l/source/templates/exceptions.c **** void TWIS0_Handler(void)        __attribute__ ((weak, alias("Dummy_Handler")));
 150:../../../platform/sam/utils/cmsis/sam4l/source/templates/exceptions.c **** void TWIS1_Handler(void)        __attribute__ ((weak, alias("Dummy_Handler")));
 151:../../../platform/sam/utils/cmsis/sam4l/source/templates/exceptions.c **** void USART0_Handler(void)       __attribute__ ((weak, alias("Dummy_Handler")));
 152:../../../platform/sam/utils/cmsis/sam4l/source/templates/exceptions.c **** void USART1_Handler(void)       __attribute__ ((weak, alias("Dummy_Handler")));
 153:../../../platform/sam/utils/cmsis/sam4l/source/templates/exceptions.c **** void USART2_Handler(void)       __attribute__ ((weak, alias("Dummy_Handler")));
 154:../../../platform/sam/utils/cmsis/sam4l/source/templates/exceptions.c **** void USART3_Handler(void)       __attribute__ ((weak, alias("Dummy_Handler")));
 155:../../../platform/sam/utils/cmsis/sam4l/source/templates/exceptions.c **** void USBC_Handler(void)         __attribute__ ((weak, alias("Dummy_Handler")));
 156:../../../platform/sam/utils/cmsis/sam4l/source/templates/exceptions.c **** void WDT_Handler(void)          __attribute__ ((weak, alias("Dummy_Handler")));
 157:../../../platform/sam/utils/cmsis/sam4l/source/templates/exceptions.c **** #endif /* __GNUC__ */
 158:../../../platform/sam/utils/cmsis/sam4l/source/templates/exceptions.c **** 
 159:../../../platform/sam/utils/cmsis/sam4l/source/templates/exceptions.c **** #ifdef __ICCARM__
 160:../../../platform/sam/utils/cmsis/sam4l/source/templates/exceptions.c **** /* Cortex-M3 core handlers */
 161:../../../platform/sam/utils/cmsis/sam4l/source/templates/exceptions.c **** #pragma weak Reset_Handler=Dummy_Handler
 162:../../../platform/sam/utils/cmsis/sam4l/source/templates/exceptions.c **** #pragma weak NMI_Handler=Dummy_Handler
 163:../../../platform/sam/utils/cmsis/sam4l/source/templates/exceptions.c **** #pragma weak HardFault_Handler=Dummy_Handler
 164:../../../platform/sam/utils/cmsis/sam4l/source/templates/exceptions.c **** #pragma weak MemManage_Handler=Dummy_Handler
 165:../../../platform/sam/utils/cmsis/sam4l/source/templates/exceptions.c **** #pragma weak BusFault_Handler=Dummy_Handler
 166:../../../platform/sam/utils/cmsis/sam4l/source/templates/exceptions.c **** #pragma weak UsageFault_Handler=Dummy_Handler
 167:../../../platform/sam/utils/cmsis/sam4l/source/templates/exceptions.c **** #pragma weak SVC_Handler=Dummy_Handler
 168:../../../platform/sam/utils/cmsis/sam4l/source/templates/exceptions.c **** #pragma weak DebugMon_Handler=Dummy_Handler
 169:../../../platform/sam/utils/cmsis/sam4l/source/templates/exceptions.c **** #pragma weak PendSV_Handler=Dummy_Handler
 170:../../../platform/sam/utils/cmsis/sam4l/source/templates/exceptions.c **** #pragma weak SysTick_Handler=Dummy_Handler
 171:../../../platform/sam/utils/cmsis/sam4l/source/templates/exceptions.c **** 
 172:../../../platform/sam/utils/cmsis/sam4l/source/templates/exceptions.c **** /* Peripherals handlers */
 173:../../../platform/sam/utils/cmsis/sam4l/source/templates/exceptions.c **** #pragma weak ABDACB_Handler       = Dummy_Handler
 174:../../../platform/sam/utils/cmsis/sam4l/source/templates/exceptions.c **** #pragma weak ACIFC_Handler        = Dummy_Handler
 175:../../../platform/sam/utils/cmsis/sam4l/source/templates/exceptions.c **** #pragma weak ADCIFE_Handler       = Dummy_Handler
 176:../../../platform/sam/utils/cmsis/sam4l/source/templates/exceptions.c **** #pragma weak AESA_Handler         = Dummy_Handler
 177:../../../platform/sam/utils/cmsis/sam4l/source/templates/exceptions.c **** #pragma weak AST_ALARM_Handler    = Dummy_Handler
 178:../../../platform/sam/utils/cmsis/sam4l/source/templates/exceptions.c **** #pragma weak AST_CLKREADY_Handler = Dummy_Handler
 179:../../../platform/sam/utils/cmsis/sam4l/source/templates/exceptions.c **** #pragma weak AST_OVF_Handler      = Dummy_Handler
 180:../../../platform/sam/utils/cmsis/sam4l/source/templates/exceptions.c **** #pragma weak AST_PER_Handler      = Dummy_Handler
 181:../../../platform/sam/utils/cmsis/sam4l/source/templates/exceptions.c **** #pragma weak AST_READY_Handler    = Dummy_Handler
 182:../../../platform/sam/utils/cmsis/sam4l/source/templates/exceptions.c **** #pragma weak BPM_Handler          = Dummy_Handler
 183:../../../platform/sam/utils/cmsis/sam4l/source/templates/exceptions.c **** #pragma weak BSCIF_Handler        = Dummy_Handler
 184:../../../platform/sam/utils/cmsis/sam4l/source/templates/exceptions.c **** #pragma weak CATB_Handler         = Dummy_Handler
 185:../../../platform/sam/utils/cmsis/sam4l/source/templates/exceptions.c **** #pragma weak CRCCU_Handler        = Dummy_Handler
 186:../../../platform/sam/utils/cmsis/sam4l/source/templates/exceptions.c **** #pragma weak DACC_Handler         = Dummy_Handler
 187:../../../platform/sam/utils/cmsis/sam4l/source/templates/exceptions.c **** #pragma weak EIC_1_Handler        = Dummy_Handler
 188:../../../platform/sam/utils/cmsis/sam4l/source/templates/exceptions.c **** #pragma weak EIC_2_Handler        = Dummy_Handler
 189:../../../platform/sam/utils/cmsis/sam4l/source/templates/exceptions.c **** #pragma weak EIC_3_Handler        = Dummy_Handler
 190:../../../platform/sam/utils/cmsis/sam4l/source/templates/exceptions.c **** #pragma weak EIC_4_Handler        = Dummy_Handler
 191:../../../platform/sam/utils/cmsis/sam4l/source/templates/exceptions.c **** #pragma weak EIC_5_Handler        = Dummy_Handler
 192:../../../platform/sam/utils/cmsis/sam4l/source/templates/exceptions.c **** #pragma weak EIC_6_Handler        = Dummy_Handler
 193:../../../platform/sam/utils/cmsis/sam4l/source/templates/exceptions.c **** #pragma weak EIC_7_Handler        = Dummy_Handler
 194:../../../platform/sam/utils/cmsis/sam4l/source/templates/exceptions.c **** #pragma weak EIC_8_Handler        = Dummy_Handler
 195:../../../platform/sam/utils/cmsis/sam4l/source/templates/exceptions.c **** #pragma weak FREQM_Handler        = Dummy_Handler
 196:../../../platform/sam/utils/cmsis/sam4l/source/templates/exceptions.c **** #pragma weak GPIO_0_Handler       = Dummy_Handler
 197:../../../platform/sam/utils/cmsis/sam4l/source/templates/exceptions.c **** #pragma weak GPIO_1_Handler       = Dummy_Handler
 198:../../../platform/sam/utils/cmsis/sam4l/source/templates/exceptions.c **** #pragma weak GPIO_10_Handler      = Dummy_Handler
 199:../../../platform/sam/utils/cmsis/sam4l/source/templates/exceptions.c **** #pragma weak GPIO_11_Handler      = Dummy_Handler
 200:../../../platform/sam/utils/cmsis/sam4l/source/templates/exceptions.c **** #pragma weak GPIO_2_Handler       = Dummy_Handler
 201:../../../platform/sam/utils/cmsis/sam4l/source/templates/exceptions.c **** #pragma weak GPIO_3_Handler       = Dummy_Handler
 202:../../../platform/sam/utils/cmsis/sam4l/source/templates/exceptions.c **** #pragma weak GPIO_4_Handler       = Dummy_Handler
 203:../../../platform/sam/utils/cmsis/sam4l/source/templates/exceptions.c **** #pragma weak GPIO_5_Handler       = Dummy_Handler
 204:../../../platform/sam/utils/cmsis/sam4l/source/templates/exceptions.c **** #pragma weak GPIO_6_Handler       = Dummy_Handler
 205:../../../platform/sam/utils/cmsis/sam4l/source/templates/exceptions.c **** #pragma weak GPIO_7_Handler       = Dummy_Handler
 206:../../../platform/sam/utils/cmsis/sam4l/source/templates/exceptions.c **** #pragma weak GPIO_8_Handler       = Dummy_Handler
 207:../../../platform/sam/utils/cmsis/sam4l/source/templates/exceptions.c **** #pragma weak GPIO_9_Handler       = Dummy_Handler
 208:../../../platform/sam/utils/cmsis/sam4l/source/templates/exceptions.c **** #pragma weak HFLASHC_Handler      = Dummy_Handler
 209:../../../platform/sam/utils/cmsis/sam4l/source/templates/exceptions.c **** #pragma weak IISC_Handler         = Dummy_Handler
 210:../../../platform/sam/utils/cmsis/sam4l/source/templates/exceptions.c **** #pragma weak LCDCA_Handler        = Dummy_Handler
 211:../../../platform/sam/utils/cmsis/sam4l/source/templates/exceptions.c **** #pragma weak PARC_Handler         = Dummy_Handler
 212:../../../platform/sam/utils/cmsis/sam4l/source/templates/exceptions.c **** #pragma weak PDCA_0_Handler       = Dummy_Handler
 213:../../../platform/sam/utils/cmsis/sam4l/source/templates/exceptions.c **** #pragma weak PDCA_1_Handler       = Dummy_Handler
 214:../../../platform/sam/utils/cmsis/sam4l/source/templates/exceptions.c **** #pragma weak PDCA_10_Handler      = Dummy_Handler
 215:../../../platform/sam/utils/cmsis/sam4l/source/templates/exceptions.c **** #pragma weak PDCA_11_Handler      = Dummy_Handler
 216:../../../platform/sam/utils/cmsis/sam4l/source/templates/exceptions.c **** #pragma weak PDCA_12_Handler      = Dummy_Handler
 217:../../../platform/sam/utils/cmsis/sam4l/source/templates/exceptions.c **** #pragma weak PDCA_13_Handler      = Dummy_Handler
 218:../../../platform/sam/utils/cmsis/sam4l/source/templates/exceptions.c **** #pragma weak PDCA_14_Handler      = Dummy_Handler
 219:../../../platform/sam/utils/cmsis/sam4l/source/templates/exceptions.c **** #pragma weak PDCA_15_Handler      = Dummy_Handler
 220:../../../platform/sam/utils/cmsis/sam4l/source/templates/exceptions.c **** #pragma weak PDCA_2_Handler       = Dummy_Handler
 221:../../../platform/sam/utils/cmsis/sam4l/source/templates/exceptions.c **** #pragma weak PDCA_3_Handler       = Dummy_Handler
 222:../../../platform/sam/utils/cmsis/sam4l/source/templates/exceptions.c **** #pragma weak PDCA_4_Handler       = Dummy_Handler
 223:../../../platform/sam/utils/cmsis/sam4l/source/templates/exceptions.c **** #pragma weak PDCA_5_Handler       = Dummy_Handler
 224:../../../platform/sam/utils/cmsis/sam4l/source/templates/exceptions.c **** #pragma weak PDCA_6_Handler       = Dummy_Handler
 225:../../../platform/sam/utils/cmsis/sam4l/source/templates/exceptions.c **** #pragma weak PDCA_7_Handler       = Dummy_Handler
 226:../../../platform/sam/utils/cmsis/sam4l/source/templates/exceptions.c **** #pragma weak PDCA_8_Handler       = Dummy_Handler
 227:../../../platform/sam/utils/cmsis/sam4l/source/templates/exceptions.c **** #pragma weak PDCA_9_Handler       = Dummy_Handler
 228:../../../platform/sam/utils/cmsis/sam4l/source/templates/exceptions.c **** #pragma weak PEVC_OV_Handler      = Dummy_Handler
 229:../../../platform/sam/utils/cmsis/sam4l/source/templates/exceptions.c **** #pragma weak PEVC_TR_Handler      = Dummy_Handler
 230:../../../platform/sam/utils/cmsis/sam4l/source/templates/exceptions.c **** #pragma weak PM_Handler           = Dummy_Handler
 231:../../../platform/sam/utils/cmsis/sam4l/source/templates/exceptions.c **** #pragma weak SCIF_Handler         = Dummy_Handler
 232:../../../platform/sam/utils/cmsis/sam4l/source/templates/exceptions.c **** #pragma weak SPI_Handler          = Dummy_Handler
 233:../../../platform/sam/utils/cmsis/sam4l/source/templates/exceptions.c **** #pragma weak TC00_Handler        = Dummy_Handler
 234:../../../platform/sam/utils/cmsis/sam4l/source/templates/exceptions.c **** #pragma weak TC01_Handler        = Dummy_Handler
 235:../../../platform/sam/utils/cmsis/sam4l/source/templates/exceptions.c **** #pragma weak TC02_Handler        = Dummy_Handler
 236:../../../platform/sam/utils/cmsis/sam4l/source/templates/exceptions.c **** #pragma weak TC10_Handler        = Dummy_Handler
 237:../../../platform/sam/utils/cmsis/sam4l/source/templates/exceptions.c **** #pragma weak TC11_Handler        = Dummy_Handler
 238:../../../platform/sam/utils/cmsis/sam4l/source/templates/exceptions.c **** #pragma weak TC12_Handler        = Dummy_Handler
 239:../../../platform/sam/utils/cmsis/sam4l/source/templates/exceptions.c **** #pragma weak TRNG_Handler         = Dummy_Handler
 240:../../../platform/sam/utils/cmsis/sam4l/source/templates/exceptions.c **** #pragma weak TWIM0_Handler        = Dummy_Handler
 241:../../../platform/sam/utils/cmsis/sam4l/source/templates/exceptions.c **** #pragma weak TWIM1_Handler        = Dummy_Handler
 242:../../../platform/sam/utils/cmsis/sam4l/source/templates/exceptions.c **** #pragma weak TWIM2_Handler        = Dummy_Handler
 243:../../../platform/sam/utils/cmsis/sam4l/source/templates/exceptions.c **** #pragma weak TWIM3_Handler        = Dummy_Handler
 244:../../../platform/sam/utils/cmsis/sam4l/source/templates/exceptions.c **** #pragma weak TWIS0_Handler        = Dummy_Handler
 245:../../../platform/sam/utils/cmsis/sam4l/source/templates/exceptions.c **** #pragma weak TWIS1_Handler        = Dummy_Handler
 246:../../../platform/sam/utils/cmsis/sam4l/source/templates/exceptions.c **** #pragma weak USART0_Handler       = Dummy_Handler
 247:../../../platform/sam/utils/cmsis/sam4l/source/templates/exceptions.c **** #pragma weak USART1_Handler       = Dummy_Handler
 248:../../../platform/sam/utils/cmsis/sam4l/source/templates/exceptions.c **** #pragma weak USART2_Handler       = Dummy_Handler
 249:../../../platform/sam/utils/cmsis/sam4l/source/templates/exceptions.c **** #pragma weak USART3_Handler       = Dummy_Handler
 250:../../../platform/sam/utils/cmsis/sam4l/source/templates/exceptions.c **** #pragma weak USBC_Handler         = Dummy_Handler
 251:../../../platform/sam/utils/cmsis/sam4l/source/templates/exceptions.c **** #pragma weak WDT_Handler          = Dummy_Handler
 252:../../../platform/sam/utils/cmsis/sam4l/source/templates/exceptions.c **** #endif /* __ICCARM__ */
 253:../../../platform/sam/utils/cmsis/sam4l/source/templates/exceptions.c **** 
 254:../../../platform/sam/utils/cmsis/sam4l/source/templates/exceptions.c **** /**
 255:../../../platform/sam/utils/cmsis/sam4l/source/templates/exceptions.c ****  * \brief Default interrupt handler for unused IRQs.
 256:../../../platform/sam/utils/cmsis/sam4l/source/templates/exceptions.c ****  */
 257:../../../platform/sam/utils/cmsis/sam4l/source/templates/exceptions.c **** void Dummy_Handler(void)
 258:../../../platform/sam/utils/cmsis/sam4l/source/templates/exceptions.c **** {
  25              	 .loc 1 258 0
  26              	 .cfi_startproc
  27              	 
  28              	 
  29              	 
  30 0000 80B4     	 push {r7}
  31              	.LCFI0:
  32              	 .cfi_def_cfa_offset 4
  33              	 .cfi_offset 7,-4
  34 0002 00AF     	 add r7,sp,#0
  35              	.LCFI1:
  36              	 .cfi_def_cfa_register 7
  37              	.L2:
 259:../../../platform/sam/utils/cmsis/sam4l/source/templates/exceptions.c **** 	while (1) {
  38              	 .loc 1 259 0 discriminator 1
  39 0004 FEE7     	 b .L2
  40              	 .cfi_endproc
  41              	.LFE111:
  43              	 .weak WDT_Handler
  44              	 .thumb_set WDT_Handler,Dummy_Handler
  45              	 .weak USBC_Handler
  46              	 .thumb_set USBC_Handler,Dummy_Handler
  47              	 .weak USART3_Handler
  48              	 .thumb_set USART3_Handler,Dummy_Handler
  49              	 .weak USART2_Handler
  50              	 .thumb_set USART2_Handler,Dummy_Handler
  51              	 .weak USART1_Handler
  52              	 .thumb_set USART1_Handler,Dummy_Handler
  53              	 .weak USART0_Handler
  54              	 .thumb_set USART0_Handler,Dummy_Handler
  55              	 .weak TWIS1_Handler
  56              	 .thumb_set TWIS1_Handler,Dummy_Handler
  57              	 .weak TWIS0_Handler
  58              	 .thumb_set TWIS0_Handler,Dummy_Handler
  59              	 .weak TWIM3_Handler
  60              	 .thumb_set TWIM3_Handler,Dummy_Handler
  61              	 .weak TWIM2_Handler
  62              	 .thumb_set TWIM2_Handler,Dummy_Handler
  63              	 .weak TWIM1_Handler
  64              	 .thumb_set TWIM1_Handler,Dummy_Handler
  65              	 .weak TWIM0_Handler
  66              	 .thumb_set TWIM0_Handler,Dummy_Handler
  67              	 .weak TRNG_Handler
  68              	 .thumb_set TRNG_Handler,Dummy_Handler
  69              	 .weak TC12_Handler
  70              	 .thumb_set TC12_Handler,Dummy_Handler
  71              	 .weak TC11_Handler
  72              	 .thumb_set TC11_Handler,Dummy_Handler
  73              	 .weak TC10_Handler
  74              	 .thumb_set TC10_Handler,Dummy_Handler
  75              	 .weak TC02_Handler
  76              	 .thumb_set TC02_Handler,Dummy_Handler
  77              	 .weak TC01_Handler
  78              	 .thumb_set TC01_Handler,Dummy_Handler
  79              	 .weak TC00_Handler
  80              	 .thumb_set TC00_Handler,Dummy_Handler
  81              	 .weak SPI_Handler
  82              	 .thumb_set SPI_Handler,Dummy_Handler
  83              	 .weak SCIF_Handler
  84              	 .thumb_set SCIF_Handler,Dummy_Handler
  85              	 .weak PM_Handler
  86              	 .thumb_set PM_Handler,Dummy_Handler
  87              	 .weak PEVC_TR_Handler
  88              	 .thumb_set PEVC_TR_Handler,Dummy_Handler
  89              	 .weak PEVC_OV_Handler
  90              	 .thumb_set PEVC_OV_Handler,Dummy_Handler
  91              	 .weak PDCA_9_Handler
  92              	 .thumb_set PDCA_9_Handler,Dummy_Handler
  93              	 .weak PDCA_8_Handler
  94              	 .thumb_set PDCA_8_Handler,Dummy_Handler
  95              	 .weak PDCA_7_Handler
  96              	 .thumb_set PDCA_7_Handler,Dummy_Handler
  97              	 .weak PDCA_6_Handler
  98              	 .thumb_set PDCA_6_Handler,Dummy_Handler
  99              	 .weak PDCA_5_Handler
 100              	 .thumb_set PDCA_5_Handler,Dummy_Handler
 101              	 .weak PDCA_4_Handler
 102              	 .thumb_set PDCA_4_Handler,Dummy_Handler
 103              	 .weak PDCA_3_Handler
 104              	 .thumb_set PDCA_3_Handler,Dummy_Handler
 105              	 .weak PDCA_2_Handler
 106              	 .thumb_set PDCA_2_Handler,Dummy_Handler
 107              	 .weak PDCA_15_Handler
 108              	 .thumb_set PDCA_15_Handler,Dummy_Handler
 109              	 .weak PDCA_14_Handler
 110              	 .thumb_set PDCA_14_Handler,Dummy_Handler
 111              	 .weak PDCA_13_Handler
 112              	 .thumb_set PDCA_13_Handler,Dummy_Handler
 113              	 .weak PDCA_12_Handler
 114              	 .thumb_set PDCA_12_Handler,Dummy_Handler
 115              	 .weak PDCA_11_Handler
 116              	 .thumb_set PDCA_11_Handler,Dummy_Handler
 117              	 .weak PDCA_10_Handler
 118              	 .thumb_set PDCA_10_Handler,Dummy_Handler
 119              	 .weak PDCA_1_Handler
 120              	 .thumb_set PDCA_1_Handler,Dummy_Handler
 121              	 .weak PDCA_0_Handler
 122              	 .thumb_set PDCA_0_Handler,Dummy_Handler
 123              	 .weak PARC_Handler
 124              	 .thumb_set PARC_Handler,Dummy_Handler
 125              	 .weak LCDCA_Handler
 126              	 .thumb_set LCDCA_Handler,Dummy_Handler
 127              	 .weak IISC_Handler
 128              	 .thumb_set IISC_Handler,Dummy_Handler
 129              	 .weak HFLASHC_Handler
 130              	 .thumb_set HFLASHC_Handler,Dummy_Handler
 131              	 .weak GPIO_9_Handler
 132              	 .thumb_set GPIO_9_Handler,Dummy_Handler
 133              	 .weak GPIO_8_Handler
 134              	 .thumb_set GPIO_8_Handler,Dummy_Handler
 135              	 .weak GPIO_7_Handler
 136              	 .thumb_set GPIO_7_Handler,Dummy_Handler
 137              	 .weak GPIO_6_Handler
 138              	 .thumb_set GPIO_6_Handler,Dummy_Handler
 139              	 .weak GPIO_5_Handler
 140              	 .thumb_set GPIO_5_Handler,Dummy_Handler
 141              	 .weak GPIO_4_Handler
 142              	 .thumb_set GPIO_4_Handler,Dummy_Handler
 143              	 .weak GPIO_3_Handler
 144              	 .thumb_set GPIO_3_Handler,Dummy_Handler
 145              	 .weak GPIO_2_Handler
 146              	 .thumb_set GPIO_2_Handler,Dummy_Handler
 147              	 .weak GPIO_11_Handler
 148              	 .thumb_set GPIO_11_Handler,Dummy_Handler
 149              	 .weak GPIO_10_Handler
 150              	 .thumb_set GPIO_10_Handler,Dummy_Handler
 151              	 .weak GPIO_1_Handler
 152              	 .thumb_set GPIO_1_Handler,Dummy_Handler
 153              	 .weak GPIO_0_Handler
 154              	 .thumb_set GPIO_0_Handler,Dummy_Handler
 155              	 .weak FREQM_Handler
 156              	 .thumb_set FREQM_Handler,Dummy_Handler
 157              	 .weak EIC_8_Handler
 158              	 .thumb_set EIC_8_Handler,Dummy_Handler
 159              	 .weak EIC_7_Handler
 160              	 .thumb_set EIC_7_Handler,Dummy_Handler
 161              	 .weak EIC_6_Handler
 162              	 .thumb_set EIC_6_Handler,Dummy_Handler
 163              	 .weak EIC_5_Handler
 164              	 .thumb_set EIC_5_Handler,Dummy_Handler
 165              	 .weak EIC_4_Handler
 166              	 .thumb_set EIC_4_Handler,Dummy_Handler
 167              	 .weak EIC_3_Handler
 168              	 .thumb_set EIC_3_Handler,Dummy_Handler
 169              	 .weak EIC_2_Handler
 170              	 .thumb_set EIC_2_Handler,Dummy_Handler
 171              	 .weak EIC_1_Handler
 172              	 .thumb_set EIC_1_Handler,Dummy_Handler
 173              	 .weak DACC_Handler
 174              	 .thumb_set DACC_Handler,Dummy_Handler
 175              	 .weak CRCCU_Handler
 176              	 .thumb_set CRCCU_Handler,Dummy_Handler
 177              	 .weak CATB_Handler
 178              	 .thumb_set CATB_Handler,Dummy_Handler
 179              	 .weak BSCIF_Handler
 180              	 .thumb_set BSCIF_Handler,Dummy_Handler
 181              	 .weak BPM_Handler
 182              	 .thumb_set BPM_Handler,Dummy_Handler
 183              	 .weak AST_READY_Handler
 184              	 .thumb_set AST_READY_Handler,Dummy_Handler
 185              	 .weak AST_PER_Handler
 186              	 .thumb_set AST_PER_Handler,Dummy_Handler
 187              	 .weak AST_OVF_Handler
 188              	 .thumb_set AST_OVF_Handler,Dummy_Handler
 189              	 .weak AST_CLKREADY_Handler
 190              	 .thumb_set AST_CLKREADY_Handler,Dummy_Handler
 191              	 .weak AST_ALARM_Handler
 192              	 .thumb_set AST_ALARM_Handler,Dummy_Handler
 193              	 .weak AESA_Handler
 194              	 .thumb_set AESA_Handler,Dummy_Handler
 195              	 .weak ADCIFE_Handler
 196              	 .thumb_set ADCIFE_Handler,Dummy_Handler
 197              	 .weak ACIFC_Handler
 198              	 .thumb_set ACIFC_Handler,Dummy_Handler
 199              	 .weak ABDACB_Handler
 200              	 .thumb_set ABDACB_Handler,Dummy_Handler
 201              	 .weak SysTick_Handler
 202              	 .thumb_set SysTick_Handler,Dummy_Handler
 203              	 .weak PendSV_Handler
 204              	 .thumb_set PendSV_Handler,Dummy_Handler
 205              	 .weak DebugMon_Handler
 206              	 .thumb_set DebugMon_Handler,Dummy_Handler
 207              	 .weak SVC_Handler
 208              	 .thumb_set SVC_Handler,Dummy_Handler
 209              	 .weak UsageFault_Handler
 210              	 .thumb_set UsageFault_Handler,Dummy_Handler
 211              	 .weak BusFault_Handler
 212              	 .thumb_set BusFault_Handler,Dummy_Handler
 213              	 .weak MemManage_Handler
 214              	 .thumb_set MemManage_Handler,Dummy_Handler
 215              	 .weak HardFault_Handler
 216              	 .thumb_set HardFault_Handler,Dummy_Handler
 217              	 .weak NMI_Handler
 218              	 .thumb_set NMI_Handler,Dummy_Handler
 219              	 .weak Reset_Handler
 220              	 .thumb_set Reset_Handler,Dummy_Handler
 221              	.Letext0:
 222              	 .file 2 "c:\\program files (x86)\\atmel\\studio\\7.0\\toolchain\\arm\\arm-gnu-toolchain\\arm-none-eabi\\include\\machine\\_default_types.h"
 223              	 .file 3 "c:\\program files (x86)\\atmel\\studio\\7.0\\toolchain\\arm\\arm-gnu-toolchain\\arm-none-eabi\\include\\sys\\_stdint.h"
 224              	 .file 4 "../../../platform/thirdparty/CMSIS/include/core_cm4.h"
 225              	 .file 5 "../../../platform/sam/utils/cmsis/sam4l/source/templates/system_sam4l.h"
DEFINED SYMBOLS
                            *ABS*:00000000 exceptions.c
    {standard input}:15     .text:00000000 $t
    {standard input}:22     .text:00000000 Dummy_Handler
    {standard input}:22     .text:00000000 WDT_Handler
    {standard input}:22     .text:00000000 USBC_Handler
    {standard input}:22     .text:00000000 USART3_Handler
    {standard input}:22     .text:00000000 USART2_Handler
    {standard input}:22     .text:00000000 USART1_Handler
    {standard input}:22     .text:00000000 USART0_Handler
    {standard input}:22     .text:00000000 TWIS1_Handler
    {standard input}:22     .text:00000000 TWIS0_Handler
    {standard input}:22     .text:00000000 TWIM3_Handler
    {standard input}:22     .text:00000000 TWIM2_Handler
    {standard input}:22     .text:00000000 TWIM1_Handler
    {standard input}:22     .text:00000000 TWIM0_Handler
    {standard input}:22     .text:00000000 TRNG_Handler
    {standard input}:22     .text:00000000 TC12_Handler
    {standard input}:22     .text:00000000 TC11_Handler
    {standard input}:22     .text:00000000 TC10_Handler
    {standard input}:22     .text:00000000 TC02_Handler
    {standard input}:22     .text:00000000 TC01_Handler
    {standard input}:22     .text:00000000 TC00_Handler
    {standard input}:22     .text:00000000 SPI_Handler
    {standard input}:22     .text:00000000 SCIF_Handler
    {standard input}:22     .text:00000000 PM_Handler
    {standard input}:22     .text:00000000 PEVC_TR_Handler
    {standard input}:22     .text:00000000 PEVC_OV_Handler
    {standard input}:22     .text:00000000 PDCA_9_Handler
    {standard input}:22     .text:00000000 PDCA_8_Handler
    {standard input}:22     .text:00000000 PDCA_7_Handler
    {standard input}:22     .text:00000000 PDCA_6_Handler
    {standard input}:22     .text:00000000 PDCA_5_Handler
    {standard input}:22     .text:00000000 PDCA_4_Handler
    {standard input}:22     .text:00000000 PDCA_3_Handler
    {standard input}:22     .text:00000000 PDCA_2_Handler
    {standard input}:22     .text:00000000 PDCA_15_Handler
    {standard input}:22     .text:00000000 PDCA_14_Handler
    {standard input}:22     .text:00000000 PDCA_13_Handler
    {standard input}:22     .text:00000000 PDCA_12_Handler
    {standard input}:22     .text:00000000 PDCA_11_Handler
    {standard input}:22     .text:00000000 PDCA_10_Handler
    {standard input}:22     .text:00000000 PDCA_1_Handler
    {standard input}:22     .text:00000000 PDCA_0_Handler
    {standard input}:22     .text:00000000 PARC_Handler
    {standard input}:22     .text:00000000 LCDCA_Handler
    {standard input}:22     .text:00000000 IISC_Handler
    {standard input}:22     .text:00000000 HFLASHC_Handler
    {standard input}:22     .text:00000000 GPIO_9_Handler
    {standard input}:22     .text:00000000 GPIO_8_Handler
    {standard input}:22     .text:00000000 GPIO_7_Handler
    {standard input}:22     .text:00000000 GPIO_6_Handler
    {standard input}:22     .text:00000000 GPIO_5_Handler
    {standard input}:22     .text:00000000 GPIO_4_Handler
    {standard input}:22     .text:00000000 GPIO_3_Handler
    {standard input}:22     .text:00000000 GPIO_2_Handler
    {standard input}:22     .text:00000000 GPIO_11_Handler
    {standard input}:22     .text:00000000 GPIO_10_Handler
    {standard input}:22     .text:00000000 GPIO_1_Handler
    {standard input}:22     .text:00000000 GPIO_0_Handler
    {standard input}:22     .text:00000000 FREQM_Handler
    {standard input}:22     .text:00000000 EIC_8_Handler
    {standard input}:22     .text:00000000 EIC_7_Handler
    {standard input}:22     .text:00000000 EIC_6_Handler
    {standard input}:22     .text:00000000 EIC_5_Handler
    {standard input}:22     .text:00000000 EIC_4_Handler
    {standard input}:22     .text:00000000 EIC_3_Handler
    {standard input}:22     .text:00000000 EIC_2_Handler
    {standard input}:22     .text:00000000 EIC_1_Handler
    {standard input}:22     .text:00000000 DACC_Handler
    {standard input}:22     .text:00000000 CRCCU_Handler
    {standard input}:22     .text:00000000 CATB_Handler
    {standard input}:22     .text:00000000 BSCIF_Handler
    {standard input}:22     .text:00000000 BPM_Handler
    {standard input}:22     .text:00000000 AST_READY_Handler
    {standard input}:22     .text:00000000 AST_PER_Handler
    {standard input}:22     .text:00000000 AST_OVF_Handler
    {standard input}:22     .text:00000000 AST_CLKREADY_Handler
    {standard input}:22     .text:00000000 AST_ALARM_Handler
    {standard input}:22     .text:00000000 AESA_Handler
    {standard input}:22     .text:00000000 ADCIFE_Handler
    {standard input}:22     .text:00000000 ACIFC_Handler
    {standard input}:22     .text:00000000 ABDACB_Handler
    {standard input}:22     .text:00000000 SysTick_Handler
    {standard input}:22     .text:00000000 PendSV_Handler
    {standard input}:22     .text:00000000 DebugMon_Handler
    {standard input}:22     .text:00000000 SVC_Handler
    {standard input}:22     .text:00000000 UsageFault_Handler
    {standard input}:22     .text:00000000 BusFault_Handler
    {standard input}:22     .text:00000000 MemManage_Handler
    {standard input}:22     .text:00000000 HardFault_Handler
    {standard input}:22     .text:00000000 NMI_Handler
    {standard input}:22     .text:00000000 Reset_Handler
                     .debug_frame:00000010 $d

NO UNDEFINED SYMBOLS
