   1              	 .cpu cortex-m4
   2              	 .eabi_attribute 20,1
   3              	 .eabi_attribute 21,1
   4              	 .eabi_attribute 23,3
   5              	 .eabi_attribute 24,1
   6              	 .eabi_attribute 25,1
   7              	 .eabi_attribute 26,1
   8              	 .eabi_attribute 30,6
   9              	 .eabi_attribute 34,1
  10              	 .eabi_attribute 18,4
  11              	 .file "hardfault_handler_c.c"
  12              	 .text
  13              	.Ltext0:
  14              	 .cfi_sections .debug_frame
  15              	 .section .bss.cpu_irq_critical_section_counter,"aw",%nobits
  16              	 .align 2
  19              	cpu_irq_critical_section_counter:
  20 0000 00000000 	 .space 4
  21              	 .section .bss.cpu_irq_prev_interrupt_state,"aw",%nobits
  24              	cpu_irq_prev_interrupt_state:
  25 0000 00       	 .space 1
  26              	 .comm n,1,1
  27              	 .section .bss.tTS,"aw",%nobits
  28              	 .align 2
  31              	tTS:
  32 0000 00000000 	 .space 4
  33              	 .text
  34              	 .align 1
  35              	 .global HardFault_Handler_C
  36              	 .syntax unified
  37              	 .thumb
  38              	 .thumb_func
  39              	 .fpu softvfp
  41              	HardFault_Handler_C:
  42              	.LFB126:
  43              	 .file 1 "../../../platform/sam/utils/syscalls/gcc/hardfault_handler_c.c"
   1:../../../platform/sam/utils/syscalls/gcc/hardfault_handler_c.c **** /**
   2:../../../platform/sam/utils/syscalls/gcc/hardfault_handler_c.c ****  * \file
   3:../../../platform/sam/utils/syscalls/gcc/hardfault_handler_c.c ****  *
   4:../../../platform/sam/utils/syscalls/gcc/hardfault_handler_c.c ****  * Copyright (c) 2012-2013 Atmel Corporation. All rights reserved.
   5:../../../platform/sam/utils/syscalls/gcc/hardfault_handler_c.c ****  *
   6:../../../platform/sam/utils/syscalls/gcc/hardfault_handler_c.c ****  * \asf_license_start
   7:../../../platform/sam/utils/syscalls/gcc/hardfault_handler_c.c ****  *
   8:../../../platform/sam/utils/syscalls/gcc/hardfault_handler_c.c ****  * \page License
   9:../../../platform/sam/utils/syscalls/gcc/hardfault_handler_c.c ****  *
  10:../../../platform/sam/utils/syscalls/gcc/hardfault_handler_c.c ****  * Redistribution and use in source and binary forms, with or without
  11:../../../platform/sam/utils/syscalls/gcc/hardfault_handler_c.c ****  * modification, are permitted provided that the following conditions are met:
  12:../../../platform/sam/utils/syscalls/gcc/hardfault_handler_c.c ****  *
  13:../../../platform/sam/utils/syscalls/gcc/hardfault_handler_c.c ****  * 1. Redistributions of source code must retain the above copyright notice,
  14:../../../platform/sam/utils/syscalls/gcc/hardfault_handler_c.c ****  *    this list of conditions and the following disclaimer.
  15:../../../platform/sam/utils/syscalls/gcc/hardfault_handler_c.c ****  *
  16:../../../platform/sam/utils/syscalls/gcc/hardfault_handler_c.c ****  * 2. Redistributions in binary form must reproduce the above copyright notice,
  17:../../../platform/sam/utils/syscalls/gcc/hardfault_handler_c.c ****  *    this list of conditions and the following disclaimer in the documentation
  18:../../../platform/sam/utils/syscalls/gcc/hardfault_handler_c.c ****  *    and/or other materials provided with the distribution.
  19:../../../platform/sam/utils/syscalls/gcc/hardfault_handler_c.c ****  *
  20:../../../platform/sam/utils/syscalls/gcc/hardfault_handler_c.c ****  * 3. The name of Atmel may not be used to endorse or promote products derived
  21:../../../platform/sam/utils/syscalls/gcc/hardfault_handler_c.c ****  *    from this software without specific prior written permission.
  22:../../../platform/sam/utils/syscalls/gcc/hardfault_handler_c.c ****  *
  23:../../../platform/sam/utils/syscalls/gcc/hardfault_handler_c.c ****  * 4. This software may only be redistributed and used in connection with an
  24:../../../platform/sam/utils/syscalls/gcc/hardfault_handler_c.c ****  *    Atmel microcontroller product.
  25:../../../platform/sam/utils/syscalls/gcc/hardfault_handler_c.c ****  *
  26:../../../platform/sam/utils/syscalls/gcc/hardfault_handler_c.c ****  * THIS SOFTWARE IS PROVIDED BY ATMEL "AS IS" AND ANY EXPRESS OR IMPLIED
  27:../../../platform/sam/utils/syscalls/gcc/hardfault_handler_c.c ****  * WARRANTIES, INCLUDING, BUT NOT LIMITED TO, THE IMPLIED WARRANTIES OF
  28:../../../platform/sam/utils/syscalls/gcc/hardfault_handler_c.c ****  * MERCHANTABILITY, FITNESS FOR A PARTICULAR PURPOSE AND NON-INFRINGEMENT ARE
  29:../../../platform/sam/utils/syscalls/gcc/hardfault_handler_c.c ****  * EXPRESSLY AND SPECIFICALLY DISCLAIMED. IN NO EVENT SHALL ATMEL BE LIABLE FOR
  30:../../../platform/sam/utils/syscalls/gcc/hardfault_handler_c.c ****  * ANY DIRECT, INDIRECT, INCIDENTAL, SPECIAL, EXEMPLARY, OR CONSEQUENTIAL
  31:../../../platform/sam/utils/syscalls/gcc/hardfault_handler_c.c ****  * DAMAGES (INCLUDING, BUT NOT LIMITED TO, PROCUREMENT OF SUBSTITUTE GOODS
  32:../../../platform/sam/utils/syscalls/gcc/hardfault_handler_c.c ****  * OR SERVICES; LOSS OF USE, DATA, OR PROFITS; OR BUSINESS INTERRUPTION)
  33:../../../platform/sam/utils/syscalls/gcc/hardfault_handler_c.c ****  * HOWEVER CAUSED AND ON ANY THEORY OF LIABILITY, WHETHER IN CONTRACT,
  34:../../../platform/sam/utils/syscalls/gcc/hardfault_handler_c.c ****  * STRICT LIABILITY, OR TORT (INCLUDING NEGLIGENCE OR OTHERWISE) ARISING IN
  35:../../../platform/sam/utils/syscalls/gcc/hardfault_handler_c.c ****  * ANY WAY OUT OF THE USE OF THIS SOFTWARE, EVEN IF ADVISED OF THE
  36:../../../platform/sam/utils/syscalls/gcc/hardfault_handler_c.c ****  * POSSIBILITY OF SUCH DAMAGE.
  37:../../../platform/sam/utils/syscalls/gcc/hardfault_handler_c.c ****  *
  38:../../../platform/sam/utils/syscalls/gcc/hardfault_handler_c.c ****  * \asf_license_stop
  39:../../../platform/sam/utils/syscalls/gcc/hardfault_handler_c.c ****  *
  40:../../../platform/sam/utils/syscalls/gcc/hardfault_handler_c.c ****  */
  41:../../../platform/sam/utils/syscalls/gcc/hardfault_handler_c.c **** 
  42:../../../platform/sam/utils/syscalls/gcc/hardfault_handler_c.c **** #include <board.h>
  43:../../../platform/sam/utils/syscalls/gcc/hardfault_handler_c.c **** 
  44:../../../platform/sam/utils/syscalls/gcc/hardfault_handler_c.c **** /// @cond 0
  45:../../../platform/sam/utils/syscalls/gcc/hardfault_handler_c.c **** /**INDENT-OFF**/
  46:../../../platform/sam/utils/syscalls/gcc/hardfault_handler_c.c **** #ifdef __cplusplus
  47:../../../platform/sam/utils/syscalls/gcc/hardfault_handler_c.c **** extern "C" {
  48:../../../platform/sam/utils/syscalls/gcc/hardfault_handler_c.c **** #endif
  49:../../../platform/sam/utils/syscalls/gcc/hardfault_handler_c.c **** /**INDENT-ON**/
  50:../../../platform/sam/utils/syscalls/gcc/hardfault_handler_c.c **** /// @endcond
  51:../../../platform/sam/utils/syscalls/gcc/hardfault_handler_c.c **** 
  52:../../../platform/sam/utils/syscalls/gcc/hardfault_handler_c.c **** /*
  53:../../../platform/sam/utils/syscalls/gcc/hardfault_handler_c.c **** http://blog.frankvh.com/
  54:../../../platform/sam/utils/syscalls/gcc/hardfault_handler_c.c **** 
  55:../../../platform/sam/utils/syscalls/gcc/hardfault_handler_c.c **** Hard Fault Handler Usage
  56:../../../platform/sam/utils/syscalls/gcc/hardfault_handler_c.c **** 
  57:../../../platform/sam/utils/syscalls/gcc/hardfault_handler_c.c **** The big thing the above handler gives you is the program counter, which is the
  58:../../../platform/sam/utils/syscalls/gcc/hardfault_handler_c.c **** address where the processor was executing when the hard fault occurred. You can
  59:../../../platform/sam/utils/syscalls/gcc/hardfault_handler_c.c **** then look at your listing file (or map file) to see what function and
  60:../../../platform/sam/utils/syscalls/gcc/hardfault_handler_c.c **** instruction that was. Also useful is LR the Link Register, which contains the
  61:../../../platform/sam/utils/syscalls/gcc/hardfault_handler_c.c **** return address of the last function call – it can show you where you came from
  62:../../../platform/sam/utils/syscalls/gcc/hardfault_handler_c.c **** to get to this point.
  63:../../../platform/sam/utils/syscalls/gcc/hardfault_handler_c.c **** 
  64:../../../platform/sam/utils/syscalls/gcc/hardfault_handler_c.c **** A few tips.
  65:../../../platform/sam/utils/syscalls/gcc/hardfault_handler_c.c **** 
  66:../../../platform/sam/utils/syscalls/gcc/hardfault_handler_c.c **** The typical reason for a hardfault is actually a bus error (which was promoted
  67:../../../platform/sam/utils/syscalls/gcc/hardfault_handler_c.c **** to a hard fault), because software tried to access an invalid region of memory.
  68:../../../platform/sam/utils/syscalls/gcc/hardfault_handler_c.c **** There are a couple of common ways of doing this.
  69:../../../platform/sam/utils/syscalls/gcc/hardfault_handler_c.c **** One is a bad pointer. It might be uninitialized, or not properly bounded (you
  70:../../../platform/sam/utils/syscalls/gcc/hardfault_handler_c.c **** ran off the end of an array for example).
  71:../../../platform/sam/utils/syscalls/gcc/hardfault_handler_c.c **** Another, more subtle, way of getting a bad pointer is by being sloppy with the
  72:../../../platform/sam/utils/syscalls/gcc/hardfault_handler_c.c **** scope of variables. This is quite common with main() but can happen anywhere.
  73:../../../platform/sam/utils/syscalls/gcc/hardfault_handler_c.c **** For example, you define a buffer or a structure as a local variable within
  74:../../../platform/sam/utils/syscalls/gcc/hardfault_handler_c.c **** main(), but then you access that buffer or structure from some other function
  75:../../../platform/sam/utils/syscalls/gcc/hardfault_handler_c.c **** (by passing a pointer to it). This is dangerous – you need to declare the
  76:../../../platform/sam/utils/syscalls/gcc/hardfault_handler_c.c **** buffer or structure as “static” if you want to do that. Otherwise the buffer
  77:../../../platform/sam/utils/syscalls/gcc/hardfault_handler_c.c **** or structure might be optimized away and not actually exist when that other
  78:../../../platform/sam/utils/syscalls/gcc/hardfault_handler_c.c **** function tries to access it. If that structure contained a pointer for example,
  79:../../../platform/sam/utils/syscalls/gcc/hardfault_handler_c.c **** that would become a bad pointer.
  80:../../../platform/sam/utils/syscalls/gcc/hardfault_handler_c.c **** 
  81:../../../platform/sam/utils/syscalls/gcc/hardfault_handler_c.c **** Imprecise Bus Fault
  82:../../../platform/sam/utils/syscalls/gcc/hardfault_handler_c.c **** 
  83:../../../platform/sam/utils/syscalls/gcc/hardfault_handler_c.c **** For the Cortex M3, an imprecise bus fault (as indicated by bit 10 in the CFSR
  84:../../../platform/sam/utils/syscalls/gcc/hardfault_handler_c.c **** register) means that a write to an invalid address was attempted. If you look
  85:../../../platform/sam/utils/syscalls/gcc/hardfault_handler_c.c **** at the program counter, the naughty naughty write is usually present in the 3
  86:../../../platform/sam/utils/syscalls/gcc/hardfault_handler_c.c **** or so instructions leading up to the program counter address. Because of the
  87:../../../platform/sam/utils/syscalls/gcc/hardfault_handler_c.c **** Cortex M3 write buffer system, the program counter might have advanced slightly
  88:../../../platform/sam/utils/syscalls/gcc/hardfault_handler_c.c **** before the actual bus write took place, hence you need to look back slightly to
  89:../../../platform/sam/utils/syscalls/gcc/hardfault_handler_c.c **** find the erroneous write.
  90:../../../platform/sam/utils/syscalls/gcc/hardfault_handler_c.c **** 
  91:../../../platform/sam/utils/syscalls/gcc/hardfault_handler_c.c **** */
  92:../../../platform/sam/utils/syscalls/gcc/hardfault_handler_c.c **** 
  93:../../../platform/sam/utils/syscalls/gcc/hardfault_handler_c.c **** #pragma GCC diagnostic push
  94:../../../platform/sam/utils/syscalls/gcc/hardfault_handler_c.c **** #pragma GCC diagnostic ignored "-Wunused-but-set-variable"
  95:../../../platform/sam/utils/syscalls/gcc/hardfault_handler_c.c **** 
  96:../../../platform/sam/utils/syscalls/gcc/hardfault_handler_c.c **** // From Joseph Yiu, minor edits by FVH
  97:../../../platform/sam/utils/syscalls/gcc/hardfault_handler_c.c **** // hard fault handler in C,
  98:../../../platform/sam/utils/syscalls/gcc/hardfault_handler_c.c **** // with stack frame location as input parameter
  99:../../../platform/sam/utils/syscalls/gcc/hardfault_handler_c.c **** // called from HardFault_Handler in file xxx.s
 100:../../../platform/sam/utils/syscalls/gcc/hardfault_handler_c.c **** void HardFault_Handler_C(unsigned int * hardfault_args)
 101:../../../platform/sam/utils/syscalls/gcc/hardfault_handler_c.c **** {
  44              	 .loc 1 101 0
  45              	 .cfi_startproc
  46              	 
  47              	 
  48              	 
  49 0000 80B4     	 push {r7}
  50              	.LCFI0:
  51              	 .cfi_def_cfa_offset 4
  52              	 .cfi_offset 7,-4
  53 0002 83B0     	 sub sp,sp,#12
  54              	.LCFI1:
  55              	 .cfi_def_cfa_offset 16
  56 0004 00AF     	 add r7,sp,#0
  57              	.LCFI2:
  58              	 .cfi_def_cfa_register 7
  59 0006 7860     	 str r0,[r7,#4]
 102:../../../platform/sam/utils/syscalls/gcc/hardfault_handler_c.c **** 	static unsigned int stacked_r0;
 103:../../../platform/sam/utils/syscalls/gcc/hardfault_handler_c.c **** 	static unsigned int stacked_r1;
 104:../../../platform/sam/utils/syscalls/gcc/hardfault_handler_c.c **** 	static unsigned int stacked_r2;
 105:../../../platform/sam/utils/syscalls/gcc/hardfault_handler_c.c **** 	static unsigned int stacked_r3;
 106:../../../platform/sam/utils/syscalls/gcc/hardfault_handler_c.c **** 	static unsigned int stacked_r12;
 107:../../../platform/sam/utils/syscalls/gcc/hardfault_handler_c.c **** 	static unsigned int stacked_lr;
 108:../../../platform/sam/utils/syscalls/gcc/hardfault_handler_c.c **** 	static unsigned int stacked_pc;
 109:../../../platform/sam/utils/syscalls/gcc/hardfault_handler_c.c **** 	static unsigned int stacked_psr;
 110:../../../platform/sam/utils/syscalls/gcc/hardfault_handler_c.c **** 	
 111:../../../platform/sam/utils/syscalls/gcc/hardfault_handler_c.c **** 	stacked_r0 = ((unsigned long) hardfault_args[0]);
  60              	 .loc 1 111 0
  61 0008 7B68     	 ldr r3,[r7,#4]
  62 000a 1B68     	 ldr r3,[r3]
  63 000c 0F4A     	 ldr r2,.L3
  64 000e 1360     	 str r3,[r2]
 112:../../../platform/sam/utils/syscalls/gcc/hardfault_handler_c.c **** 	stacked_r1 = ((unsigned long) hardfault_args[1]);
  65              	 .loc 1 112 0
  66 0010 7B68     	 ldr r3,[r7,#4]
  67 0012 5B68     	 ldr r3,[r3,#4]
  68 0014 0E4A     	 ldr r2,.L3+4
  69 0016 1360     	 str r3,[r2]
 113:../../../platform/sam/utils/syscalls/gcc/hardfault_handler_c.c **** 	stacked_r2 = ((unsigned long) hardfault_args[2]);
  70              	 .loc 1 113 0
  71 0018 7B68     	 ldr r3,[r7,#4]
  72 001a 9B68     	 ldr r3,[r3,#8]
  73 001c 0D4A     	 ldr r2,.L3+8
  74 001e 1360     	 str r3,[r2]
 114:../../../platform/sam/utils/syscalls/gcc/hardfault_handler_c.c **** 	stacked_r3 = ((unsigned long) hardfault_args[3]);
  75              	 .loc 1 114 0
  76 0020 7B68     	 ldr r3,[r7,#4]
  77 0022 DB68     	 ldr r3,[r3,#12]
  78 0024 0C4A     	 ldr r2,.L3+12
  79 0026 1360     	 str r3,[r2]
 115:../../../platform/sam/utils/syscalls/gcc/hardfault_handler_c.c **** 	
 116:../../../platform/sam/utils/syscalls/gcc/hardfault_handler_c.c **** 	stacked_r12 = ((unsigned long) hardfault_args[4]);
  80              	 .loc 1 116 0
  81 0028 7B68     	 ldr r3,[r7,#4]
  82 002a 1B69     	 ldr r3,[r3,#16]
  83 002c 0B4A     	 ldr r2,.L3+16
  84 002e 1360     	 str r3,[r2]
 117:../../../platform/sam/utils/syscalls/gcc/hardfault_handler_c.c **** 	stacked_lr = ((unsigned long) hardfault_args[5]);
  85              	 .loc 1 117 0
  86 0030 7B68     	 ldr r3,[r7,#4]
  87 0032 5B69     	 ldr r3,[r3,#20]
  88 0034 0A4A     	 ldr r2,.L3+20
  89 0036 1360     	 str r3,[r2]
 118:../../../platform/sam/utils/syscalls/gcc/hardfault_handler_c.c **** 	stacked_pc = ((unsigned long) hardfault_args[6]);
  90              	 .loc 1 118 0
  91 0038 7B68     	 ldr r3,[r7,#4]
  92 003a 9B69     	 ldr r3,[r3,#24]
  93 003c 094A     	 ldr r2,.L3+24
  94 003e 1360     	 str r3,[r2]
 119:../../../platform/sam/utils/syscalls/gcc/hardfault_handler_c.c **** 	stacked_psr = ((unsigned long) hardfault_args[7]);
  95              	 .loc 1 119 0
  96 0040 7B68     	 ldr r3,[r7,#4]
  97 0042 DB69     	 ldr r3,[r3,#28]
  98 0044 084A     	 ldr r2,.L3+28
  99 0046 1360     	 str r3,[r2]
 100              	.L2:
 120:../../../platform/sam/utils/syscalls/gcc/hardfault_handler_c.c **** 	
 121:../../../platform/sam/utils/syscalls/gcc/hardfault_handler_c.c **** 	//printf ("\n\n[Hard fault handler - all numbers in hex]\n");
 122:../../../platform/sam/utils/syscalls/gcc/hardfault_handler_c.c **** 	//printf ("R0 = %x\n", stacked_r0);
 123:../../../platform/sam/utils/syscalls/gcc/hardfault_handler_c.c **** 	//printf ("R1 = %x\n", stacked_r1);
 124:../../../platform/sam/utils/syscalls/gcc/hardfault_handler_c.c **** 	//printf ("R2 = %x\n", stacked_r2);
 125:../../../platform/sam/utils/syscalls/gcc/hardfault_handler_c.c **** 	//printf ("R3 = %x\n", stacked_r3);
 126:../../../platform/sam/utils/syscalls/gcc/hardfault_handler_c.c **** 	//printf ("R12 = %x\n", stacked_r12);
 127:../../../platform/sam/utils/syscalls/gcc/hardfault_handler_c.c **** 	//printf ("LR [R14] = %x  subroutine call return address\n", stacked_lr);
 128:../../../platform/sam/utils/syscalls/gcc/hardfault_handler_c.c **** 	//printf ("PC [R15] = %x  program counter\n", stacked_pc);
 129:../../../platform/sam/utils/syscalls/gcc/hardfault_handler_c.c **** 	//printf ("PSR = %x\n", stacked_psr);
 130:../../../platform/sam/utils/syscalls/gcc/hardfault_handler_c.c **** 	//printf ("BFAR = %x\n", (*((volatile unsigned long *)(0xE000ED38))));
 131:../../../platform/sam/utils/syscalls/gcc/hardfault_handler_c.c **** 	//printf ("CFSR = %x\n", (*((volatile unsigned long *)(0xE000ED28))));
 132:../../../platform/sam/utils/syscalls/gcc/hardfault_handler_c.c **** 	//printf ("HFSR = %x\n", (*((volatile unsigned long *)(0xE000ED2C))));
 133:../../../platform/sam/utils/syscalls/gcc/hardfault_handler_c.c **** 	//printf ("DFSR = %x\n", (*((volatile unsigned long *)(0xE000ED30))));
 134:../../../platform/sam/utils/syscalls/gcc/hardfault_handler_c.c **** 	//printf ("AFSR = %x\n", (*((volatile unsigned long *)(0xE000ED3C))));
 135:../../../platform/sam/utils/syscalls/gcc/hardfault_handler_c.c **** 	//printf ("SCB_SHCSR = %x\n", SCB->SHCSR);
 136:../../../platform/sam/utils/syscalls/gcc/hardfault_handler_c.c **** 	//
 137:../../../platform/sam/utils/syscalls/gcc/hardfault_handler_c.c **** 	while(1);
 101              	 .loc 1 137 0 discriminator 1
 102 0048 FEE7     	 b .L2
 103              	.L4:
 104 004a 00BF     	 .align 2
 105              	.L3:
 106 004c 00000000 	 .word stacked_r0.8186
 107 0050 00000000 	 .word stacked_r1.8187
 108 0054 00000000 	 .word stacked_r2.8188
 109 0058 00000000 	 .word stacked_r3.8189
 110 005c 00000000 	 .word stacked_r12.8190
 111 0060 00000000 	 .word stacked_lr.8191
 112 0064 00000000 	 .word stacked_pc.8192
 113 0068 00000000 	 .word stacked_psr.8193
 114              	 .cfi_endproc
 115              	.LFE126:
 117              	 .section .bss.stacked_r0.8186,"aw",%nobits
 118              	 .align 2
 121              	stacked_r0.8186:
 122 0000 00000000 	 .space 4
 123              	 .section .bss.stacked_r1.8187,"aw",%nobits
 124              	 .align 2
 127              	stacked_r1.8187:
 128 0000 00000000 	 .space 4
 129              	 .section .bss.stacked_r2.8188,"aw",%nobits
 130              	 .align 2
 133              	stacked_r2.8188:
 134 0000 00000000 	 .space 4
 135              	 .section .bss.stacked_r3.8189,"aw",%nobits
 136              	 .align 2
 139              	stacked_r3.8189:
 140 0000 00000000 	 .space 4
 141              	 .section .bss.stacked_r12.8190,"aw",%nobits
 142              	 .align 2
 145              	stacked_r12.8190:
 146 0000 00000000 	 .space 4
 147              	 .section .bss.stacked_lr.8191,"aw",%nobits
 148              	 .align 2
 151              	stacked_lr.8191:
 152 0000 00000000 	 .space 4
 153              	 .section .bss.stacked_pc.8192,"aw",%nobits
 154              	 .align 2
 157              	stacked_pc.8192:
 158 0000 00000000 	 .space 4
 159              	 .section .bss.stacked_psr.8193,"aw",%nobits
 160              	 .align 2
 163              	stacked_psr.8193:
 164 0000 00000000 	 .space 4
 165              	 .text
 166              	.Letext0:
 167              	 .file 2 "c:\\program files (x86)\\atmel\\studio\\7.0\\toolchain\\arm\\arm-gnu-toolchain\\arm-none-eabi\\include\\machine\\_default_types.h"
 168              	 .file 3 "c:\\program files (x86)\\atmel\\studio\\7.0\\toolchain\\arm\\arm-gnu-toolchain\\arm-none-eabi\\include\\sys\\_stdint.h"
 169              	 .file 4 "../../../platform/thirdparty/CMSIS/include/core_cm4.h"
 170              	 .file 5 "../../../platform/sam/utils/cmsis/sam4l/source/templates/system_sam4l.h"
 171              	 .file 6 "c:\\program files (x86)\\atmel\\studio\\7.0\\toolchain\\arm\\arm-gnu-toolchain\\arm-none-eabi\\include\\sys\\lock.h"
 172              	 .file 7 "c:\\program files (x86)\\atmel\\studio\\7.0\\toolchain\\arm\\arm-gnu-toolchain\\arm-none-eabi\\include\\sys\\_types.h"
 173              	 .file 8 "c:\\program files (x86)\\atmel\\studio\\7.0\\toolchain\\arm\\arm-gnu-toolchain\\lib\\gcc\\arm-none-eabi\\6.3.1\\include\\stddef.h"
 174              	 .file 9 "c:\\program files (x86)\\atmel\\studio\\7.0\\toolchain\\arm\\arm-gnu-toolchain\\arm-none-eabi\\include\\sys\\reent.h"
 175              	 .file 10 "c:\\program files (x86)\\atmel\\studio\\7.0\\toolchain\\arm\\arm-gnu-toolchain\\arm-none-eabi\\include\\stdlib.h"
 176              	 .file 11 "../../../platform/common/utils/interrupt/interrupt_sam_nvic.h"
 177              	 .file 12 "../../../platform/sam/utils/compiler.h"
 178              	 .file 13 "../../../platform/common/services/usb/usb_protocol.h"
 179              	 .file 14 "../../../platform/common/services/usb/udc/udi.h"
 180              	 .file 15 "../../../platform/common/services/usb/udc/udc_desc.h"
 181              	 .file 16 "../../../platform/common/services/usb/udc/udd.h"
 182              	 .file 17 "../../../platform/common/services/usb/class/cdc/device/udi_cdc.h"
 183              	 .file 18 "../../../platform/common/utils/stdio/stdio_usb/stdio_usb.h"
 184              	 .file 19 "config/config.h"
DEFINED SYMBOLS
                            *ABS*:00000000 hardfault_handler_c.c
    {standard input}:16     .bss.cpu_irq_critical_section_counter:00000000 $d
    {standard input}:19     .bss.cpu_irq_critical_section_counter:00000000 cpu_irq_critical_section_counter
    {standard input}:24     .bss.cpu_irq_prev_interrupt_state:00000000 cpu_irq_prev_interrupt_state
    {standard input}:25     .bss.cpu_irq_prev_interrupt_state:00000000 $d
                            *COM*:00000001 n
    {standard input}:28     .bss.tTS:00000000 $d
    {standard input}:31     .bss.tTS:00000000 tTS
    {standard input}:34     .text:00000000 $t
    {standard input}:41     .text:00000000 HardFault_Handler_C
    {standard input}:106    .text:0000004c $d
    {standard input}:121    .bss.stacked_r0.8186:00000000 stacked_r0.8186
    {standard input}:127    .bss.stacked_r1.8187:00000000 stacked_r1.8187
    {standard input}:133    .bss.stacked_r2.8188:00000000 stacked_r2.8188
    {standard input}:139    .bss.stacked_r3.8189:00000000 stacked_r3.8189
    {standard input}:145    .bss.stacked_r12.8190:00000000 stacked_r12.8190
    {standard input}:151    .bss.stacked_lr.8191:00000000 stacked_lr.8191
    {standard input}:157    .bss.stacked_pc.8192:00000000 stacked_pc.8192
    {standard input}:163    .bss.stacked_psr.8193:00000000 stacked_psr.8193
    {standard input}:118    .bss.stacked_r0.8186:00000000 $d
    {standard input}:124    .bss.stacked_r1.8187:00000000 $d
    {standard input}:130    .bss.stacked_r2.8188:00000000 $d
    {standard input}:136    .bss.stacked_r3.8189:00000000 $d
    {standard input}:142    .bss.stacked_r12.8190:00000000 $d
    {standard input}:148    .bss.stacked_lr.8191:00000000 $d
    {standard input}:154    .bss.stacked_pc.8192:00000000 $d
    {standard input}:160    .bss.stacked_psr.8193:00000000 $d
                     .debug_frame:00000010 $d

NO UNDEFINED SYMBOLS
