   1              	# 1 "../../../platform/sam/utils/syscalls/gcc/hardfault_handler.asm"
   1              	.syntax unified
   0              	
   0              	
   2              	.cpu cortex-m4
   3              	.thumb
   4              	 
   5              	.global HardFault_Handler
   6              	.extern HardFault_Handler_C
   7              	 
   8              	HardFault_Handler:
   9 0000 1EF0040F 		TST		LR, #4
  10 0004 0CBF     		ITE		EQ
  11 0006 EFF30880 		MRSEQ	R0, MSP
  12 000a EFF30980 		MRSNE	R0, PSP
  13 000e FFF7FEBF 		B		HardFault_Handler_C
DEFINED SYMBOLS
../../../platform/sam/utils/syscalls/gcc/hardfault_handler.asm:8      .text:00000000 HardFault_Handler
../../../platform/sam/utils/syscalls/gcc/hardfault_handler.asm:9      .text:00000000 $t

UNDEFINED SYMBOLS
HardFault_Handler_C
