   1               		.file	"nwkTx.c"
   2               	__SP_H__ = 0x3e
   3               	__SP_L__ = 0x3d
   4               	__SREG__ = 0x3f
   5               	__RAMPZ__ = 0x3b
   6               	__tmp_reg__ = 0
   7               	__zero_reg__ = 1
   8               		.text
   9               	.Ltext0:
  10               		.cfi_sections	.debug_frame
  11               		.section	.bss.nwkTxPhyActiveFrame,"aw",@nobits
  14               	nwkTxPhyActiveFrame:
  15 0000 0000      		.zero	2
  16               		.section	.bss.nwkTxAckWaitTimer,"aw",@nobits
  19               	nwkTxAckWaitTimer:
  20 0000 0000 0000 		.zero	13
  20      0000 0000 
  20      0000 0000 
  20      00
  21               		.section	.bss.nwkTxDelayTimer,"aw",@nobits
  24               	nwkTxDelayTimer:
  25 0000 0000 0000 		.zero	13
  25      0000 0000 
  25      0000 0000 
  25      00
  26               		.text
  27               	.global	nwkTxInit
  29               	nwkTxInit:
  30               	.LFB66:
  31               		.file 1 "../../../stack/LwMesh/TDMA/nwk/src/nwkTx.c"
   1:../../../stack/LwMesh/TDMA/nwk/src/nwkTx.c **** /**
   2:../../../stack/LwMesh/TDMA/nwk/src/nwkTx.c ****  * \file nwkTx.c
   3:../../../stack/LwMesh/TDMA/nwk/src/nwkTx.c ****  *
   4:../../../stack/LwMesh/TDMA/nwk/src/nwkTx.c ****  * \brief Transmit routines implementation
   5:../../../stack/LwMesh/TDMA/nwk/src/nwkTx.c ****  *
   6:../../../stack/LwMesh/TDMA/nwk/src/nwkTx.c ****  * Copyright (C) 2014 Atmel Corporation. All rights reserved.
   7:../../../stack/LwMesh/TDMA/nwk/src/nwkTx.c ****  *
   8:../../../stack/LwMesh/TDMA/nwk/src/nwkTx.c ****  * \asf_license_start
   9:../../../stack/LwMesh/TDMA/nwk/src/nwkTx.c ****  *
  10:../../../stack/LwMesh/TDMA/nwk/src/nwkTx.c ****  * Redistribution and use in source and binary forms, with or without
  11:../../../stack/LwMesh/TDMA/nwk/src/nwkTx.c ****  * modification, are permitted provided that the following conditions are met:
  12:../../../stack/LwMesh/TDMA/nwk/src/nwkTx.c ****  *
  13:../../../stack/LwMesh/TDMA/nwk/src/nwkTx.c ****  * 1. Redistributions of source code must retain the above copyright notice,
  14:../../../stack/LwMesh/TDMA/nwk/src/nwkTx.c ****  *    this list of conditions and the following disclaimer.
  15:../../../stack/LwMesh/TDMA/nwk/src/nwkTx.c ****  *
  16:../../../stack/LwMesh/TDMA/nwk/src/nwkTx.c ****  * 2. Redistributions in binary form must reproduce the above copyright notice,
  17:../../../stack/LwMesh/TDMA/nwk/src/nwkTx.c ****  *    this list of conditions and the following disclaimer in the documentation
  18:../../../stack/LwMesh/TDMA/nwk/src/nwkTx.c ****  *    and/or other materials provided with the distribution.
  19:../../../stack/LwMesh/TDMA/nwk/src/nwkTx.c ****  *
  20:../../../stack/LwMesh/TDMA/nwk/src/nwkTx.c ****  * 3. The name of Atmel may not be used to endorse or promote products derived
  21:../../../stack/LwMesh/TDMA/nwk/src/nwkTx.c ****  *    from this software without specific prior written permission.
  22:../../../stack/LwMesh/TDMA/nwk/src/nwkTx.c ****  *
  23:../../../stack/LwMesh/TDMA/nwk/src/nwkTx.c ****  * 4. This software may only be redistributed and used in connection with an
  24:../../../stack/LwMesh/TDMA/nwk/src/nwkTx.c ****  *    Atmel microcontroller product.
  25:../../../stack/LwMesh/TDMA/nwk/src/nwkTx.c ****  *
  26:../../../stack/LwMesh/TDMA/nwk/src/nwkTx.c ****  * THIS SOFTWARE IS PROVIDED BY ATMEL "AS IS" AND ANY EXPRESS OR IMPLIED
  27:../../../stack/LwMesh/TDMA/nwk/src/nwkTx.c ****  * WARRANTIES, INCLUDING, BUT NOT LIMITED TO, THE IMPLIED WARRANTIES OF
  28:../../../stack/LwMesh/TDMA/nwk/src/nwkTx.c ****  * MERCHANTABILITY, FITNESS FOR A PARTICULAR PURPOSE AND NON-INFRINGEMENT ARE
  29:../../../stack/LwMesh/TDMA/nwk/src/nwkTx.c ****  * EXPRESSLY AND SPECIFICALLY DISCLAIMED. IN NO EVENT SHALL ATMEL BE LIABLE FOR
  30:../../../stack/LwMesh/TDMA/nwk/src/nwkTx.c ****  * ANY DIRECT, INDIRECT, INCIDENTAL, SPECIAL, EXEMPLARY, OR CONSEQUENTIAL
  31:../../../stack/LwMesh/TDMA/nwk/src/nwkTx.c ****  * DAMAGES (INCLUDING, BUT NOT LIMITED TO, PROCUREMENT OF SUBSTITUTE GOODS
  32:../../../stack/LwMesh/TDMA/nwk/src/nwkTx.c ****  * OR SERVICES; LOSS OF USE, DATA, OR PROFITS; OR BUSINESS INTERRUPTION)
  33:../../../stack/LwMesh/TDMA/nwk/src/nwkTx.c ****  * HOWEVER CAUSED AND ON ANY THEORY OF LIABILITY, WHETHER IN CONTRACT,
  34:../../../stack/LwMesh/TDMA/nwk/src/nwkTx.c ****  * STRICT LIABILITY, OR TORT (INCLUDING NEGLIGENCE OR OTHERWISE) ARISING IN
  35:../../../stack/LwMesh/TDMA/nwk/src/nwkTx.c ****  * ANY WAY OUT OF THE USE OF THIS SOFTWARE, EVEN IF ADVISED OF THE
  36:../../../stack/LwMesh/TDMA/nwk/src/nwkTx.c ****  * POSSIBILITY OF SUCH DAMAGE.
  37:../../../stack/LwMesh/TDMA/nwk/src/nwkTx.c ****  *
  38:../../../stack/LwMesh/TDMA/nwk/src/nwkTx.c ****  * \asf_license_stop
  39:../../../stack/LwMesh/TDMA/nwk/src/nwkTx.c ****  *
  40:../../../stack/LwMesh/TDMA/nwk/src/nwkTx.c ****  *
  41:../../../stack/LwMesh/TDMA/nwk/src/nwkTx.c ****  */
  42:../../../stack/LwMesh/TDMA/nwk/src/nwkTx.c **** 
  43:../../../stack/LwMesh/TDMA/nwk/src/nwkTx.c **** /*
  44:../../../stack/LwMesh/TDMA/nwk/src/nwkTx.c ****  * Copyright (c) 2014, Atmel Corporation All rights reserved.
  45:../../../stack/LwMesh/TDMA/nwk/src/nwkTx.c ****  *
  46:../../../stack/LwMesh/TDMA/nwk/src/nwkTx.c ****  * Licensed under Atmel's Limited License Agreement --> EULA.txt
  47:../../../stack/LwMesh/TDMA/nwk/src/nwkTx.c ****  */
  48:../../../stack/LwMesh/TDMA/nwk/src/nwkTx.c **** 
  49:../../../stack/LwMesh/TDMA/nwk/src/nwkTx.c **** /*- Includes ---------------------------------------------------------------*/
  50:../../../stack/LwMesh/TDMA/nwk/src/nwkTx.c **** #include <stdlib.h>
  51:../../../stack/LwMesh/TDMA/nwk/src/nwkTx.c **** #include <stdint.h>
  52:../../../stack/LwMesh/TDMA/nwk/src/nwkTx.c **** #include <stdbool.h>
  53:../../../stack/LwMesh/TDMA/nwk/src/nwkTx.c **** #include <string.h>
  54:../../../stack/LwMesh/TDMA/nwk/src/nwkTx.c **** #include "phy.h"
  55:../../../stack/LwMesh/TDMA/nwk/src/nwkTx.c **** #include "sysConfig.h"
  56:../../../stack/LwMesh/TDMA/nwk/src/nwkTx.c **** #include "sysTimer.h"
  57:../../../stack/LwMesh/TDMA/nwk/src/nwkTx.c **** #include "nwk.h"
  58:../../../stack/LwMesh/TDMA/nwk/src/nwkTx.c **** #include "nwkTx.h"
  59:../../../stack/LwMesh/TDMA/nwk/src/nwkTx.c **** #include "nwkFrame.h"
  60:../../../stack/LwMesh/TDMA/nwk/src/nwkTx.c **** #include "nwkRoute.h"
  61:../../../stack/LwMesh/TDMA/nwk/src/nwkTx.c **** #include "nwkCommand.h"
  62:../../../stack/LwMesh/TDMA/nwk/src/nwkTx.c **** #include "nwkSecurity.h"
  63:../../../stack/LwMesh/TDMA/nwk/src/nwkTx.c **** 
  64:../../../stack/LwMesh/TDMA/nwk/src/nwkTx.c **** /*- Definitions ------------------------------------------------------------*/
  65:../../../stack/LwMesh/TDMA/nwk/src/nwkTx.c **** #define NWK_TX_ACK_WAIT_TIMER_INTERVAL    50 /* ms */
  66:../../../stack/LwMesh/TDMA/nwk/src/nwkTx.c **** #define NWK_TX_DELAY_TIMER_INTERVAL       10 /* ms */
  67:../../../stack/LwMesh/TDMA/nwk/src/nwkTx.c **** #define NWK_TX_DELAY_JITTER_MASK          0x07
  68:../../../stack/LwMesh/TDMA/nwk/src/nwkTx.c **** 
  69:../../../stack/LwMesh/TDMA/nwk/src/nwkTx.c **** /*- Types ------------------------------------------------------------------*/
  70:../../../stack/LwMesh/TDMA/nwk/src/nwkTx.c **** enum {
  71:../../../stack/LwMesh/TDMA/nwk/src/nwkTx.c **** 	NWK_TX_STATE_ENCRYPT    = 0x10,
  72:../../../stack/LwMesh/TDMA/nwk/src/nwkTx.c **** 	NWK_TX_STATE_WAIT_DELAY = 0x11,
  73:../../../stack/LwMesh/TDMA/nwk/src/nwkTx.c **** 	NWK_TX_STATE_DELAY      = 0x12,
  74:../../../stack/LwMesh/TDMA/nwk/src/nwkTx.c **** 	NWK_TX_STATE_SEND       = 0x13,
  75:../../../stack/LwMesh/TDMA/nwk/src/nwkTx.c **** 	NWK_TX_STATE_WAIT_CONF  = 0x14,
  76:../../../stack/LwMesh/TDMA/nwk/src/nwkTx.c **** 	NWK_TX_STATE_SENT       = 0x15,
  77:../../../stack/LwMesh/TDMA/nwk/src/nwkTx.c **** 	NWK_TX_STATE_WAIT_ACK   = 0x16,
  78:../../../stack/LwMesh/TDMA/nwk/src/nwkTx.c **** 	NWK_TX_STATE_CONFIRM    = 0x17,
  79:../../../stack/LwMesh/TDMA/nwk/src/nwkTx.c **** };
  80:../../../stack/LwMesh/TDMA/nwk/src/nwkTx.c **** 
  81:../../../stack/LwMesh/TDMA/nwk/src/nwkTx.c **** /*- Prototypes -------------------------------------------------------------*/
  82:../../../stack/LwMesh/TDMA/nwk/src/nwkTx.c **** static void nwkTxAckWaitTimerHandler(SYS_Timer_t *timer);
  83:../../../stack/LwMesh/TDMA/nwk/src/nwkTx.c **** static void nwkTxDelayTimerHandler(SYS_Timer_t *timer);
  84:../../../stack/LwMesh/TDMA/nwk/src/nwkTx.c **** 
  85:../../../stack/LwMesh/TDMA/nwk/src/nwkTx.c **** /*- Variables --------------------------------------------------------------*/
  86:../../../stack/LwMesh/TDMA/nwk/src/nwkTx.c **** static NwkFrame_t *nwkTxPhyActiveFrame;
  87:../../../stack/LwMesh/TDMA/nwk/src/nwkTx.c **** static SYS_Timer_t nwkTxAckWaitTimer;
  88:../../../stack/LwMesh/TDMA/nwk/src/nwkTx.c **** static SYS_Timer_t nwkTxDelayTimer;
  89:../../../stack/LwMesh/TDMA/nwk/src/nwkTx.c **** 
  90:../../../stack/LwMesh/TDMA/nwk/src/nwkTx.c **** /*- Implementations --------------------------------------------------------*/
  91:../../../stack/LwMesh/TDMA/nwk/src/nwkTx.c **** 
  92:../../../stack/LwMesh/TDMA/nwk/src/nwkTx.c **** /*************************************************************************//**
  93:../../../stack/LwMesh/TDMA/nwk/src/nwkTx.c **** *  @brief Initializes the Tx module
  94:../../../stack/LwMesh/TDMA/nwk/src/nwkTx.c **** *****************************************************************************/
  95:../../../stack/LwMesh/TDMA/nwk/src/nwkTx.c **** void nwkTxInit(void)
  96:../../../stack/LwMesh/TDMA/nwk/src/nwkTx.c **** {
  32               		.loc 1 96 0
  33               		.cfi_startproc
  34 0000 CF93      		push r28
  35               	.LCFI0:
  36               		.cfi_def_cfa_offset 3
  37               		.cfi_offset 28, -2
  38 0002 DF93      		push r29
  39               	.LCFI1:
  40               		.cfi_def_cfa_offset 4
  41               		.cfi_offset 29, -3
  42 0004 CDB7      		in r28,__SP_L__
  43 0006 DEB7      		in r29,__SP_H__
  44               	.LCFI2:
  45               		.cfi_def_cfa_register 28
  46               	/* prologue: function */
  47               	/* frame size = 0 */
  48               	/* stack size = 2 */
  49               	.L__stack_usage = 2
  97:../../../stack/LwMesh/TDMA/nwk/src/nwkTx.c **** 	nwkTxPhyActiveFrame = NULL;
  50               		.loc 1 97 0
  51 0008 1092 0000 		sts nwkTxPhyActiveFrame+1,__zero_reg__
  52 000c 1092 0000 		sts nwkTxPhyActiveFrame,__zero_reg__
  98:../../../stack/LwMesh/TDMA/nwk/src/nwkTx.c **** 
  99:../../../stack/LwMesh/TDMA/nwk/src/nwkTx.c **** 	nwkTxAckWaitTimer.interval = NWK_TX_ACK_WAIT_TIMER_INTERVAL;
  53               		.loc 1 99 0
  54 0010 82E3      		ldi r24,lo8(50)
  55 0012 90E0      		ldi r25,0
  56 0014 A0E0      		ldi r26,0
  57 0016 B0E0      		ldi r27,0
  58 0018 8093 0000 		sts nwkTxAckWaitTimer+6,r24
  59 001c 9093 0000 		sts nwkTxAckWaitTimer+6+1,r25
  60 0020 A093 0000 		sts nwkTxAckWaitTimer+6+2,r26
  61 0024 B093 0000 		sts nwkTxAckWaitTimer+6+3,r27
 100:../../../stack/LwMesh/TDMA/nwk/src/nwkTx.c **** 	nwkTxAckWaitTimer.mode = SYS_TIMER_INTERVAL_MODE;
  62               		.loc 1 100 0
  63 0028 1092 0000 		sts nwkTxAckWaitTimer+10,__zero_reg__
 101:../../../stack/LwMesh/TDMA/nwk/src/nwkTx.c **** 	nwkTxAckWaitTimer.handler = nwkTxAckWaitTimerHandler;
  64               		.loc 1 101 0
  65 002c 80E0      		ldi r24,lo8(gs(nwkTxAckWaitTimerHandler))
  66 002e 90E0      		ldi r25,hi8(gs(nwkTxAckWaitTimerHandler))
  67 0030 9093 0000 		sts nwkTxAckWaitTimer+11+1,r25
  68 0034 8093 0000 		sts nwkTxAckWaitTimer+11,r24
 102:../../../stack/LwMesh/TDMA/nwk/src/nwkTx.c **** 
 103:../../../stack/LwMesh/TDMA/nwk/src/nwkTx.c **** 	nwkTxDelayTimer.interval = NWK_TX_DELAY_TIMER_INTERVAL;
  69               		.loc 1 103 0
  70 0038 8AE0      		ldi r24,lo8(10)
  71 003a 90E0      		ldi r25,0
  72 003c A0E0      		ldi r26,0
  73 003e B0E0      		ldi r27,0
  74 0040 8093 0000 		sts nwkTxDelayTimer+6,r24
  75 0044 9093 0000 		sts nwkTxDelayTimer+6+1,r25
  76 0048 A093 0000 		sts nwkTxDelayTimer+6+2,r26
  77 004c B093 0000 		sts nwkTxDelayTimer+6+3,r27
 104:../../../stack/LwMesh/TDMA/nwk/src/nwkTx.c **** 	nwkTxDelayTimer.mode = SYS_TIMER_INTERVAL_MODE;
  78               		.loc 1 104 0
  79 0050 1092 0000 		sts nwkTxDelayTimer+10,__zero_reg__
 105:../../../stack/LwMesh/TDMA/nwk/src/nwkTx.c **** 	nwkTxDelayTimer.handler = nwkTxDelayTimerHandler;
  80               		.loc 1 105 0
  81 0054 80E0      		ldi r24,lo8(gs(nwkTxDelayTimerHandler))
  82 0056 90E0      		ldi r25,hi8(gs(nwkTxDelayTimerHandler))
  83 0058 9093 0000 		sts nwkTxDelayTimer+11+1,r25
  84 005c 8093 0000 		sts nwkTxDelayTimer+11,r24
 106:../../../stack/LwMesh/TDMA/nwk/src/nwkTx.c **** }
  85               		.loc 1 106 0
  86 0060 0000      		nop
  87               	/* epilogue start */
  88 0062 DF91      		pop r29
  89 0064 CF91      		pop r28
  90 0066 0895      		ret
  91               		.cfi_endproc
  92               	.LFE66:
  94               	.global	nwkTxBeaconFrame
  96               	nwkTxBeaconFrame:
  97               	.LFB67:
 107:../../../stack/LwMesh/TDMA/nwk/src/nwkTx.c **** 
 108:../../../stack/LwMesh/TDMA/nwk/src/nwkTx.c **** /*************************************************************************//**
 109:../../../stack/LwMesh/TDMA/nwk/src/nwkTx.c **** *****************************************************************************/
 110:../../../stack/LwMesh/TDMA/nwk/src/nwkTx.c **** void nwkTxBeaconFrame(NwkFrame_t *frame)
 111:../../../stack/LwMesh/TDMA/nwk/src/nwkTx.c **** {
  98               		.loc 1 111 0
  99               		.cfi_startproc
 100 0068 CF93      		push r28
 101               	.LCFI3:
 102               		.cfi_def_cfa_offset 3
 103               		.cfi_offset 28, -2
 104 006a DF93      		push r29
 105               	.LCFI4:
 106               		.cfi_def_cfa_offset 4
 107               		.cfi_offset 29, -3
 108 006c 00D0      		rcall .
 109 006e 00D0      		rcall .
 110               	.LCFI5:
 111               		.cfi_def_cfa_offset 8
 112 0070 CDB7      		in r28,__SP_L__
 113 0072 DEB7      		in r29,__SP_H__
 114               	.LCFI6:
 115               		.cfi_def_cfa_register 28
 116               	/* prologue: function */
 117               	/* frame size = 4 */
 118               	/* stack size = 6 */
 119               	.L__stack_usage = 6
 120 0074 9C83      		std Y+4,r25
 121 0076 8B83      		std Y+3,r24
 112:../../../stack/LwMesh/TDMA/nwk/src/nwkTx.c **** 	NwkFrameBeaconHeader_t *beacon = &frame->beacon;
 122               		.loc 1 112 0
 123 0078 8B81      		ldd r24,Y+3
 124 007a 9C81      		ldd r25,Y+4
 125 007c 0296      		adiw r24,2
 126 007e 9A83      		std Y+2,r25
 127 0080 8983      		std Y+1,r24
 113:../../../stack/LwMesh/TDMA/nwk/src/nwkTx.c **** 
 114:../../../stack/LwMesh/TDMA/nwk/src/nwkTx.c **** 	frame->state = NWK_TX_STATE_SEND;
 128               		.loc 1 114 0
 129 0082 8B81      		ldd r24,Y+3
 130 0084 9C81      		ldd r25,Y+4
 131 0086 23E1      		ldi r18,lo8(19)
 132 0088 FC01      		movw r30,r24
 133 008a 2083      		st Z,r18
 115:../../../stack/LwMesh/TDMA/nwk/src/nwkTx.c **** 	frame->tx.status = NWK_SUCCESS_STATUS;
 134               		.loc 1 115 0
 135 008c 8B81      		ldd r24,Y+3
 136 008e 9C81      		ldd r25,Y+4
 137 0090 8D57      		subi r24,125
 138 0092 9F4F      		sbci r25,-1
 139 0094 FC01      		movw r30,r24
 140 0096 1082      		st Z,__zero_reg__
 116:../../../stack/LwMesh/TDMA/nwk/src/nwkTx.c **** 	frame->tx.timeout = 0;
 141               		.loc 1 116 0
 142 0098 8B81      		ldd r24,Y+3
 143 009a 9C81      		ldd r25,Y+4
 144 009c 8C57      		subi r24,124
 145 009e 9F4F      		sbci r25,-1
 146 00a0 FC01      		movw r30,r24
 147 00a2 1182      		std Z+1,__zero_reg__
 148 00a4 1082      		st Z,__zero_reg__
 117:../../../stack/LwMesh/TDMA/nwk/src/nwkTx.c **** 
 118:../../../stack/LwMesh/TDMA/nwk/src/nwkTx.c **** 	beacon->macFcf = 0x8000;
 149               		.loc 1 118 0
 150 00a6 8981      		ldd r24,Y+1
 151 00a8 9A81      		ldd r25,Y+2
 152 00aa 20E0      		ldi r18,0
 153 00ac 30E8      		ldi r19,lo8(-128)
 154 00ae FC01      		movw r30,r24
 155 00b0 3183      		std Z+1,r19
 156 00b2 2083      		st Z,r18
 119:../../../stack/LwMesh/TDMA/nwk/src/nwkTx.c **** 	beacon->macSeq = ++nwkIb.macSeqNum;
 157               		.loc 1 119 0
 158 00b4 8091 0000 		lds r24,nwkIb+5
 159 00b8 8F5F      		subi r24,lo8(-(1))
 160 00ba 8093 0000 		sts nwkIb+5,r24
 161 00be 2091 0000 		lds r18,nwkIb+5
 162 00c2 8981      		ldd r24,Y+1
 163 00c4 9A81      		ldd r25,Y+2
 164 00c6 FC01      		movw r30,r24
 165 00c8 2283      		std Z+2,r18
 120:../../../stack/LwMesh/TDMA/nwk/src/nwkTx.c **** 	beacon->macSrcPanId = nwkIb.panId;
 166               		.loc 1 120 0
 167 00ca 2091 0000 		lds r18,nwkIb+2
 168 00ce 3091 0000 		lds r19,nwkIb+2+1
 169 00d2 8981      		ldd r24,Y+1
 170 00d4 9A81      		ldd r25,Y+2
 171 00d6 FC01      		movw r30,r24
 172 00d8 3483      		std Z+4,r19
 173 00da 2383      		std Z+3,r18
 121:../../../stack/LwMesh/TDMA/nwk/src/nwkTx.c **** 	beacon->macSrcAddr = nwkIb.addr;
 174               		.loc 1 121 0
 175 00dc 2091 0000 		lds r18,nwkIb
 176 00e0 3091 0000 		lds r19,nwkIb+1
 177 00e4 8981      		ldd r24,Y+1
 178 00e6 9A81      		ldd r25,Y+2
 179 00e8 FC01      		movw r30,r24
 180 00ea 3683      		std Z+6,r19
 181 00ec 2583      		std Z+5,r18
 122:../../../stack/LwMesh/TDMA/nwk/src/nwkTx.c **** }
 182               		.loc 1 122 0
 183 00ee 0000      		nop
 184               	/* epilogue start */
 185 00f0 0F90      		pop __tmp_reg__
 186 00f2 0F90      		pop __tmp_reg__
 187 00f4 0F90      		pop __tmp_reg__
 188 00f6 0F90      		pop __tmp_reg__
 189 00f8 DF91      		pop r29
 190 00fa CF91      		pop r28
 191 00fc 0895      		ret
 192               		.cfi_endproc
 193               	.LFE67:
 195               	.global	nwkTxBeaconFrameLLDN
 197               	nwkTxBeaconFrameLLDN:
 198               	.LFB68:
 123:../../../stack/LwMesh/TDMA/nwk/src/nwkTx.c **** void nwkTxBeaconFrameLLDN(NwkFrame_t *frame)
 124:../../../stack/LwMesh/TDMA/nwk/src/nwkTx.c **** {
 199               		.loc 1 124 0
 200               		.cfi_startproc
 201 00fe CF93      		push r28
 202               	.LCFI7:
 203               		.cfi_def_cfa_offset 3
 204               		.cfi_offset 28, -2
 205 0100 DF93      		push r29
 206               	.LCFI8:
 207               		.cfi_def_cfa_offset 4
 208               		.cfi_offset 29, -3
 209 0102 00D0      		rcall .
 210 0104 00D0      		rcall .
 211               	.LCFI9:
 212               		.cfi_def_cfa_offset 8
 213 0106 CDB7      		in r28,__SP_L__
 214 0108 DEB7      		in r29,__SP_H__
 215               	.LCFI10:
 216               		.cfi_def_cfa_register 28
 217               	/* prologue: function */
 218               	/* frame size = 4 */
 219               	/* stack size = 6 */
 220               	.L__stack_usage = 6
 221 010a 9C83      		std Y+4,r25
 222 010c 8B83      		std Y+3,r24
 125:../../../stack/LwMesh/TDMA/nwk/src/nwkTx.c **** 	NwkFrameBeaconHeaderLLDN_t *beacon = &frame->LLbeacon;
 223               		.loc 1 125 0
 224 010e 8B81      		ldd r24,Y+3
 225 0110 9C81      		ldd r25,Y+4
 226 0112 0296      		adiw r24,2
 227 0114 9A83      		std Y+2,r25
 228 0116 8983      		std Y+1,r24
 126:../../../stack/LwMesh/TDMA/nwk/src/nwkTx.c **** 	frame->state = NWK_TX_STATE_SEND;
 229               		.loc 1 126 0
 230 0118 8B81      		ldd r24,Y+3
 231 011a 9C81      		ldd r25,Y+4
 232 011c 23E1      		ldi r18,lo8(19)
 233 011e FC01      		movw r30,r24
 234 0120 2083      		st Z,r18
 127:../../../stack/LwMesh/TDMA/nwk/src/nwkTx.c **** 	frame->tx.status = NWK_SUCCESS_STATUS;
 235               		.loc 1 127 0
 236 0122 8B81      		ldd r24,Y+3
 237 0124 9C81      		ldd r25,Y+4
 238 0126 8D57      		subi r24,125
 239 0128 9F4F      		sbci r25,-1
 240 012a FC01      		movw r30,r24
 241 012c 1082      		st Z,__zero_reg__
 128:../../../stack/LwMesh/TDMA/nwk/src/nwkTx.c **** 	frame->tx.timeout = 0;
 242               		.loc 1 128 0
 243 012e 8B81      		ldd r24,Y+3
 244 0130 9C81      		ldd r25,Y+4
 245 0132 8C57      		subi r24,124
 246 0134 9F4F      		sbci r25,-1
 247 0136 FC01      		movw r30,r24
 248 0138 1182      		std Z+1,__zero_reg__
 249 013a 1082      		st Z,__zero_reg__
 129:../../../stack/LwMesh/TDMA/nwk/src/nwkTx.c **** 
 130:../../../stack/LwMesh/TDMA/nwk/src/nwkTx.c **** 	// beacon->macFcf.FrameType				= 0b100; 	// LLDN type
 131:../../../stack/LwMesh/TDMA/nwk/src/nwkTx.c **** 	// beacon->macFcf.SecurityEnabled 	= 0b1;	// 1 to enable security header and sequence number
 132:../../../stack/LwMesh/TDMA/nwk/src/nwkTx.c **** 	// beacon->macFcf.FrameVersion			= 0b0;	// zero to indicate compatible with IEEE Std 802.15.4.
 133:../../../stack/LwMesh/TDMA/nwk/src/nwkTx.c **** 	// beacon->macFcf.ackRequest				= 0b0;	// zero to indicade no ACK
 134:../../../stack/LwMesh/TDMA/nwk/src/nwkTx.c **** 	// beacon->macFcf.SubFrameType			= 0b00; // Subtype = LL-Beacon
 135:../../../stack/LwMesh/TDMA/nwk/src/nwkTx.c **** 	beacon->macFcf = 0x0c;
 250               		.loc 1 135 0
 251 013c 8981      		ldd r24,Y+1
 252 013e 9A81      		ldd r25,Y+2
 253 0140 2CE0      		ldi r18,lo8(12)
 254 0142 FC01      		movw r30,r24
 255 0144 2083      		st Z,r18
 136:../../../stack/LwMesh/TDMA/nwk/src/nwkTx.c **** 	beacon->macSeqNumber = ++nwkIb.macSeqNum;
 256               		.loc 1 136 0
 257 0146 8091 0000 		lds r24,nwkIb+5
 258 014a 8F5F      		subi r24,lo8(-(1))
 259 014c 8093 0000 		sts nwkIb+5,r24
 260 0150 2091 0000 		lds r18,nwkIb+5
 261 0154 8981      		ldd r24,Y+1
 262 0156 9A81      		ldd r25,Y+2
 263 0158 FC01      		movw r30,r24
 264 015a 2183      		std Z+1,r18
 137:../../../stack/LwMesh/TDMA/nwk/src/nwkTx.c **** 
 138:../../../stack/LwMesh/TDMA/nwk/src/nwkTx.c **** 	// Auxiliarty Security is not fully implemented, it is only enabled so Sequence Number is present 
 139:../../../stack/LwMesh/TDMA/nwk/src/nwkTx.c **** 	beacon->macSecHeader.secLevel	= 0b000;
 265               		.loc 1 139 0
 266 015c 8981      		ldd r24,Y+1
 267 015e 9A81      		ldd r25,Y+2
 268 0160 FC01      		movw r30,r24
 269 0162 2281      		ldd r18,Z+2
 270 0164 287F      		andi r18,lo8(-8)
 271 0166 FC01      		movw r30,r24
 272 0168 2283      		std Z+2,r18
 140:../../../stack/LwMesh/TDMA/nwk/src/nwkTx.c **** 	beacon->macSecHeader.KeyId		= 0b00;
 273               		.loc 1 140 0
 274 016a 8981      		ldd r24,Y+1
 275 016c 9A81      		ldd r25,Y+2
 276 016e FC01      		movw r30,r24
 277 0170 2281      		ldd r18,Z+2
 278 0172 277E      		andi r18,lo8(-25)
 279 0174 FC01      		movw r30,r24
 280 0176 2283      		std Z+2,r18
 141:../../../stack/LwMesh/TDMA/nwk/src/nwkTx.c **** 	beacon->macSecHeader.countSup	= 0b0;
 281               		.loc 1 141 0
 282 0178 8981      		ldd r24,Y+1
 283 017a 9A81      		ldd r25,Y+2
 284 017c FC01      		movw r30,r24
 285 017e 2281      		ldd r18,Z+2
 286 0180 2F7D      		andi r18,lo8(-33)
 287 0182 FC01      		movw r30,r24
 288 0184 2283      		std Z+2,r18
 142:../../../stack/LwMesh/TDMA/nwk/src/nwkTx.c **** 	beacon->macSecHeader.countSize= 0b0;
 289               		.loc 1 142 0
 290 0186 8981      		ldd r24,Y+1
 291 0188 9A81      		ldd r25,Y+2
 292 018a FC01      		movw r30,r24
 293 018c 2281      		ldd r18,Z+2
 294 018e 2F7B      		andi r18,lo8(-65)
 295 0190 FC01      		movw r30,r24
 296 0192 2283      		std Z+2,r18
 143:../../../stack/LwMesh/TDMA/nwk/src/nwkTx.c **** }
 297               		.loc 1 143 0
 298 0194 0000      		nop
 299               	/* epilogue start */
 300 0196 0F90      		pop __tmp_reg__
 301 0198 0F90      		pop __tmp_reg__
 302 019a 0F90      		pop __tmp_reg__
 303 019c 0F90      		pop __tmp_reg__
 304 019e DF91      		pop r29
 305 01a0 CF91      		pop r28
 306 01a2 0895      		ret
 307               		.cfi_endproc
 308               	.LFE68:
 310               	.global	nwkTxMacCommandFrameLLDN
 312               	nwkTxMacCommandFrameLLDN:
 313               	.LFB69:
 144:../../../stack/LwMesh/TDMA/nwk/src/nwkTx.c **** 
 145:../../../stack/LwMesh/TDMA/nwk/src/nwkTx.c **** void nwkTxMacCommandFrameLLDN(NwkFrame_t *frame, uint16_t subtype)
 146:../../../stack/LwMesh/TDMA/nwk/src/nwkTx.c **** {
 314               		.loc 1 146 0
 315               		.cfi_startproc
 316 01a4 CF93      		push r28
 317               	.LCFI11:
 318               		.cfi_def_cfa_offset 3
 319               		.cfi_offset 28, -2
 320 01a6 DF93      		push r29
 321               	.LCFI12:
 322               		.cfi_def_cfa_offset 4
 323               		.cfi_offset 29, -3
 324 01a8 00D0      		rcall .
 325 01aa 00D0      		rcall .
 326 01ac 00D0      		rcall .
 327               	.LCFI13:
 328               		.cfi_def_cfa_offset 10
 329 01ae CDB7      		in r28,__SP_L__
 330 01b0 DEB7      		in r29,__SP_H__
 331               	.LCFI14:
 332               		.cfi_def_cfa_register 28
 333               	/* prologue: function */
 334               	/* frame size = 6 */
 335               	/* stack size = 8 */
 336               	.L__stack_usage = 8
 337 01b2 9C83      		std Y+4,r25
 338 01b4 8B83      		std Y+3,r24
 339 01b6 7E83      		std Y+6,r23
 340 01b8 6D83      		std Y+5,r22
 147:../../../stack/LwMesh/TDMA/nwk/src/nwkTx.c **** 	NwkFrameGeneralHeaderLLDN_t *mac_command = &frame->LLgeneral;
 341               		.loc 1 147 0
 342 01ba 8B81      		ldd r24,Y+3
 343 01bc 9C81      		ldd r25,Y+4
 344 01be 0296      		adiw r24,2
 345 01c0 9A83      		std Y+2,r25
 346 01c2 8983      		std Y+1,r24
 148:../../../stack/LwMesh/TDMA/nwk/src/nwkTx.c **** 	frame->state = NWK_TX_STATE_SEND;
 347               		.loc 1 148 0
 348 01c4 8B81      		ldd r24,Y+3
 349 01c6 9C81      		ldd r25,Y+4
 350 01c8 23E1      		ldi r18,lo8(19)
 351 01ca FC01      		movw r30,r24
 352 01cc 2083      		st Z,r18
 149:../../../stack/LwMesh/TDMA/nwk/src/nwkTx.c **** 	frame->tx.status = NWK_SUCCESS_STATUS;
 353               		.loc 1 149 0
 354 01ce 8B81      		ldd r24,Y+3
 355 01d0 9C81      		ldd r25,Y+4
 356 01d2 8D57      		subi r24,125
 357 01d4 9F4F      		sbci r25,-1
 358 01d6 FC01      		movw r30,r24
 359 01d8 1082      		st Z,__zero_reg__
 150:../../../stack/LwMesh/TDMA/nwk/src/nwkTx.c **** 	frame->tx.timeout = 0;
 360               		.loc 1 150 0
 361 01da 8B81      		ldd r24,Y+3
 362 01dc 9C81      		ldd r25,Y+4
 363 01de 8C57      		subi r24,124
 364 01e0 9F4F      		sbci r25,-1
 365 01e2 FC01      		movw r30,r24
 366 01e4 1182      		std Z+1,__zero_reg__
 367 01e6 1082      		st Z,__zero_reg__
 151:../../../stack/LwMesh/TDMA/nwk/src/nwkTx.c **** 
 152:../../../stack/LwMesh/TDMA/nwk/src/nwkTx.c **** 	// beacon->macFcf.FrameType					= 0b100; // LLDN type
 153:../../../stack/LwMesh/TDMA/nwk/src/nwkTx.c **** 	// beacon->macFcf.SecurityEnabled 	= 0b1;	// 1 to enable security header and sequence number
 154:../../../stack/LwMesh/TDMA/nwk/src/nwkTx.c **** 	// beacon->macFcf.FrameVersion			= 0b0;	// zero to indicate compatible with IEEE Std 802.15.4.
 155:../../../stack/LwMesh/TDMA/nwk/src/nwkTx.c **** 	// beacon->macFcf.ackRequest				= 0b0;	// zero to indicade no ACK
 156:../../../stack/LwMesh/TDMA/nwk/src/nwkTx.c **** 	// beacon->macFcf.SubFrameType			= 0b11; // Subtype = LL-MAC command
 157:../../../stack/LwMesh/TDMA/nwk/src/nwkTx.c **** 	if (subtype & NWK_OPT_MAC_COMMAND) 		mac_command->macFcf = 0xcc; //LL-MAC Command
 368               		.loc 1 157 0
 369 01e8 8D81      		ldd r24,Y+5
 370 01ea 9E81      		ldd r25,Y+6
 371 01ec 9923      		tst r25
 372 01ee 04F4      		brge .L5
 373               		.loc 1 157 0 is_stmt 0 discriminator 1
 374 01f0 8981      		ldd r24,Y+1
 375 01f2 9A81      		ldd r25,Y+2
 376 01f4 2CEC      		ldi r18,lo8(-52)
 377 01f6 FC01      		movw r30,r24
 378 01f8 2083      		st Z,r18
 379 01fa 00C0      		rjmp .L6
 380               	.L5:
 158:../../../stack/LwMesh/TDMA/nwk/src/nwkTx.c **** 	else if (subtype & NWK_OPT_LLDN_DATA) mac_command->macFcf = 0x4c; //LL-Data
 381               		.loc 1 158 0 is_stmt 1
 382 01fc 8D81      		ldd r24,Y+5
 383 01fe 9E81      		ldd r25,Y+6
 384 0200 8827      		clr r24
 385 0202 9072      		andi r25,32
 386 0204 892B      		or r24,r25
 387 0206 01F0      		breq .L7
 388               		.loc 1 158 0 is_stmt 0 discriminator 1
 389 0208 8981      		ldd r24,Y+1
 390 020a 9A81      		ldd r25,Y+2
 391 020c 2CE4      		ldi r18,lo8(76)
 392 020e FC01      		movw r30,r24
 393 0210 2083      		st Z,r18
 394 0212 00C0      		rjmp .L6
 395               	.L7:
 159:../../../stack/LwMesh/TDMA/nwk/src/nwkTx.c **** 	else if (subtype & NWK_OPT_LLDN_ACK) 	mac_command->macFcf = 0x8c;	//LL-Acknowledgment
 396               		.loc 1 159 0 is_stmt 1
 397 0214 8D81      		ldd r24,Y+5
 398 0216 9E81      		ldd r25,Y+6
 399 0218 8827      		clr r24
 400 021a 9074      		andi r25,64
 401 021c 892B      		or r24,r25
 402 021e 01F0      		breq .L6
 403               		.loc 1 159 0 is_stmt 0 discriminator 1
 404 0220 8981      		ldd r24,Y+1
 405 0222 9A81      		ldd r25,Y+2
 406 0224 2CE8      		ldi r18,lo8(-116)
 407 0226 FC01      		movw r30,r24
 408 0228 2083      		st Z,r18
 409               	.L6:
 160:../../../stack/LwMesh/TDMA/nwk/src/nwkTx.c **** 	mac_command->macSeqNumber = ++nwkIb.macSeqNum;
 410               		.loc 1 160 0 is_stmt 1
 411 022a 8091 0000 		lds r24,nwkIb+5
 412 022e 8F5F      		subi r24,lo8(-(1))
 413 0230 8093 0000 		sts nwkIb+5,r24
 414 0234 2091 0000 		lds r18,nwkIb+5
 415 0238 8981      		ldd r24,Y+1
 416 023a 9A81      		ldd r25,Y+2
 417 023c FC01      		movw r30,r24
 418 023e 2183      		std Z+1,r18
 161:../../../stack/LwMesh/TDMA/nwk/src/nwkTx.c **** 
 162:../../../stack/LwMesh/TDMA/nwk/src/nwkTx.c **** 	// Auxiliarty Security is not fully implemented, it is only enabled so Sequence Number is present 
 163:../../../stack/LwMesh/TDMA/nwk/src/nwkTx.c **** 	mac_command->macSecHeader.secLevel	= 0b000;
 419               		.loc 1 163 0
 420 0240 8981      		ldd r24,Y+1
 421 0242 9A81      		ldd r25,Y+2
 422 0244 FC01      		movw r30,r24
 423 0246 2281      		ldd r18,Z+2
 424 0248 287F      		andi r18,lo8(-8)
 425 024a FC01      		movw r30,r24
 426 024c 2283      		std Z+2,r18
 164:../../../stack/LwMesh/TDMA/nwk/src/nwkTx.c **** 	mac_command->macSecHeader.KeyId		= 0b00;
 427               		.loc 1 164 0
 428 024e 8981      		ldd r24,Y+1
 429 0250 9A81      		ldd r25,Y+2
 430 0252 FC01      		movw r30,r24
 431 0254 2281      		ldd r18,Z+2
 432 0256 277E      		andi r18,lo8(-25)
 433 0258 FC01      		movw r30,r24
 434 025a 2283      		std Z+2,r18
 165:../../../stack/LwMesh/TDMA/nwk/src/nwkTx.c **** 	mac_command->macSecHeader.countSup	= 0b0;
 435               		.loc 1 165 0
 436 025c 8981      		ldd r24,Y+1
 437 025e 9A81      		ldd r25,Y+2
 438 0260 FC01      		movw r30,r24
 439 0262 2281      		ldd r18,Z+2
 440 0264 2F7D      		andi r18,lo8(-33)
 441 0266 FC01      		movw r30,r24
 442 0268 2283      		std Z+2,r18
 166:../../../stack/LwMesh/TDMA/nwk/src/nwkTx.c **** 	mac_command->macSecHeader.countSize= 0b0;
 443               		.loc 1 166 0
 444 026a 8981      		ldd r24,Y+1
 445 026c 9A81      		ldd r25,Y+2
 446 026e FC01      		movw r30,r24
 447 0270 2281      		ldd r18,Z+2
 448 0272 2F7B      		andi r18,lo8(-65)
 449 0274 FC01      		movw r30,r24
 450 0276 2283      		std Z+2,r18
 167:../../../stack/LwMesh/TDMA/nwk/src/nwkTx.c **** }
 451               		.loc 1 167 0
 452 0278 0000      		nop
 453               	/* epilogue start */
 454 027a 2696      		adiw r28,6
 455 027c 0FB6      		in __tmp_reg__,__SREG__
 456 027e F894      		cli
 457 0280 DEBF      		out __SP_H__,r29
 458 0282 0FBE      		out __SREG__,__tmp_reg__
 459 0284 CDBF      		out __SP_L__,r28
 460 0286 DF91      		pop r29
 461 0288 CF91      		pop r28
 462 028a 0895      		ret
 463               		.cfi_endproc
 464               	.LFE69:
 466               	.global	nwkTxFrame
 468               	nwkTxFrame:
 469               	.LFB70:
 168:../../../stack/LwMesh/TDMA/nwk/src/nwkTx.c **** 
 169:../../../stack/LwMesh/TDMA/nwk/src/nwkTx.c **** 
 170:../../../stack/LwMesh/TDMA/nwk/src/nwkTx.c **** void nwkTxFrame(NwkFrame_t *frame)
 171:../../../stack/LwMesh/TDMA/nwk/src/nwkTx.c **** {
 470               		.loc 1 171 0
 471               		.cfi_startproc
 472 028c CF93      		push r28
 473               	.LCFI15:
 474               		.cfi_def_cfa_offset 3
 475               		.cfi_offset 28, -2
 476 028e DF93      		push r29
 477               	.LCFI16:
 478               		.cfi_def_cfa_offset 4
 479               		.cfi_offset 29, -3
 480 0290 00D0      		rcall .
 481 0292 00D0      		rcall .
 482               	.LCFI17:
 483               		.cfi_def_cfa_offset 8
 484 0294 CDB7      		in r28,__SP_L__
 485 0296 DEB7      		in r29,__SP_H__
 486               	.LCFI18:
 487               		.cfi_def_cfa_register 28
 488               	/* prologue: function */
 489               	/* frame size = 4 */
 490               	/* stack size = 6 */
 491               	.L__stack_usage = 6
 492 0298 9C83      		std Y+4,r25
 493 029a 8B83      		std Y+3,r24
 172:../../../stack/LwMesh/TDMA/nwk/src/nwkTx.c **** 	NwkFrameHeader_t *header = &frame->header;
 494               		.loc 1 172 0
 495 029c 8B81      		ldd r24,Y+3
 496 029e 9C81      		ldd r25,Y+4
 497 02a0 0296      		adiw r24,2
 498 02a2 9A83      		std Y+2,r25
 499 02a4 8983      		std Y+1,r24
 173:../../../stack/LwMesh/TDMA/nwk/src/nwkTx.c **** 
 174:../../../stack/LwMesh/TDMA/nwk/src/nwkTx.c **** 	if (frame->tx.control & NWK_TX_CONTROL_ROUTING) {
 500               		.loc 1 174 0
 501 02a6 8B81      		ldd r24,Y+3
 502 02a8 9C81      		ldd r25,Y+4
 503 02aa 8A57      		subi r24,122
 504 02ac 9F4F      		sbci r25,-1
 505 02ae FC01      		movw r30,r24
 506 02b0 8081      		ld r24,Z
 507 02b2 882F      		mov r24,r24
 508 02b4 90E0      		ldi r25,0
 509 02b6 8270      		andi r24,2
 510 02b8 9927      		clr r25
 511 02ba 892B      		or r24,r25
 512 02bc 01F0      		breq .L9
 175:../../../stack/LwMesh/TDMA/nwk/src/nwkTx.c **** 		frame->state = NWK_TX_STATE_DELAY;
 513               		.loc 1 175 0
 514 02be 8B81      		ldd r24,Y+3
 515 02c0 9C81      		ldd r25,Y+4
 516 02c2 22E1      		ldi r18,lo8(18)
 517 02c4 FC01      		movw r30,r24
 518 02c6 2083      		st Z,r18
 519 02c8 00C0      		rjmp .L10
 520               	.L9:
 176:../../../stack/LwMesh/TDMA/nwk/src/nwkTx.c **** 		} else {
 177:../../../stack/LwMesh/TDMA/nwk/src/nwkTx.c **** #ifdef NWK_ENABLE_SECURITY
 178:../../../stack/LwMesh/TDMA/nwk/src/nwkTx.c **** 		if (header->nwkFcf.security) {
 179:../../../stack/LwMesh/TDMA/nwk/src/nwkTx.c **** 			frame->state = NWK_TX_STATE_ENCRYPT;
 180:../../../stack/LwMesh/TDMA/nwk/src/nwkTx.c **** 		} else
 181:../../../stack/LwMesh/TDMA/nwk/src/nwkTx.c **** #endif
 182:../../../stack/LwMesh/TDMA/nwk/src/nwkTx.c **** 		frame->state = NWK_TX_STATE_DELAY;
 521               		.loc 1 182 0
 522 02ca 8B81      		ldd r24,Y+3
 523 02cc 9C81      		ldd r25,Y+4
 524 02ce 22E1      		ldi r18,lo8(18)
 525 02d0 FC01      		movw r30,r24
 526 02d2 2083      		st Z,r18
 527               	.L10:
 183:../../../stack/LwMesh/TDMA/nwk/src/nwkTx.c **** 	}
 184:../../../stack/LwMesh/TDMA/nwk/src/nwkTx.c **** 
 185:../../../stack/LwMesh/TDMA/nwk/src/nwkTx.c **** 	frame->tx.status = NWK_SUCCESS_STATUS;
 528               		.loc 1 185 0
 529 02d4 8B81      		ldd r24,Y+3
 530 02d6 9C81      		ldd r25,Y+4
 531 02d8 8D57      		subi r24,125
 532 02da 9F4F      		sbci r25,-1
 533 02dc FC01      		movw r30,r24
 534 02de 1082      		st Z,__zero_reg__
 186:../../../stack/LwMesh/TDMA/nwk/src/nwkTx.c **** 
 187:../../../stack/LwMesh/TDMA/nwk/src/nwkTx.c **** 	if (frame->tx.control & NWK_TX_CONTROL_BROADCAST_PAN_ID) {
 535               		.loc 1 187 0
 536 02e0 8B81      		ldd r24,Y+3
 537 02e2 9C81      		ldd r25,Y+4
 538 02e4 8A57      		subi r24,122
 539 02e6 9F4F      		sbci r25,-1
 540 02e8 FC01      		movw r30,r24
 541 02ea 8081      		ld r24,Z
 542 02ec 882F      		mov r24,r24
 543 02ee 90E0      		ldi r25,0
 544 02f0 8170      		andi r24,1
 545 02f2 9927      		clr r25
 546 02f4 892B      		or r24,r25
 547 02f6 01F0      		breq .L11
 188:../../../stack/LwMesh/TDMA/nwk/src/nwkTx.c **** 		header->macDstPanId = NWK_BROADCAST_PANID;
 548               		.loc 1 188 0
 549 02f8 8981      		ldd r24,Y+1
 550 02fa 9A81      		ldd r25,Y+2
 551 02fc 2FEF      		ldi r18,lo8(-1)
 552 02fe 3FEF      		ldi r19,lo8(-1)
 553 0300 FC01      		movw r30,r24
 554 0302 3483      		std Z+4,r19
 555 0304 2383      		std Z+3,r18
 556 0306 00C0      		rjmp .L12
 557               	.L11:
 189:../../../stack/LwMesh/TDMA/nwk/src/nwkTx.c **** 		} else {
 190:../../../stack/LwMesh/TDMA/nwk/src/nwkTx.c **** 		header->macDstPanId = nwkIb.panId;
 558               		.loc 1 190 0
 559 0308 2091 0000 		lds r18,nwkIb+2
 560 030c 3091 0000 		lds r19,nwkIb+2+1
 561 0310 8981      		ldd r24,Y+1
 562 0312 9A81      		ldd r25,Y+2
 563 0314 FC01      		movw r30,r24
 564 0316 3483      		std Z+4,r19
 565 0318 2383      		std Z+3,r18
 566               	.L12:
 191:../../../stack/LwMesh/TDMA/nwk/src/nwkTx.c **** 	}
 192:../../../stack/LwMesh/TDMA/nwk/src/nwkTx.c **** 
 193:../../../stack/LwMesh/TDMA/nwk/src/nwkTx.c **** #ifdef NWK_ENABLE_ROUTING
 194:../../../stack/LwMesh/TDMA/nwk/src/nwkTx.c **** 	if (0 == (frame->tx.control & NWK_TX_CONTROL_DIRECT_LINK) &&
 195:../../../stack/LwMesh/TDMA/nwk/src/nwkTx.c **** 	0 ==
 196:../../../stack/LwMesh/TDMA/nwk/src/nwkTx.c **** 	(frame->tx.control & NWK_TX_CONTROL_BROADCAST_PAN_ID)) {
 197:../../../stack/LwMesh/TDMA/nwk/src/nwkTx.c **** 		nwkRoutePrepareTx(frame);
 198:../../../stack/LwMesh/TDMA/nwk/src/nwkTx.c **** 	} else
 199:../../../stack/LwMesh/TDMA/nwk/src/nwkTx.c **** #endif
 200:../../../stack/LwMesh/TDMA/nwk/src/nwkTx.c **** 
 201:../../../stack/LwMesh/TDMA/nwk/src/nwkTx.c **** 	header->macDstAddr = header->nwkDstAddr;
 567               		.loc 1 201 0
 568 031a 8981      		ldd r24,Y+1
 569 031c 9A81      		ldd r25,Y+2
 570 031e FC01      		movw r30,r24
 571 0320 2585      		ldd r18,Z+13
 572 0322 3685      		ldd r19,Z+14
 573 0324 8981      		ldd r24,Y+1
 574 0326 9A81      		ldd r25,Y+2
 575 0328 FC01      		movw r30,r24
 576 032a 3683      		std Z+6,r19
 577 032c 2583      		std Z+5,r18
 202:../../../stack/LwMesh/TDMA/nwk/src/nwkTx.c **** 	header->macSrcAddr = nwkIb.addr;
 578               		.loc 1 202 0
 579 032e 2091 0000 		lds r18,nwkIb
 580 0332 3091 0000 		lds r19,nwkIb+1
 581 0336 8981      		ldd r24,Y+1
 582 0338 9A81      		ldd r25,Y+2
 583 033a FC01      		movw r30,r24
 584 033c 3087      		std Z+8,r19
 585 033e 2783      		std Z+7,r18
 203:../../../stack/LwMesh/TDMA/nwk/src/nwkTx.c **** 	header->macSeq = ++nwkIb.macSeqNum;
 586               		.loc 1 203 0
 587 0340 8091 0000 		lds r24,nwkIb+5
 588 0344 8F5F      		subi r24,lo8(-(1))
 589 0346 8093 0000 		sts nwkIb+5,r24
 590 034a 2091 0000 		lds r18,nwkIb+5
 591 034e 8981      		ldd r24,Y+1
 592 0350 9A81      		ldd r25,Y+2
 593 0352 FC01      		movw r30,r24
 594 0354 2283      		std Z+2,r18
 204:../../../stack/LwMesh/TDMA/nwk/src/nwkTx.c **** 
 205:../../../stack/LwMesh/TDMA/nwk/src/nwkTx.c **** 	if (NWK_BROADCAST_ADDR == header->macDstAddr) {
 595               		.loc 1 205 0
 596 0356 8981      		ldd r24,Y+1
 597 0358 9A81      		ldd r25,Y+2
 598 035a FC01      		movw r30,r24
 599 035c 8581      		ldd r24,Z+5
 600 035e 9681      		ldd r25,Z+6
 601 0360 0196      		adiw r24,1
 602 0362 01F4      		brne .L13
 206:../../../stack/LwMesh/TDMA/nwk/src/nwkTx.c **** 		header->macFcf = 0x8841;
 603               		.loc 1 206 0
 604 0364 8981      		ldd r24,Y+1
 605 0366 9A81      		ldd r25,Y+2
 606 0368 21E4      		ldi r18,lo8(65)
 607 036a 38E8      		ldi r19,lo8(-120)
 608 036c FC01      		movw r30,r24
 609 036e 3183      		std Z+1,r19
 610 0370 2083      		st Z,r18
 207:../../../stack/LwMesh/TDMA/nwk/src/nwkTx.c **** 		frame->tx.timeout = (rand() & NWK_TX_DELAY_JITTER_MASK) + 1;
 611               		.loc 1 207 0
 612 0372 0E94 0000 		call rand
 613 0376 8770      		andi r24,7
 614 0378 9927      		clr r25
 615 037a 0196      		adiw r24,1
 616 037c 9C01      		movw r18,r24
 617 037e 8B81      		ldd r24,Y+3
 618 0380 9C81      		ldd r25,Y+4
 619 0382 8C57      		subi r24,124
 620 0384 9F4F      		sbci r25,-1
 621 0386 FC01      		movw r30,r24
 622 0388 3183      		std Z+1,r19
 623 038a 2083      		st Z,r18
 208:../../../stack/LwMesh/TDMA/nwk/src/nwkTx.c **** 		} else {
 209:../../../stack/LwMesh/TDMA/nwk/src/nwkTx.c **** 		header->macFcf = 0x8841;
 210:../../../stack/LwMesh/TDMA/nwk/src/nwkTx.c **** 		frame->tx.timeout = 0;
 211:../../../stack/LwMesh/TDMA/nwk/src/nwkTx.c **** 	}
 212:../../../stack/LwMesh/TDMA/nwk/src/nwkTx.c **** }
 624               		.loc 1 212 0
 625 038c 00C0      		rjmp .L15
 626               	.L13:
 209:../../../stack/LwMesh/TDMA/nwk/src/nwkTx.c **** 		frame->tx.timeout = 0;
 627               		.loc 1 209 0
 628 038e 8981      		ldd r24,Y+1
 629 0390 9A81      		ldd r25,Y+2
 630 0392 21E4      		ldi r18,lo8(65)
 631 0394 38E8      		ldi r19,lo8(-120)
 632 0396 FC01      		movw r30,r24
 633 0398 3183      		std Z+1,r19
 634 039a 2083      		st Z,r18
 210:../../../stack/LwMesh/TDMA/nwk/src/nwkTx.c **** 	}
 635               		.loc 1 210 0
 636 039c 8B81      		ldd r24,Y+3
 637 039e 9C81      		ldd r25,Y+4
 638 03a0 8C57      		subi r24,124
 639 03a2 9F4F      		sbci r25,-1
 640 03a4 FC01      		movw r30,r24
 641 03a6 1182      		std Z+1,__zero_reg__
 642 03a8 1082      		st Z,__zero_reg__
 643               	.L15:
 644               		.loc 1 212 0
 645 03aa 0000      		nop
 646               	/* epilogue start */
 647 03ac 0F90      		pop __tmp_reg__
 648 03ae 0F90      		pop __tmp_reg__
 649 03b0 0F90      		pop __tmp_reg__
 650 03b2 0F90      		pop __tmp_reg__
 651 03b4 DF91      		pop r29
 652 03b6 CF91      		pop r28
 653 03b8 0895      		ret
 654               		.cfi_endproc
 655               	.LFE70:
 657               	.global	nwkTxBroadcastFrame
 659               	nwkTxBroadcastFrame:
 660               	.LFB71:
 213:../../../stack/LwMesh/TDMA/nwk/src/nwkTx.c **** 
 214:../../../stack/LwMesh/TDMA/nwk/src/nwkTx.c **** /*************************************************************************//**
 215:../../../stack/LwMesh/TDMA/nwk/src/nwkTx.c **** *****************************************************************************/
 216:../../../stack/LwMesh/TDMA/nwk/src/nwkTx.c **** void nwkTxBroadcastFrame(NwkFrame_t *frame)
 217:../../../stack/LwMesh/TDMA/nwk/src/nwkTx.c **** {
 661               		.loc 1 217 0
 662               		.cfi_startproc
 663 03ba CF93      		push r28
 664               	.LCFI19:
 665               		.cfi_def_cfa_offset 3
 666               		.cfi_offset 28, -2
 667 03bc DF93      		push r29
 668               	.LCFI20:
 669               		.cfi_def_cfa_offset 4
 670               		.cfi_offset 29, -3
 671 03be 00D0      		rcall .
 672 03c0 00D0      		rcall .
 673               	.LCFI21:
 674               		.cfi_def_cfa_offset 8
 675 03c2 CDB7      		in r28,__SP_L__
 676 03c4 DEB7      		in r29,__SP_H__
 677               	.LCFI22:
 678               		.cfi_def_cfa_register 28
 679               	/* prologue: function */
 680               	/* frame size = 4 */
 681               	/* stack size = 6 */
 682               	.L__stack_usage = 6
 683 03c6 9C83      		std Y+4,r25
 684 03c8 8B83      		std Y+3,r24
 218:../../../stack/LwMesh/TDMA/nwk/src/nwkTx.c **** 	NwkFrame_t *newFrame;
 219:../../../stack/LwMesh/TDMA/nwk/src/nwkTx.c **** 
 220:../../../stack/LwMesh/TDMA/nwk/src/nwkTx.c **** 	if (NULL == (newFrame = nwkFrameAlloc())) {
 685               		.loc 1 220 0
 686 03ca 0E94 0000 		call nwkFrameAlloc
 687 03ce 9A83      		std Y+2,r25
 688 03d0 8983      		std Y+1,r24
 689 03d2 8981      		ldd r24,Y+1
 690 03d4 9A81      		ldd r25,Y+2
 691 03d6 892B      		or r24,r25
 692 03d8 01F4      		brne .+2
 693 03da 00C0      		rjmp .L19
 221:../../../stack/LwMesh/TDMA/nwk/src/nwkTx.c **** 		return;
 222:../../../stack/LwMesh/TDMA/nwk/src/nwkTx.c **** 	}
 223:../../../stack/LwMesh/TDMA/nwk/src/nwkTx.c **** 
 224:../../../stack/LwMesh/TDMA/nwk/src/nwkTx.c **** 	newFrame->payload += sizeof(NwkFrameHeader_t);
 694               		.loc 1 224 0
 695 03dc 8981      		ldd r24,Y+1
 696 03de 9A81      		ldd r25,Y+2
 697 03e0 8F57      		subi r24,127
 698 03e2 9F4F      		sbci r25,-1
 699 03e4 FC01      		movw r30,r24
 700 03e6 8081      		ld r24,Z
 701 03e8 9181      		ldd r25,Z+1
 702 03ea 9C01      		movw r18,r24
 703 03ec 205F      		subi r18,-16
 704 03ee 3F4F      		sbci r19,-1
 705 03f0 8981      		ldd r24,Y+1
 706 03f2 9A81      		ldd r25,Y+2
 707 03f4 8F57      		subi r24,127
 708 03f6 9F4F      		sbci r25,-1
 709 03f8 FC01      		movw r30,r24
 710 03fa 3183      		std Z+1,r19
 711 03fc 2083      		st Z,r18
 225:../../../stack/LwMesh/TDMA/nwk/src/nwkTx.c **** 
 226:../../../stack/LwMesh/TDMA/nwk/src/nwkTx.c **** 	newFrame->state = NWK_TX_STATE_DELAY;
 712               		.loc 1 226 0
 713 03fe 8981      		ldd r24,Y+1
 714 0400 9A81      		ldd r25,Y+2
 715 0402 22E1      		ldi r18,lo8(18)
 716 0404 FC01      		movw r30,r24
 717 0406 2083      		st Z,r18
 227:../../../stack/LwMesh/TDMA/nwk/src/nwkTx.c **** 	newFrame->size = frame->size;
 718               		.loc 1 227 0
 719 0408 8B81      		ldd r24,Y+3
 720 040a 9C81      		ldd r25,Y+4
 721 040c FC01      		movw r30,r24
 722 040e 2181      		ldd r18,Z+1
 723 0410 8981      		ldd r24,Y+1
 724 0412 9A81      		ldd r25,Y+2
 725 0414 FC01      		movw r30,r24
 726 0416 2183      		std Z+1,r18
 228:../../../stack/LwMesh/TDMA/nwk/src/nwkTx.c **** 	newFrame->tx.status = NWK_SUCCESS_STATUS;
 727               		.loc 1 228 0
 728 0418 8981      		ldd r24,Y+1
 729 041a 9A81      		ldd r25,Y+2
 730 041c 8D57      		subi r24,125
 731 041e 9F4F      		sbci r25,-1
 732 0420 FC01      		movw r30,r24
 733 0422 1082      		st Z,__zero_reg__
 229:../../../stack/LwMesh/TDMA/nwk/src/nwkTx.c **** 	newFrame->tx.timeout = (rand() & NWK_TX_DELAY_JITTER_MASK) + 1;
 734               		.loc 1 229 0
 735 0424 0E94 0000 		call rand
 736 0428 8770      		andi r24,7
 737 042a 9927      		clr r25
 738 042c 0196      		adiw r24,1
 739 042e 9C01      		movw r18,r24
 740 0430 8981      		ldd r24,Y+1
 741 0432 9A81      		ldd r25,Y+2
 742 0434 8C57      		subi r24,124
 743 0436 9F4F      		sbci r25,-1
 744 0438 FC01      		movw r30,r24
 745 043a 3183      		std Z+1,r19
 746 043c 2083      		st Z,r18
 230:../../../stack/LwMesh/TDMA/nwk/src/nwkTx.c **** 	newFrame->tx.confirm = NULL;
 747               		.loc 1 230 0
 748 043e 8981      		ldd r24,Y+1
 749 0440 9A81      		ldd r25,Y+2
 750 0442 8957      		subi r24,121
 751 0444 9F4F      		sbci r25,-1
 752 0446 FC01      		movw r30,r24
 753 0448 1182      		std Z+1,__zero_reg__
 754 044a 1082      		st Z,__zero_reg__
 231:../../../stack/LwMesh/TDMA/nwk/src/nwkTx.c **** 	memcpy(newFrame->data, frame->data, frame->size);
 755               		.loc 1 231 0
 756 044c 8B81      		ldd r24,Y+3
 757 044e 9C81      		ldd r25,Y+4
 758 0450 FC01      		movw r30,r24
 759 0452 8181      		ldd r24,Z+1
 760 0454 482F      		mov r20,r24
 761 0456 50E0      		ldi r21,0
 762 0458 8B81      		ldd r24,Y+3
 763 045a 9C81      		ldd r25,Y+4
 764 045c 9C01      		movw r18,r24
 765 045e 2E5F      		subi r18,-2
 766 0460 3F4F      		sbci r19,-1
 767 0462 8981      		ldd r24,Y+1
 768 0464 9A81      		ldd r25,Y+2
 769 0466 0296      		adiw r24,2
 770 0468 B901      		movw r22,r18
 771 046a 0E94 0000 		call memcpy
 232:../../../stack/LwMesh/TDMA/nwk/src/nwkTx.c **** 
 233:../../../stack/LwMesh/TDMA/nwk/src/nwkTx.c **** 	newFrame->header.macFcf = 0x8841;
 772               		.loc 1 233 0
 773 046e 8981      		ldd r24,Y+1
 774 0470 9A81      		ldd r25,Y+2
 775 0472 21E4      		ldi r18,lo8(65)
 776 0474 38E8      		ldi r19,lo8(-120)
 777 0476 FC01      		movw r30,r24
 778 0478 3383      		std Z+3,r19
 779 047a 2283      		std Z+2,r18
 234:../../../stack/LwMesh/TDMA/nwk/src/nwkTx.c **** 	newFrame->header.macDstAddr = NWK_BROADCAST_ADDR;
 780               		.loc 1 234 0
 781 047c 8981      		ldd r24,Y+1
 782 047e 9A81      		ldd r25,Y+2
 783 0480 2FEF      		ldi r18,lo8(-1)
 784 0482 3FEF      		ldi r19,lo8(-1)
 785 0484 FC01      		movw r30,r24
 786 0486 3087      		std Z+8,r19
 787 0488 2783      		std Z+7,r18
 235:../../../stack/LwMesh/TDMA/nwk/src/nwkTx.c **** 	newFrame->header.macDstPanId = frame->header.macDstPanId;
 788               		.loc 1 235 0
 789 048a 8B81      		ldd r24,Y+3
 790 048c 9C81      		ldd r25,Y+4
 791 048e FC01      		movw r30,r24
 792 0490 2581      		ldd r18,Z+5
 793 0492 3681      		ldd r19,Z+6
 794 0494 8981      		ldd r24,Y+1
 795 0496 9A81      		ldd r25,Y+2
 796 0498 FC01      		movw r30,r24
 797 049a 3683      		std Z+6,r19
 798 049c 2583      		std Z+5,r18
 236:../../../stack/LwMesh/TDMA/nwk/src/nwkTx.c **** 	newFrame->header.macSrcAddr = nwkIb.addr;
 799               		.loc 1 236 0
 800 049e 2091 0000 		lds r18,nwkIb
 801 04a2 3091 0000 		lds r19,nwkIb+1
 802 04a6 8981      		ldd r24,Y+1
 803 04a8 9A81      		ldd r25,Y+2
 804 04aa FC01      		movw r30,r24
 805 04ac 3287      		std Z+10,r19
 806 04ae 2187      		std Z+9,r18
 237:../../../stack/LwMesh/TDMA/nwk/src/nwkTx.c **** 	newFrame->header.macSeq = ++nwkIb.macSeqNum;
 807               		.loc 1 237 0
 808 04b0 8091 0000 		lds r24,nwkIb+5
 809 04b4 8F5F      		subi r24,lo8(-(1))
 810 04b6 8093 0000 		sts nwkIb+5,r24
 811 04ba 2091 0000 		lds r18,nwkIb+5
 812 04be 8981      		ldd r24,Y+1
 813 04c0 9A81      		ldd r25,Y+2
 814 04c2 FC01      		movw r30,r24
 815 04c4 2483      		std Z+4,r18
 816 04c6 00C0      		rjmp .L16
 817               	.L19:
 221:../../../stack/LwMesh/TDMA/nwk/src/nwkTx.c **** 	}
 818               		.loc 1 221 0
 819 04c8 0000      		nop
 820               	.L16:
 821               	/* epilogue start */
 238:../../../stack/LwMesh/TDMA/nwk/src/nwkTx.c **** }
 822               		.loc 1 238 0
 823 04ca 0F90      		pop __tmp_reg__
 824 04cc 0F90      		pop __tmp_reg__
 825 04ce 0F90      		pop __tmp_reg__
 826 04d0 0F90      		pop __tmp_reg__
 827 04d2 DF91      		pop r29
 828 04d4 CF91      		pop r28
 829 04d6 0895      		ret
 830               		.cfi_endproc
 831               	.LFE71:
 833               	.global	nwkTxAckReceived
 835               	nwkTxAckReceived:
 836               	.LFB72:
 239:../../../stack/LwMesh/TDMA/nwk/src/nwkTx.c **** 
 240:../../../stack/LwMesh/TDMA/nwk/src/nwkTx.c **** /*************************************************************************//**
 241:../../../stack/LwMesh/TDMA/nwk/src/nwkTx.c **** *****************************************************************************/
 242:../../../stack/LwMesh/TDMA/nwk/src/nwkTx.c **** bool nwkTxAckReceived(NWK_DataInd_t *ind)
 243:../../../stack/LwMesh/TDMA/nwk/src/nwkTx.c **** {
 837               		.loc 1 243 0
 838               		.cfi_startproc
 839 04d8 CF93      		push r28
 840               	.LCFI23:
 841               		.cfi_def_cfa_offset 3
 842               		.cfi_offset 28, -2
 843 04da DF93      		push r29
 844               	.LCFI24:
 845               		.cfi_def_cfa_offset 4
 846               		.cfi_offset 29, -3
 847 04dc 00D0      		rcall .
 848 04de 00D0      		rcall .
 849 04e0 00D0      		rcall .
 850               	.LCFI25:
 851               		.cfi_def_cfa_offset 10
 852 04e2 CDB7      		in r28,__SP_L__
 853 04e4 DEB7      		in r29,__SP_H__
 854               	.LCFI26:
 855               		.cfi_def_cfa_register 28
 856               	/* prologue: function */
 857               	/* frame size = 6 */
 858               	/* stack size = 8 */
 859               	.L__stack_usage = 8
 860 04e6 9E83      		std Y+6,r25
 861 04e8 8D83      		std Y+5,r24
 244:../../../stack/LwMesh/TDMA/nwk/src/nwkTx.c **** 	NwkCommandAck_t *command = (NwkCommandAck_t *)ind->data;
 862               		.loc 1 244 0
 863 04ea 8D81      		ldd r24,Y+5
 864 04ec 9E81      		ldd r25,Y+6
 865 04ee FC01      		movw r30,r24
 866 04f0 8085      		ldd r24,Z+8
 867 04f2 9185      		ldd r25,Z+9
 868 04f4 9C83      		std Y+4,r25
 869 04f6 8B83      		std Y+3,r24
 245:../../../stack/LwMesh/TDMA/nwk/src/nwkTx.c **** 	NwkFrame_t *frame = NULL;
 870               		.loc 1 245 0
 871 04f8 1A82      		std Y+2,__zero_reg__
 872 04fa 1982      		std Y+1,__zero_reg__
 246:../../../stack/LwMesh/TDMA/nwk/src/nwkTx.c **** 
 247:../../../stack/LwMesh/TDMA/nwk/src/nwkTx.c **** 	if (sizeof(NwkCommandAck_t) != ind->size) {
 873               		.loc 1 247 0
 874 04fc 8D81      		ldd r24,Y+5
 875 04fe 9E81      		ldd r25,Y+6
 876 0500 FC01      		movw r30,r24
 877 0502 8285      		ldd r24,Z+10
 878 0504 8330      		cpi r24,lo8(3)
 879 0506 01F0      		breq .L23
 248:../../../stack/LwMesh/TDMA/nwk/src/nwkTx.c **** 		return false;
 880               		.loc 1 248 0
 881 0508 80E0      		ldi r24,0
 882 050a 00C0      		rjmp .L22
 883               	.L24:
 249:../../../stack/LwMesh/TDMA/nwk/src/nwkTx.c **** 	}
 250:../../../stack/LwMesh/TDMA/nwk/src/nwkTx.c **** 
 251:../../../stack/LwMesh/TDMA/nwk/src/nwkTx.c **** 	while (NULL != (frame = nwkFrameNext(frame))) {
 252:../../../stack/LwMesh/TDMA/nwk/src/nwkTx.c **** 		if (NWK_TX_STATE_WAIT_ACK == frame->state &&
 884               		.loc 1 252 0
 885 050c 8981      		ldd r24,Y+1
 886 050e 9A81      		ldd r25,Y+2
 887 0510 FC01      		movw r30,r24
 888 0512 8081      		ld r24,Z
 889 0514 8631      		cpi r24,lo8(22)
 890 0516 01F4      		brne .L23
 253:../../../stack/LwMesh/TDMA/nwk/src/nwkTx.c **** 				frame->header.nwkSeq == command->seq) {
 891               		.loc 1 253 0 discriminator 1
 892 0518 8981      		ldd r24,Y+1
 893 051a 9A81      		ldd r25,Y+2
 894 051c FC01      		movw r30,r24
 895 051e 2485      		ldd r18,Z+12
 896 0520 8B81      		ldd r24,Y+3
 897 0522 9C81      		ldd r25,Y+4
 898 0524 FC01      		movw r30,r24
 899 0526 8181      		ldd r24,Z+1
 252:../../../stack/LwMesh/TDMA/nwk/src/nwkTx.c **** 				frame->header.nwkSeq == command->seq) {
 900               		.loc 1 252 0 discriminator 1
 901 0528 2817      		cp r18,r24
 902 052a 01F4      		brne .L23
 254:../../../stack/LwMesh/TDMA/nwk/src/nwkTx.c **** 			frame->state = NWK_TX_STATE_CONFIRM;
 903               		.loc 1 254 0
 904 052c 8981      		ldd r24,Y+1
 905 052e 9A81      		ldd r25,Y+2
 906 0530 27E1      		ldi r18,lo8(23)
 907 0532 FC01      		movw r30,r24
 908 0534 2083      		st Z,r18
 255:../../../stack/LwMesh/TDMA/nwk/src/nwkTx.c **** 			frame->tx.control = command->control;
 909               		.loc 1 255 0
 910 0536 8B81      		ldd r24,Y+3
 911 0538 9C81      		ldd r25,Y+4
 912 053a FC01      		movw r30,r24
 913 053c 2281      		ldd r18,Z+2
 914 053e 8981      		ldd r24,Y+1
 915 0540 9A81      		ldd r25,Y+2
 916 0542 8A57      		subi r24,122
 917 0544 9F4F      		sbci r25,-1
 918 0546 FC01      		movw r30,r24
 919 0548 2083      		st Z,r18
 256:../../../stack/LwMesh/TDMA/nwk/src/nwkTx.c **** 			return true;
 920               		.loc 1 256 0
 921 054a 81E0      		ldi r24,lo8(1)
 922 054c 00C0      		rjmp .L22
 923               	.L23:
 251:../../../stack/LwMesh/TDMA/nwk/src/nwkTx.c **** 		if (NWK_TX_STATE_WAIT_ACK == frame->state &&
 924               		.loc 1 251 0
 925 054e 8981      		ldd r24,Y+1
 926 0550 9A81      		ldd r25,Y+2
 927 0552 0E94 0000 		call nwkFrameNext
 928 0556 9A83      		std Y+2,r25
 929 0558 8983      		std Y+1,r24
 930 055a 8981      		ldd r24,Y+1
 931 055c 9A81      		ldd r25,Y+2
 932 055e 892B      		or r24,r25
 933 0560 01F4      		brne .L24
 257:../../../stack/LwMesh/TDMA/nwk/src/nwkTx.c **** 		}
 258:../../../stack/LwMesh/TDMA/nwk/src/nwkTx.c **** 	}
 259:../../../stack/LwMesh/TDMA/nwk/src/nwkTx.c **** 
 260:../../../stack/LwMesh/TDMA/nwk/src/nwkTx.c **** 	return false;
 934               		.loc 1 260 0
 935 0562 80E0      		ldi r24,0
 936               	.L22:
 937               	/* epilogue start */
 261:../../../stack/LwMesh/TDMA/nwk/src/nwkTx.c **** }
 938               		.loc 1 261 0
 939 0564 2696      		adiw r28,6
 940 0566 0FB6      		in __tmp_reg__,__SREG__
 941 0568 F894      		cli
 942 056a DEBF      		out __SP_H__,r29
 943 056c 0FBE      		out __SREG__,__tmp_reg__
 944 056e CDBF      		out __SP_L__,r28
 945 0570 DF91      		pop r29
 946 0572 CF91      		pop r28
 947 0574 0895      		ret
 948               		.cfi_endproc
 949               	.LFE72:
 952               	nwkTxAckWaitTimerHandler:
 953               	.LFB73:
 262:../../../stack/LwMesh/TDMA/nwk/src/nwkTx.c **** 
 263:../../../stack/LwMesh/TDMA/nwk/src/nwkTx.c **** /*************************************************************************//**
 264:../../../stack/LwMesh/TDMA/nwk/src/nwkTx.c **** *****************************************************************************/
 265:../../../stack/LwMesh/TDMA/nwk/src/nwkTx.c **** static void nwkTxAckWaitTimerHandler(SYS_Timer_t *timer)
 266:../../../stack/LwMesh/TDMA/nwk/src/nwkTx.c **** {
 954               		.loc 1 266 0
 955               		.cfi_startproc
 956 0576 CF93      		push r28
 957               	.LCFI27:
 958               		.cfi_def_cfa_offset 3
 959               		.cfi_offset 28, -2
 960 0578 DF93      		push r29
 961               	.LCFI28:
 962               		.cfi_def_cfa_offset 4
 963               		.cfi_offset 29, -3
 964 057a 00D0      		rcall .
 965 057c 00D0      		rcall .
 966 057e 1F92      		push __zero_reg__
 967               	.LCFI29:
 968               		.cfi_def_cfa_offset 9
 969 0580 CDB7      		in r28,__SP_L__
 970 0582 DEB7      		in r29,__SP_H__
 971               	.LCFI30:
 972               		.cfi_def_cfa_register 28
 973               	/* prologue: function */
 974               	/* frame size = 5 */
 975               	/* stack size = 7 */
 976               	.L__stack_usage = 7
 977 0584 9D83      		std Y+5,r25
 978 0586 8C83      		std Y+4,r24
 267:../../../stack/LwMesh/TDMA/nwk/src/nwkTx.c **** 	NwkFrame_t *frame = NULL;
 979               		.loc 1 267 0
 980 0588 1A82      		std Y+2,__zero_reg__
 981 058a 1982      		std Y+1,__zero_reg__
 268:../../../stack/LwMesh/TDMA/nwk/src/nwkTx.c **** 	bool restart = false;
 982               		.loc 1 268 0
 983 058c 1B82      		std Y+3,__zero_reg__
 269:../../../stack/LwMesh/TDMA/nwk/src/nwkTx.c **** 
 270:../../../stack/LwMesh/TDMA/nwk/src/nwkTx.c **** 	while (NULL != (frame = nwkFrameNext(frame))) {
 984               		.loc 1 270 0
 985 058e 00C0      		rjmp .L26
 986               	.L27:
 271:../../../stack/LwMesh/TDMA/nwk/src/nwkTx.c **** 		if (NWK_TX_STATE_WAIT_ACK == frame->state) {
 987               		.loc 1 271 0
 988 0590 8981      		ldd r24,Y+1
 989 0592 9A81      		ldd r25,Y+2
 990 0594 FC01      		movw r30,r24
 991 0596 8081      		ld r24,Z
 992 0598 8631      		cpi r24,lo8(22)
 993 059a 01F4      		brne .L26
 272:../../../stack/LwMesh/TDMA/nwk/src/nwkTx.c **** 			restart = true;
 994               		.loc 1 272 0
 995 059c 81E0      		ldi r24,lo8(1)
 996 059e 8B83      		std Y+3,r24
 273:../../../stack/LwMesh/TDMA/nwk/src/nwkTx.c **** 
 274:../../../stack/LwMesh/TDMA/nwk/src/nwkTx.c **** 			if (0 == --frame->tx.timeout) {
 997               		.loc 1 274 0
 998 05a0 8981      		ldd r24,Y+1
 999 05a2 9A81      		ldd r25,Y+2
 1000 05a4 8C57      		subi r24,124
 1001 05a6 9F4F      		sbci r25,-1
 1002 05a8 FC01      		movw r30,r24
 1003 05aa 8081      		ld r24,Z
 1004 05ac 9181      		ldd r25,Z+1
 1005 05ae 9C01      		movw r18,r24
 1006 05b0 2150      		subi r18,1
 1007 05b2 3109      		sbc r19,__zero_reg__
 1008 05b4 8981      		ldd r24,Y+1
 1009 05b6 9A81      		ldd r25,Y+2
 1010 05b8 8C57      		subi r24,124
 1011 05ba 9F4F      		sbci r25,-1
 1012 05bc FC01      		movw r30,r24
 1013 05be 3183      		std Z+1,r19
 1014 05c0 2083      		st Z,r18
 1015 05c2 8981      		ldd r24,Y+1
 1016 05c4 9A81      		ldd r25,Y+2
 1017 05c6 8C57      		subi r24,124
 1018 05c8 9F4F      		sbci r25,-1
 1019 05ca FC01      		movw r30,r24
 1020 05cc 8081      		ld r24,Z
 1021 05ce 9181      		ldd r25,Z+1
 1022 05d0 892B      		or r24,r25
 1023 05d2 01F4      		brne .L26
 275:../../../stack/LwMesh/TDMA/nwk/src/nwkTx.c **** 				nwkTxConfirm(frame, NWK_NO_ACK_STATUS);
 1024               		.loc 1 275 0
 1025 05d4 8981      		ldd r24,Y+1
 1026 05d6 9A81      		ldd r25,Y+2
 1027 05d8 60E1      		ldi r22,lo8(16)
 1028 05da 0E94 0000 		call nwkTxConfirm
 1029               	.L26:
 270:../../../stack/LwMesh/TDMA/nwk/src/nwkTx.c **** 		if (NWK_TX_STATE_WAIT_ACK == frame->state) {
 1030               		.loc 1 270 0
 1031 05de 8981      		ldd r24,Y+1
 1032 05e0 9A81      		ldd r25,Y+2
 1033 05e2 0E94 0000 		call nwkFrameNext
 1034 05e6 9A83      		std Y+2,r25
 1035 05e8 8983      		std Y+1,r24
 1036 05ea 8981      		ldd r24,Y+1
 1037 05ec 9A81      		ldd r25,Y+2
 1038 05ee 892B      		or r24,r25
 1039 05f0 01F4      		brne .L27
 276:../../../stack/LwMesh/TDMA/nwk/src/nwkTx.c **** 			}
 277:../../../stack/LwMesh/TDMA/nwk/src/nwkTx.c **** 		}
 278:../../../stack/LwMesh/TDMA/nwk/src/nwkTx.c **** 	}
 279:../../../stack/LwMesh/TDMA/nwk/src/nwkTx.c **** 
 280:../../../stack/LwMesh/TDMA/nwk/src/nwkTx.c **** 	if (restart) {
 1040               		.loc 1 280 0
 1041 05f2 8B81      		ldd r24,Y+3
 1042 05f4 8823      		tst r24
 1043 05f6 01F0      		breq .L29
 281:../../../stack/LwMesh/TDMA/nwk/src/nwkTx.c **** 		SYS_TimerStart(timer);
 1044               		.loc 1 281 0
 1045 05f8 8C81      		ldd r24,Y+4
 1046 05fa 9D81      		ldd r25,Y+5
 1047 05fc 0E94 0000 		call SYS_TimerStart
 1048               	.L29:
 282:../../../stack/LwMesh/TDMA/nwk/src/nwkTx.c **** 	}
 283:../../../stack/LwMesh/TDMA/nwk/src/nwkTx.c **** }
 1049               		.loc 1 283 0
 1050 0600 0000      		nop
 1051               	/* epilogue start */
 1052 0602 0F90      		pop __tmp_reg__
 1053 0604 0F90      		pop __tmp_reg__
 1054 0606 0F90      		pop __tmp_reg__
 1055 0608 0F90      		pop __tmp_reg__
 1056 060a 0F90      		pop __tmp_reg__
 1057 060c DF91      		pop r29
 1058 060e CF91      		pop r28
 1059 0610 0895      		ret
 1060               		.cfi_endproc
 1061               	.LFE73:
 1063               	.global	nwkTxConfirm
 1065               	nwkTxConfirm:
 1066               	.LFB74:
 284:../../../stack/LwMesh/TDMA/nwk/src/nwkTx.c **** 
 285:../../../stack/LwMesh/TDMA/nwk/src/nwkTx.c **** /*************************************************************************//**
 286:../../../stack/LwMesh/TDMA/nwk/src/nwkTx.c **** *****************************************************************************/
 287:../../../stack/LwMesh/TDMA/nwk/src/nwkTx.c **** void nwkTxConfirm(NwkFrame_t *frame, uint8_t status)
 288:../../../stack/LwMesh/TDMA/nwk/src/nwkTx.c **** {
 1067               		.loc 1 288 0
 1068               		.cfi_startproc
 1069 0612 CF93      		push r28
 1070               	.LCFI31:
 1071               		.cfi_def_cfa_offset 3
 1072               		.cfi_offset 28, -2
 1073 0614 DF93      		push r29
 1074               	.LCFI32:
 1075               		.cfi_def_cfa_offset 4
 1076               		.cfi_offset 29, -3
 1077 0616 00D0      		rcall .
 1078 0618 1F92      		push __zero_reg__
 1079               	.LCFI33:
 1080               		.cfi_def_cfa_offset 7
 1081 061a CDB7      		in r28,__SP_L__
 1082 061c DEB7      		in r29,__SP_H__
 1083               	.LCFI34:
 1084               		.cfi_def_cfa_register 28
 1085               	/* prologue: function */
 1086               	/* frame size = 3 */
 1087               	/* stack size = 5 */
 1088               	.L__stack_usage = 5
 1089 061e 9A83      		std Y+2,r25
 1090 0620 8983      		std Y+1,r24
 1091 0622 6B83      		std Y+3,r22
 289:../../../stack/LwMesh/TDMA/nwk/src/nwkTx.c **** 	frame->state = NWK_TX_STATE_CONFIRM;
 1092               		.loc 1 289 0
 1093 0624 8981      		ldd r24,Y+1
 1094 0626 9A81      		ldd r25,Y+2
 1095 0628 27E1      		ldi r18,lo8(23)
 1096 062a FC01      		movw r30,r24
 1097 062c 2083      		st Z,r18
 290:../../../stack/LwMesh/TDMA/nwk/src/nwkTx.c **** 	frame->tx.status = status;
 1098               		.loc 1 290 0
 1099 062e 8981      		ldd r24,Y+1
 1100 0630 9A81      		ldd r25,Y+2
 1101 0632 8D57      		subi r24,125
 1102 0634 9F4F      		sbci r25,-1
 1103 0636 2B81      		ldd r18,Y+3
 1104 0638 FC01      		movw r30,r24
 1105 063a 2083      		st Z,r18
 291:../../../stack/LwMesh/TDMA/nwk/src/nwkTx.c **** }
 1106               		.loc 1 291 0
 1107 063c 0000      		nop
 1108               	/* epilogue start */
 1109 063e 0F90      		pop __tmp_reg__
 1110 0640 0F90      		pop __tmp_reg__
 1111 0642 0F90      		pop __tmp_reg__
 1112 0644 DF91      		pop r29
 1113 0646 CF91      		pop r28
 1114 0648 0895      		ret
 1115               		.cfi_endproc
 1116               	.LFE74:
 1119               	nwkTxDelayTimerHandler:
 1120               	.LFB75:
 292:../../../stack/LwMesh/TDMA/nwk/src/nwkTx.c **** 
 293:../../../stack/LwMesh/TDMA/nwk/src/nwkTx.c **** #ifdef NWK_ENABLE_SECURITY
 294:../../../stack/LwMesh/TDMA/nwk/src/nwkTx.c **** 
 295:../../../stack/LwMesh/TDMA/nwk/src/nwkTx.c **** /*************************************************************************//**
 296:../../../stack/LwMesh/TDMA/nwk/src/nwkTx.c **** *****************************************************************************/
 297:../../../stack/LwMesh/TDMA/nwk/src/nwkTx.c **** void nwkTxEncryptConf(NwkFrame_t *frame)
 298:../../../stack/LwMesh/TDMA/nwk/src/nwkTx.c **** {
 299:../../../stack/LwMesh/TDMA/nwk/src/nwkTx.c **** 	frame->state = NWK_TX_STATE_DELAY;
 300:../../../stack/LwMesh/TDMA/nwk/src/nwkTx.c **** }
 301:../../../stack/LwMesh/TDMA/nwk/src/nwkTx.c **** 
 302:../../../stack/LwMesh/TDMA/nwk/src/nwkTx.c **** #endif
 303:../../../stack/LwMesh/TDMA/nwk/src/nwkTx.c **** 
 304:../../../stack/LwMesh/TDMA/nwk/src/nwkTx.c **** /*************************************************************************//**
 305:../../../stack/LwMesh/TDMA/nwk/src/nwkTx.c **** *****************************************************************************/
 306:../../../stack/LwMesh/TDMA/nwk/src/nwkTx.c **** static void nwkTxDelayTimerHandler(SYS_Timer_t *timer)
 307:../../../stack/LwMesh/TDMA/nwk/src/nwkTx.c **** {
 1121               		.loc 1 307 0
 1122               		.cfi_startproc
 1123 064a CF93      		push r28
 1124               	.LCFI35:
 1125               		.cfi_def_cfa_offset 3
 1126               		.cfi_offset 28, -2
 1127 064c DF93      		push r29
 1128               	.LCFI36:
 1129               		.cfi_def_cfa_offset 4
 1130               		.cfi_offset 29, -3
 1131 064e 00D0      		rcall .
 1132 0650 00D0      		rcall .
 1133 0652 1F92      		push __zero_reg__
 1134               	.LCFI37:
 1135               		.cfi_def_cfa_offset 9
 1136 0654 CDB7      		in r28,__SP_L__
 1137 0656 DEB7      		in r29,__SP_H__
 1138               	.LCFI38:
 1139               		.cfi_def_cfa_register 28
 1140               	/* prologue: function */
 1141               	/* frame size = 5 */
 1142               	/* stack size = 7 */
 1143               	.L__stack_usage = 7
 1144 0658 9D83      		std Y+5,r25
 1145 065a 8C83      		std Y+4,r24
 308:../../../stack/LwMesh/TDMA/nwk/src/nwkTx.c **** 	NwkFrame_t *frame = NULL;
 1146               		.loc 1 308 0
 1147 065c 1A82      		std Y+2,__zero_reg__
 1148 065e 1982      		std Y+1,__zero_reg__
 309:../../../stack/LwMesh/TDMA/nwk/src/nwkTx.c **** 	bool restart = false;
 1149               		.loc 1 309 0
 1150 0660 1B82      		std Y+3,__zero_reg__
 310:../../../stack/LwMesh/TDMA/nwk/src/nwkTx.c **** 
 311:../../../stack/LwMesh/TDMA/nwk/src/nwkTx.c **** 	while (NULL != (frame = nwkFrameNext(frame))) {
 1151               		.loc 1 311 0
 1152 0662 00C0      		rjmp .L32
 1153               	.L33:
 312:../../../stack/LwMesh/TDMA/nwk/src/nwkTx.c **** 		if (NWK_TX_STATE_WAIT_DELAY == frame->state) {
 1154               		.loc 1 312 0
 1155 0664 8981      		ldd r24,Y+1
 1156 0666 9A81      		ldd r25,Y+2
 1157 0668 FC01      		movw r30,r24
 1158 066a 8081      		ld r24,Z
 1159 066c 8131      		cpi r24,lo8(17)
 1160 066e 01F4      		brne .L32
 313:../../../stack/LwMesh/TDMA/nwk/src/nwkTx.c **** 			restart = true;
 1161               		.loc 1 313 0
 1162 0670 81E0      		ldi r24,lo8(1)
 1163 0672 8B83      		std Y+3,r24
 314:../../../stack/LwMesh/TDMA/nwk/src/nwkTx.c **** 
 315:../../../stack/LwMesh/TDMA/nwk/src/nwkTx.c **** 			if (0 == --frame->tx.timeout) {
 1164               		.loc 1 315 0
 1165 0674 8981      		ldd r24,Y+1
 1166 0676 9A81      		ldd r25,Y+2
 1167 0678 8C57      		subi r24,124
 1168 067a 9F4F      		sbci r25,-1
 1169 067c FC01      		movw r30,r24
 1170 067e 8081      		ld r24,Z
 1171 0680 9181      		ldd r25,Z+1
 1172 0682 9C01      		movw r18,r24
 1173 0684 2150      		subi r18,1
 1174 0686 3109      		sbc r19,__zero_reg__
 1175 0688 8981      		ldd r24,Y+1
 1176 068a 9A81      		ldd r25,Y+2
 1177 068c 8C57      		subi r24,124
 1178 068e 9F4F      		sbci r25,-1
 1179 0690 FC01      		movw r30,r24
 1180 0692 3183      		std Z+1,r19
 1181 0694 2083      		st Z,r18
 1182 0696 8981      		ldd r24,Y+1
 1183 0698 9A81      		ldd r25,Y+2
 1184 069a 8C57      		subi r24,124
 1185 069c 9F4F      		sbci r25,-1
 1186 069e FC01      		movw r30,r24
 1187 06a0 8081      		ld r24,Z
 1188 06a2 9181      		ldd r25,Z+1
 1189 06a4 892B      		or r24,r25
 1190 06a6 01F4      		brne .L32
 316:../../../stack/LwMesh/TDMA/nwk/src/nwkTx.c **** 				frame->state = NWK_TX_STATE_SEND;
 1191               		.loc 1 316 0
 1192 06a8 8981      		ldd r24,Y+1
 1193 06aa 9A81      		ldd r25,Y+2
 1194 06ac 23E1      		ldi r18,lo8(19)
 1195 06ae FC01      		movw r30,r24
 1196 06b0 2083      		st Z,r18
 1197               	.L32:
 311:../../../stack/LwMesh/TDMA/nwk/src/nwkTx.c **** 		if (NWK_TX_STATE_WAIT_DELAY == frame->state) {
 1198               		.loc 1 311 0
 1199 06b2 8981      		ldd r24,Y+1
 1200 06b4 9A81      		ldd r25,Y+2
 1201 06b6 0E94 0000 		call nwkFrameNext
 1202 06ba 9A83      		std Y+2,r25
 1203 06bc 8983      		std Y+1,r24
 1204 06be 8981      		ldd r24,Y+1
 1205 06c0 9A81      		ldd r25,Y+2
 1206 06c2 892B      		or r24,r25
 1207 06c4 01F4      		brne .L33
 317:../../../stack/LwMesh/TDMA/nwk/src/nwkTx.c **** 			}
 318:../../../stack/LwMesh/TDMA/nwk/src/nwkTx.c **** 		}
 319:../../../stack/LwMesh/TDMA/nwk/src/nwkTx.c **** 	}
 320:../../../stack/LwMesh/TDMA/nwk/src/nwkTx.c **** 
 321:../../../stack/LwMesh/TDMA/nwk/src/nwkTx.c **** 	if (restart) {
 1208               		.loc 1 321 0
 1209 06c6 8B81      		ldd r24,Y+3
 1210 06c8 8823      		tst r24
 1211 06ca 01F0      		breq .L35
 322:../../../stack/LwMesh/TDMA/nwk/src/nwkTx.c **** 		SYS_TimerStart(timer);
 1212               		.loc 1 322 0
 1213 06cc 8C81      		ldd r24,Y+4
 1214 06ce 9D81      		ldd r25,Y+5
 1215 06d0 0E94 0000 		call SYS_TimerStart
 1216               	.L35:
 323:../../../stack/LwMesh/TDMA/nwk/src/nwkTx.c **** 	}
 324:../../../stack/LwMesh/TDMA/nwk/src/nwkTx.c **** }
 1217               		.loc 1 324 0
 1218 06d4 0000      		nop
 1219               	/* epilogue start */
 1220 06d6 0F90      		pop __tmp_reg__
 1221 06d8 0F90      		pop __tmp_reg__
 1222 06da 0F90      		pop __tmp_reg__
 1223 06dc 0F90      		pop __tmp_reg__
 1224 06de 0F90      		pop __tmp_reg__
 1225 06e0 DF91      		pop r29
 1226 06e2 CF91      		pop r28
 1227 06e4 0895      		ret
 1228               		.cfi_endproc
 1229               	.LFE75:
 1232               	nwkTxConvertPhyStatus:
 1233               	.LFB76:
 325:../../../stack/LwMesh/TDMA/nwk/src/nwkTx.c **** 
 326:../../../stack/LwMesh/TDMA/nwk/src/nwkTx.c **** /*************************************************************************//**
 327:../../../stack/LwMesh/TDMA/nwk/src/nwkTx.c **** *****************************************************************************/
 328:../../../stack/LwMesh/TDMA/nwk/src/nwkTx.c **** static uint8_t nwkTxConvertPhyStatus(uint8_t status)
 329:../../../stack/LwMesh/TDMA/nwk/src/nwkTx.c **** {
 1234               		.loc 1 329 0
 1235               		.cfi_startproc
 1236 06e6 CF93      		push r28
 1237               	.LCFI39:
 1238               		.cfi_def_cfa_offset 3
 1239               		.cfi_offset 28, -2
 1240 06e8 DF93      		push r29
 1241               	.LCFI40:
 1242               		.cfi_def_cfa_offset 4
 1243               		.cfi_offset 29, -3
 1244 06ea 1F92      		push __zero_reg__
 1245               	.LCFI41:
 1246               		.cfi_def_cfa_offset 5
 1247 06ec CDB7      		in r28,__SP_L__
 1248 06ee DEB7      		in r29,__SP_H__
 1249               	.LCFI42:
 1250               		.cfi_def_cfa_register 28
 1251               	/* prologue: function */
 1252               	/* frame size = 1 */
 1253               	/* stack size = 3 */
 1254               	.L__stack_usage = 3
 1255 06f0 8983      		std Y+1,r24
 330:../../../stack/LwMesh/TDMA/nwk/src/nwkTx.c **** 	switch (status) {
 1256               		.loc 1 330 0
 1257 06f2 8981      		ldd r24,Y+1
 1258 06f4 882F      		mov r24,r24
 1259 06f6 90E0      		ldi r25,0
 1260 06f8 8130      		cpi r24,1
 1261 06fa 9105      		cpc r25,__zero_reg__
 1262 06fc 01F0      		breq .L38
 1263 06fe 8230      		cpi r24,2
 1264 0700 9105      		cpc r25,__zero_reg__
 1265 0702 01F0      		breq .L39
 1266 0704 892B      		or r24,r25
 1267 0706 01F4      		brne .L42
 331:../../../stack/LwMesh/TDMA/nwk/src/nwkTx.c **** 	case PHY_STATUS_SUCCESS:
 332:../../../stack/LwMesh/TDMA/nwk/src/nwkTx.c **** 		return NWK_SUCCESS_STATUS;
 1268               		.loc 1 332 0
 1269 0708 80E0      		ldi r24,0
 1270 070a 00C0      		rjmp .L41
 1271               	.L38:
 333:../../../stack/LwMesh/TDMA/nwk/src/nwkTx.c **** 
 334:../../../stack/LwMesh/TDMA/nwk/src/nwkTx.c **** 	case PHY_STATUS_CHANNEL_ACCESS_FAILURE:
 335:../../../stack/LwMesh/TDMA/nwk/src/nwkTx.c **** 		return NWK_PHY_CHANNEL_ACCESS_FAILURE_STATUS;
 1272               		.loc 1 335 0
 1273 070c 80E2      		ldi r24,lo8(32)
 1274 070e 00C0      		rjmp .L41
 1275               	.L39:
 336:../../../stack/LwMesh/TDMA/nwk/src/nwkTx.c **** 
 337:../../../stack/LwMesh/TDMA/nwk/src/nwkTx.c **** 	case PHY_STATUS_NO_ACK:
 338:../../../stack/LwMesh/TDMA/nwk/src/nwkTx.c **** 		return NWK_PHY_NO_ACK_STATUS;
 1276               		.loc 1 338 0
 1277 0710 81E2      		ldi r24,lo8(33)
 1278 0712 00C0      		rjmp .L41
 1279               	.L42:
 339:../../../stack/LwMesh/TDMA/nwk/src/nwkTx.c **** 
 340:../../../stack/LwMesh/TDMA/nwk/src/nwkTx.c **** 	default:
 341:../../../stack/LwMesh/TDMA/nwk/src/nwkTx.c **** 		return NWK_ERROR_STATUS;
 1280               		.loc 1 341 0
 1281 0714 81E0      		ldi r24,lo8(1)
 1282               	.L41:
 1283               	/* epilogue start */
 342:../../../stack/LwMesh/TDMA/nwk/src/nwkTx.c **** 	}
 343:../../../stack/LwMesh/TDMA/nwk/src/nwkTx.c **** }
 1284               		.loc 1 343 0
 1285 0716 0F90      		pop __tmp_reg__
 1286 0718 DF91      		pop r29
 1287 071a CF91      		pop r28
 1288 071c 0895      		ret
 1289               		.cfi_endproc
 1290               	.LFE76:
 1292               	.global	PHY_DataConf
 1294               	PHY_DataConf:
 1295               	.LFB77:
 344:../../../stack/LwMesh/TDMA/nwk/src/nwkTx.c **** 
 345:../../../stack/LwMesh/TDMA/nwk/src/nwkTx.c **** /*************************************************************************//**
 346:../../../stack/LwMesh/TDMA/nwk/src/nwkTx.c **** *****************************************************************************/
 347:../../../stack/LwMesh/TDMA/nwk/src/nwkTx.c **** void PHY_DataConf(uint8_t status)
 348:../../../stack/LwMesh/TDMA/nwk/src/nwkTx.c **** {
 1296               		.loc 1 348 0
 1297               		.cfi_startproc
 1298 071e 0F93      		push r16
 1299               	.LCFI43:
 1300               		.cfi_def_cfa_offset 3
 1301               		.cfi_offset 16, -2
 1302 0720 1F93      		push r17
 1303               	.LCFI44:
 1304               		.cfi_def_cfa_offset 4
 1305               		.cfi_offset 17, -3
 1306 0722 CF93      		push r28
 1307               	.LCFI45:
 1308               		.cfi_def_cfa_offset 5
 1309               		.cfi_offset 28, -4
 1310 0724 DF93      		push r29
 1311               	.LCFI46:
 1312               		.cfi_def_cfa_offset 6
 1313               		.cfi_offset 29, -5
 1314 0726 1F92      		push __zero_reg__
 1315               	.LCFI47:
 1316               		.cfi_def_cfa_offset 7
 1317 0728 CDB7      		in r28,__SP_L__
 1318 072a DEB7      		in r29,__SP_H__
 1319               	.LCFI48:
 1320               		.cfi_def_cfa_register 28
 1321               	/* prologue: function */
 1322               	/* frame size = 1 */
 1323               	/* stack size = 5 */
 1324               	.L__stack_usage = 5
 1325 072c 8983      		std Y+1,r24
 349:../../../stack/LwMesh/TDMA/nwk/src/nwkTx.c **** 	nwkTxPhyActiveFrame->tx.status = nwkTxConvertPhyStatus(status);
 1326               		.loc 1 349 0
 1327 072e 0091 0000 		lds r16,nwkTxPhyActiveFrame
 1328 0732 1091 0000 		lds r17,nwkTxPhyActiveFrame+1
 1329 0736 8981      		ldd r24,Y+1
 1330 0738 0E94 0000 		call nwkTxConvertPhyStatus
 1331 073c 282F      		mov r18,r24
 1332 073e C801      		movw r24,r16
 1333 0740 8D57      		subi r24,125
 1334 0742 9F4F      		sbci r25,-1
 1335 0744 FC01      		movw r30,r24
 1336 0746 2083      		st Z,r18
 350:../../../stack/LwMesh/TDMA/nwk/src/nwkTx.c **** 	nwkTxPhyActiveFrame->state = NWK_TX_STATE_SENT;
 1337               		.loc 1 350 0
 1338 0748 8091 0000 		lds r24,nwkTxPhyActiveFrame
 1339 074c 9091 0000 		lds r25,nwkTxPhyActiveFrame+1
 1340 0750 25E1      		ldi r18,lo8(21)
 1341 0752 FC01      		movw r30,r24
 1342 0754 2083      		st Z,r18
 351:../../../stack/LwMesh/TDMA/nwk/src/nwkTx.c **** 	nwkTxPhyActiveFrame = NULL;
 1343               		.loc 1 351 0
 1344 0756 1092 0000 		sts nwkTxPhyActiveFrame+1,__zero_reg__
 1345 075a 1092 0000 		sts nwkTxPhyActiveFrame,__zero_reg__
 352:../../../stack/LwMesh/TDMA/nwk/src/nwkTx.c **** 	nwkIb.lock--;
 1346               		.loc 1 352 0
 1347 075e 8091 0000 		lds r24,nwkIb+38
 1348 0762 9091 0000 		lds r25,nwkIb+38+1
 1349 0766 0197      		sbiw r24,1
 1350 0768 9093 0000 		sts nwkIb+38+1,r25
 1351 076c 8093 0000 		sts nwkIb+38,r24
 353:../../../stack/LwMesh/TDMA/nwk/src/nwkTx.c **** }
 1352               		.loc 1 353 0
 1353 0770 0000      		nop
 1354               	/* epilogue start */
 1355 0772 0F90      		pop __tmp_reg__
 1356 0774 DF91      		pop r29
 1357 0776 CF91      		pop r28
 1358 0778 1F91      		pop r17
 1359 077a 0F91      		pop r16
 1360 077c 0895      		ret
 1361               		.cfi_endproc
 1362               	.LFE77:
 1364               	.global	nwkTxTaskHandler
 1366               	nwkTxTaskHandler:
 1367               	.LFB78:
 354:../../../stack/LwMesh/TDMA/nwk/src/nwkTx.c **** 
 355:../../../stack/LwMesh/TDMA/nwk/src/nwkTx.c **** /*************************************************************************//**
 356:../../../stack/LwMesh/TDMA/nwk/src/nwkTx.c **** *  @brief Tx Module task handler
 357:../../../stack/LwMesh/TDMA/nwk/src/nwkTx.c **** *****************************************************************************/
 358:../../../stack/LwMesh/TDMA/nwk/src/nwkTx.c **** void nwkTxTaskHandler(void)
 359:../../../stack/LwMesh/TDMA/nwk/src/nwkTx.c **** {
 1368               		.loc 1 359 0
 1369               		.cfi_startproc
 1370 077e CF93      		push r28
 1371               	.LCFI49:
 1372               		.cfi_def_cfa_offset 3
 1373               		.cfi_offset 28, -2
 1374 0780 DF93      		push r29
 1375               	.LCFI50:
 1376               		.cfi_def_cfa_offset 4
 1377               		.cfi_offset 29, -3
 1378 0782 00D0      		rcall .
 1379               	.LCFI51:
 1380               		.cfi_def_cfa_offset 6
 1381 0784 CDB7      		in r28,__SP_L__
 1382 0786 DEB7      		in r29,__SP_H__
 1383               	.LCFI52:
 1384               		.cfi_def_cfa_register 28
 1385               	/* prologue: function */
 1386               	/* frame size = 2 */
 1387               	/* stack size = 4 */
 1388               	.L__stack_usage = 4
 360:../../../stack/LwMesh/TDMA/nwk/src/nwkTx.c **** 	NwkFrame_t *frame = NULL;
 1389               		.loc 1 360 0
 1390 0788 1A82      		std Y+2,__zero_reg__
 1391 078a 1982      		std Y+1,__zero_reg__
 361:../../../stack/LwMesh/TDMA/nwk/src/nwkTx.c **** 
 362:../../../stack/LwMesh/TDMA/nwk/src/nwkTx.c **** 	while (NULL != (frame = nwkFrameNext(frame))) {
 1392               		.loc 1 362 0
 1393 078c 00C0      		rjmp .L45
 1394               	.L63:
 363:../../../stack/LwMesh/TDMA/nwk/src/nwkTx.c **** 		switch (frame->state) {
 1395               		.loc 1 363 0
 1396 078e 8981      		ldd r24,Y+1
 1397 0790 9A81      		ldd r25,Y+2
 1398 0792 FC01      		movw r30,r24
 1399 0794 8081      		ld r24,Z
 1400 0796 882F      		mov r24,r24
 1401 0798 90E0      		ldi r25,0
 1402 079a 8431      		cpi r24,20
 1403 079c 9105      		cpc r25,__zero_reg__
 1404 079e 01F4      		brne .+2
 1405 07a0 00C0      		rjmp .L45
 1406 07a2 8531      		cpi r24,21
 1407 07a4 9105      		cpc r25,__zero_reg__
 1408 07a6 04F4      		brge .L48
 1409 07a8 8231      		cpi r24,18
 1410 07aa 9105      		cpc r25,__zero_reg__
 1411 07ac 01F0      		breq .L49
 1412 07ae 4397      		sbiw r24,19
 1413 07b0 01F0      		breq .L50
 1414 07b2 00C0      		rjmp .L46
 1415               	.L48:
 1416 07b4 8631      		cpi r24,22
 1417 07b6 9105      		cpc r25,__zero_reg__
 1418 07b8 01F4      		brne .+2
 1419 07ba 00C0      		rjmp .L45
 1420 07bc 8631      		cpi r24,22
 1421 07be 9105      		cpc r25,__zero_reg__
 1422 07c0 04F4      		brge .+2
 1423 07c2 00C0      		rjmp .L52
 1424 07c4 4797      		sbiw r24,23
 1425 07c6 01F4      		brne .+2
 1426 07c8 00C0      		rjmp .L53
 1427 07ca 00C0      		rjmp .L46
 1428               	.L49:
 364:../../../stack/LwMesh/TDMA/nwk/src/nwkTx.c **** #ifdef NWK_ENABLE_SECURITY
 365:../../../stack/LwMesh/TDMA/nwk/src/nwkTx.c **** 		case NWK_TX_STATE_ENCRYPT:
 366:../../../stack/LwMesh/TDMA/nwk/src/nwkTx.c **** 		{
 367:../../../stack/LwMesh/TDMA/nwk/src/nwkTx.c **** 			nwkSecurityProcess(frame, true);
 368:../../../stack/LwMesh/TDMA/nwk/src/nwkTx.c **** 		}
 369:../../../stack/LwMesh/TDMA/nwk/src/nwkTx.c **** 		break;
 370:../../../stack/LwMesh/TDMA/nwk/src/nwkTx.c **** #endif
 371:../../../stack/LwMesh/TDMA/nwk/src/nwkTx.c **** 
 372:../../../stack/LwMesh/TDMA/nwk/src/nwkTx.c **** 		case NWK_TX_STATE_DELAY:
 373:../../../stack/LwMesh/TDMA/nwk/src/nwkTx.c **** 		{
 374:../../../stack/LwMesh/TDMA/nwk/src/nwkTx.c **** 			if (frame->tx.timeout > 0) {
 1429               		.loc 1 374 0
 1430 07cc 8981      		ldd r24,Y+1
 1431 07ce 9A81      		ldd r25,Y+2
 1432 07d0 8C57      		subi r24,124
 1433 07d2 9F4F      		sbci r25,-1
 1434 07d4 FC01      		movw r30,r24
 1435 07d6 8081      		ld r24,Z
 1436 07d8 9181      		ldd r25,Z+1
 1437 07da 892B      		or r24,r25
 1438 07dc 01F0      		breq .L54
 375:../../../stack/LwMesh/TDMA/nwk/src/nwkTx.c **** 				frame->state = NWK_TX_STATE_WAIT_DELAY;
 1439               		.loc 1 375 0
 1440 07de 8981      		ldd r24,Y+1
 1441 07e0 9A81      		ldd r25,Y+2
 1442 07e2 21E1      		ldi r18,lo8(17)
 1443 07e4 FC01      		movw r30,r24
 1444 07e6 2083      		st Z,r18
 376:../../../stack/LwMesh/TDMA/nwk/src/nwkTx.c **** 				SYS_TimerStart(&nwkTxDelayTimer);
 1445               		.loc 1 376 0
 1446 07e8 80E0      		ldi r24,lo8(nwkTxDelayTimer)
 1447 07ea 90E0      		ldi r25,hi8(nwkTxDelayTimer)
 1448 07ec 0E94 0000 		call SYS_TimerStart
 1449 07f0 00C0      		rjmp .L45
 1450               	.L54:
 377:../../../stack/LwMesh/TDMA/nwk/src/nwkTx.c **** 			} else {
 378:../../../stack/LwMesh/TDMA/nwk/src/nwkTx.c **** 				frame->state = NWK_TX_STATE_SEND;
 1451               		.loc 1 378 0
 1452 07f2 8981      		ldd r24,Y+1
 1453 07f4 9A81      		ldd r25,Y+2
 1454 07f6 23E1      		ldi r18,lo8(19)
 1455 07f8 FC01      		movw r30,r24
 1456 07fa 2083      		st Z,r18
 379:../../../stack/LwMesh/TDMA/nwk/src/nwkTx.c **** 			}
 380:../../../stack/LwMesh/TDMA/nwk/src/nwkTx.c **** 		}
 381:../../../stack/LwMesh/TDMA/nwk/src/nwkTx.c **** 		break;
 1457               		.loc 1 381 0
 1458 07fc 00C0      		rjmp .L45
 1459               	.L50:
 382:../../../stack/LwMesh/TDMA/nwk/src/nwkTx.c **** 
 383:../../../stack/LwMesh/TDMA/nwk/src/nwkTx.c **** 		case NWK_TX_STATE_SEND:
 384:../../../stack/LwMesh/TDMA/nwk/src/nwkTx.c **** 		{
 385:../../../stack/LwMesh/TDMA/nwk/src/nwkTx.c **** 			if (NULL == nwkTxPhyActiveFrame) {
 1460               		.loc 1 385 0
 1461 07fe 8091 0000 		lds r24,nwkTxPhyActiveFrame
 1462 0802 9091 0000 		lds r25,nwkTxPhyActiveFrame+1
 1463 0806 892B      		or r24,r25
 1464 0808 01F0      		breq .+2
 1465 080a 00C0      		rjmp .L45
 386:../../../stack/LwMesh/TDMA/nwk/src/nwkTx.c **** 				nwkTxPhyActiveFrame = frame;
 1466               		.loc 1 386 0
 1467 080c 8981      		ldd r24,Y+1
 1468 080e 9A81      		ldd r25,Y+2
 1469 0810 9093 0000 		sts nwkTxPhyActiveFrame+1,r25
 1470 0814 8093 0000 		sts nwkTxPhyActiveFrame,r24
 387:../../../stack/LwMesh/TDMA/nwk/src/nwkTx.c **** 				frame->state = NWK_TX_STATE_WAIT_CONF;
 1471               		.loc 1 387 0
 1472 0818 8981      		ldd r24,Y+1
 1473 081a 9A81      		ldd r25,Y+2
 1474 081c 24E1      		ldi r18,lo8(20)
 1475 081e FC01      		movw r30,r24
 1476 0820 2083      		st Z,r18
 388:../../../stack/LwMesh/TDMA/nwk/src/nwkTx.c **** 				PHY_DataReq(frame->data, frame->size);
 1477               		.loc 1 388 0
 1478 0822 8981      		ldd r24,Y+1
 1479 0824 9A81      		ldd r25,Y+2
 1480 0826 FC01      		movw r30,r24
 1481 0828 2181      		ldd r18,Z+1
 1482 082a 8981      		ldd r24,Y+1
 1483 082c 9A81      		ldd r25,Y+2
 1484 082e 0296      		adiw r24,2
 1485 0830 622F      		mov r22,r18
 1486 0832 0E94 0000 		call PHY_DataReq
 389:../../../stack/LwMesh/TDMA/nwk/src/nwkTx.c **** 				nwkIb.lock++;
 1487               		.loc 1 389 0
 1488 0836 8091 0000 		lds r24,nwkIb+38
 1489 083a 9091 0000 		lds r25,nwkIb+38+1
 1490 083e 0196      		adiw r24,1
 1491 0840 9093 0000 		sts nwkIb+38+1,r25
 1492 0844 8093 0000 		sts nwkIb+38,r24
 390:../../../stack/LwMesh/TDMA/nwk/src/nwkTx.c **** 			}
 391:../../../stack/LwMesh/TDMA/nwk/src/nwkTx.c **** 		}
 392:../../../stack/LwMesh/TDMA/nwk/src/nwkTx.c **** 		break;
 1493               		.loc 1 392 0
 1494 0848 00C0      		rjmp .L45
 1495               	.L52:
 393:../../../stack/LwMesh/TDMA/nwk/src/nwkTx.c **** 
 394:../../../stack/LwMesh/TDMA/nwk/src/nwkTx.c **** 		case NWK_TX_STATE_WAIT_CONF:
 395:../../../stack/LwMesh/TDMA/nwk/src/nwkTx.c **** 			break;
 396:../../../stack/LwMesh/TDMA/nwk/src/nwkTx.c **** 
 397:../../../stack/LwMesh/TDMA/nwk/src/nwkTx.c **** 		case NWK_TX_STATE_SENT:
 398:../../../stack/LwMesh/TDMA/nwk/src/nwkTx.c **** 		{
 399:../../../stack/LwMesh/TDMA/nwk/src/nwkTx.c **** 			if (NWK_SUCCESS_STATUS == frame->tx.status) {
 1496               		.loc 1 399 0
 1497 084a 8981      		ldd r24,Y+1
 1498 084c 9A81      		ldd r25,Y+2
 1499 084e 8D57      		subi r24,125
 1500 0850 9F4F      		sbci r25,-1
 1501 0852 FC01      		movw r30,r24
 1502 0854 8081      		ld r24,Z
 1503 0856 8823      		tst r24
 1504 0858 01F4      		brne .L57
 400:../../../stack/LwMesh/TDMA/nwk/src/nwkTx.c **** 				if (frame->header.nwkSrcAddr == nwkIb.addr &&
 1505               		.loc 1 400 0
 1506 085a 8981      		ldd r24,Y+1
 1507 085c 9A81      		ldd r25,Y+2
 1508 085e FC01      		movw r30,r24
 1509 0860 2585      		ldd r18,Z+13
 1510 0862 3685      		ldd r19,Z+14
 1511 0864 8091 0000 		lds r24,nwkIb
 1512 0868 9091 0000 		lds r25,nwkIb+1
 1513 086c 2817      		cp r18,r24
 1514 086e 3907      		cpc r19,r25
 1515 0870 01F4      		brne .L58
 1516               		.loc 1 400 0 is_stmt 0 discriminator 1
 1517 0872 8981      		ldd r24,Y+1
 1518 0874 9A81      		ldd r25,Y+2
 1519 0876 FC01      		movw r30,r24
 1520 0878 8385      		ldd r24,Z+11
 1521 087a 8170      		andi r24,lo8(1)
 1522 087c 8823      		tst r24
 1523 087e 01F0      		breq .L58
 401:../../../stack/LwMesh/TDMA/nwk/src/nwkTx.c **** 						frame->header.nwkFcf.
 402:../../../stack/LwMesh/TDMA/nwk/src/nwkTx.c **** 						ackRequest) {
 403:../../../stack/LwMesh/TDMA/nwk/src/nwkTx.c **** 					frame->state = NWK_TX_STATE_WAIT_ACK;
 1524               		.loc 1 403 0 is_stmt 1
 1525 0880 8981      		ldd r24,Y+1
 1526 0882 9A81      		ldd r25,Y+2
 1527 0884 26E1      		ldi r18,lo8(22)
 1528 0886 FC01      		movw r30,r24
 1529 0888 2083      		st Z,r18
 404:../../../stack/LwMesh/TDMA/nwk/src/nwkTx.c **** 					frame->tx.timeout = NWK_ACK_WAIT_TIME /
 1530               		.loc 1 404 0
 1531 088a 8981      		ldd r24,Y+1
 1532 088c 9A81      		ldd r25,Y+2
 1533 088e 8C57      		subi r24,124
 1534 0890 9F4F      		sbci r25,-1
 1535 0892 25E1      		ldi r18,lo8(21)
 1536 0894 30E0      		ldi r19,0
 1537 0896 FC01      		movw r30,r24
 1538 0898 3183      		std Z+1,r19
 1539 089a 2083      		st Z,r18
 405:../../../stack/LwMesh/TDMA/nwk/src/nwkTx.c **** 							NWK_TX_ACK_WAIT_TIMER_INTERVAL
 406:../../../stack/LwMesh/TDMA/nwk/src/nwkTx.c **** 							+ 1;
 407:../../../stack/LwMesh/TDMA/nwk/src/nwkTx.c **** 					SYS_TimerStart(&nwkTxAckWaitTimer);
 1540               		.loc 1 407 0
 1541 089c 80E0      		ldi r24,lo8(nwkTxAckWaitTimer)
 1542 089e 90E0      		ldi r25,hi8(nwkTxAckWaitTimer)
 1543 08a0 0E94 0000 		call SYS_TimerStart
 1544 08a4 00C0      		rjmp .L60
 1545               	.L58:
 408:../../../stack/LwMesh/TDMA/nwk/src/nwkTx.c **** 				} else {
 409:../../../stack/LwMesh/TDMA/nwk/src/nwkTx.c **** 					frame->state = NWK_TX_STATE_CONFIRM;
 1546               		.loc 1 409 0
 1547 08a6 8981      		ldd r24,Y+1
 1548 08a8 9A81      		ldd r25,Y+2
 1549 08aa 27E1      		ldi r18,lo8(23)
 1550 08ac FC01      		movw r30,r24
 1551 08ae 2083      		st Z,r18
 1552 08b0 00C0      		rjmp .L45
 1553               	.L57:
 410:../../../stack/LwMesh/TDMA/nwk/src/nwkTx.c **** 				}
 411:../../../stack/LwMesh/TDMA/nwk/src/nwkTx.c **** 			} else {
 412:../../../stack/LwMesh/TDMA/nwk/src/nwkTx.c **** 				frame->state = NWK_TX_STATE_CONFIRM;
 1554               		.loc 1 412 0
 1555 08b2 8981      		ldd r24,Y+1
 1556 08b4 9A81      		ldd r25,Y+2
 1557 08b6 27E1      		ldi r18,lo8(23)
 1558 08b8 FC01      		movw r30,r24
 1559 08ba 2083      		st Z,r18
 1560               	.L60:
 413:../../../stack/LwMesh/TDMA/nwk/src/nwkTx.c **** 			}
 414:../../../stack/LwMesh/TDMA/nwk/src/nwkTx.c **** 		}
 415:../../../stack/LwMesh/TDMA/nwk/src/nwkTx.c **** 		break;
 1561               		.loc 1 415 0 discriminator 1
 1562 08bc 00C0      		rjmp .L45
 1563               	.L53:
 416:../../../stack/LwMesh/TDMA/nwk/src/nwkTx.c **** 
 417:../../../stack/LwMesh/TDMA/nwk/src/nwkTx.c **** 		case NWK_TX_STATE_WAIT_ACK:
 418:../../../stack/LwMesh/TDMA/nwk/src/nwkTx.c **** 			break;
 419:../../../stack/LwMesh/TDMA/nwk/src/nwkTx.c **** 
 420:../../../stack/LwMesh/TDMA/nwk/src/nwkTx.c **** 		case NWK_TX_STATE_CONFIRM:
 421:../../../stack/LwMesh/TDMA/nwk/src/nwkTx.c **** 		{
 422:../../../stack/LwMesh/TDMA/nwk/src/nwkTx.c **** #ifdef NWK_ENABLE_ROUTING
 423:../../../stack/LwMesh/TDMA/nwk/src/nwkTx.c **** 			nwkRouteFrameSent(frame);
 424:../../../stack/LwMesh/TDMA/nwk/src/nwkTx.c **** #endif
 425:../../../stack/LwMesh/TDMA/nwk/src/nwkTx.c **** 			if (NULL == frame->tx.confirm) {
 1564               		.loc 1 425 0
 1565 08be 8981      		ldd r24,Y+1
 1566 08c0 9A81      		ldd r25,Y+2
 1567 08c2 8957      		subi r24,121
 1568 08c4 9F4F      		sbci r25,-1
 1569 08c6 FC01      		movw r30,r24
 1570 08c8 8081      		ld r24,Z
 1571 08ca 9181      		ldd r25,Z+1
 1572 08cc 892B      		or r24,r25
 1573 08ce 01F4      		brne .L61
 426:../../../stack/LwMesh/TDMA/nwk/src/nwkTx.c **** 				nwkFrameFree(frame);
 1574               		.loc 1 426 0
 1575 08d0 8981      		ldd r24,Y+1
 1576 08d2 9A81      		ldd r25,Y+2
 1577 08d4 0E94 0000 		call nwkFrameFree
 1578 08d8 00C0      		rjmp .L45
 1579               	.L61:
 427:../../../stack/LwMesh/TDMA/nwk/src/nwkTx.c **** 			} else {
 428:../../../stack/LwMesh/TDMA/nwk/src/nwkTx.c **** 				frame->tx.confirm(frame);
 1580               		.loc 1 428 0
 1581 08da 8981      		ldd r24,Y+1
 1582 08dc 9A81      		ldd r25,Y+2
 1583 08de 8957      		subi r24,121
 1584 08e0 9F4F      		sbci r25,-1
 1585 08e2 FC01      		movw r30,r24
 1586 08e4 2081      		ld r18,Z
 1587 08e6 3181      		ldd r19,Z+1
 1588 08e8 8981      		ldd r24,Y+1
 1589 08ea 9A81      		ldd r25,Y+2
 1590 08ec F901      		movw r30,r18
 1591 08ee 0995      		icall
 429:../../../stack/LwMesh/TDMA/nwk/src/nwkTx.c **** 			}
 430:../../../stack/LwMesh/TDMA/nwk/src/nwkTx.c **** 		}
 431:../../../stack/LwMesh/TDMA/nwk/src/nwkTx.c **** 		break;
 1592               		.loc 1 431 0
 1593 08f0 00C0      		rjmp .L45
 1594               	.L46:
 432:../../../stack/LwMesh/TDMA/nwk/src/nwkTx.c **** 
 433:../../../stack/LwMesh/TDMA/nwk/src/nwkTx.c **** 		default:
 434:../../../stack/LwMesh/TDMA/nwk/src/nwkTx.c **** 			break;
 1595               		.loc 1 434 0
 1596 08f2 0000      		nop
 1597               	.L45:
 362:../../../stack/LwMesh/TDMA/nwk/src/nwkTx.c **** 		switch (frame->state) {
 1598               		.loc 1 362 0
 1599 08f4 8981      		ldd r24,Y+1
 1600 08f6 9A81      		ldd r25,Y+2
 1601 08f8 0E94 0000 		call nwkFrameNext
 1602 08fc 9A83      		std Y+2,r25
 1603 08fe 8983      		std Y+1,r24
 1604 0900 8981      		ldd r24,Y+1
 1605 0902 9A81      		ldd r25,Y+2
 1606 0904 892B      		or r24,r25
 1607 0906 01F0      		breq .+2
 1608 0908 00C0      		rjmp .L63
 435:../../../stack/LwMesh/TDMA/nwk/src/nwkTx.c **** 		}
 436:../../../stack/LwMesh/TDMA/nwk/src/nwkTx.c **** 	}
 437:../../../stack/LwMesh/TDMA/nwk/src/nwkTx.c **** }
 1609               		.loc 1 437 0
 1610 090a 0000      		nop
 1611               	/* epilogue start */
 1612 090c 0F90      		pop __tmp_reg__
 1613 090e 0F90      		pop __tmp_reg__
 1614 0910 DF91      		pop r29
 1615 0912 CF91      		pop r28
 1616 0914 0895      		ret
 1617               		.cfi_endproc
 1618               	.LFE78:
 1620               	.Letext0:
 1621               		.file 2 "c:\\program files (x86)\\atmel\\studio\\7.0\\toolchain\\avr8\\avr8-gnu-toolchain\\avr\\in
 1622               		.file 3 "../../../stack/LwMesh/TDMA/sys/inc/sysTimer.h"
 1623               		.file 4 "../../../stack/LwMesh/TDMA/nwk/inc/nwkFrame.h"
 1624               		.file 5 "../../../stack/LwMesh/TDMA/nwk/inc/nwkRx.h"
 1625               		.file 6 "../../../stack/LwMesh/TDMA/phy/atmegarfa1/inc/phy.h"
 1626               		.file 7 "../../../stack/LwMesh/TDMA/nwk/inc/nwkDataReq.h"
 1627               		.file 8 "../../../stack/LwMesh/TDMA/nwk/inc/nwk.h"
 1628               		.file 9 "../../../stack/LwMesh/TDMA/nwk/inc/nwkTx.h"
 1629               		.file 10 "../../../stack/LwMesh/TDMA/nwk/inc/nwkCommand.h"
DEFINED SYMBOLS
                            *ABS*:00000000 nwkTx.c
C:\Users\guilh\AppData\Local\Temp\cc3Fan1T.s:2      *ABS*:0000003e __SP_H__
C:\Users\guilh\AppData\Local\Temp\cc3Fan1T.s:3      *ABS*:0000003d __SP_L__
C:\Users\guilh\AppData\Local\Temp\cc3Fan1T.s:4      *ABS*:0000003f __SREG__
C:\Users\guilh\AppData\Local\Temp\cc3Fan1T.s:5      *ABS*:0000003b __RAMPZ__
C:\Users\guilh\AppData\Local\Temp\cc3Fan1T.s:6      *ABS*:00000000 __tmp_reg__
C:\Users\guilh\AppData\Local\Temp\cc3Fan1T.s:7      *ABS*:00000001 __zero_reg__
C:\Users\guilh\AppData\Local\Temp\cc3Fan1T.s:14     .bss.nwkTxPhyActiveFrame:00000000 nwkTxPhyActiveFrame
C:\Users\guilh\AppData\Local\Temp\cc3Fan1T.s:19     .bss.nwkTxAckWaitTimer:00000000 nwkTxAckWaitTimer
C:\Users\guilh\AppData\Local\Temp\cc3Fan1T.s:24     .bss.nwkTxDelayTimer:00000000 nwkTxDelayTimer
C:\Users\guilh\AppData\Local\Temp\cc3Fan1T.s:29     .text:00000000 nwkTxInit
C:\Users\guilh\AppData\Local\Temp\cc3Fan1T.s:952    .text:00000576 nwkTxAckWaitTimerHandler
C:\Users\guilh\AppData\Local\Temp\cc3Fan1T.s:1119   .text:0000064a nwkTxDelayTimerHandler
C:\Users\guilh\AppData\Local\Temp\cc3Fan1T.s:96     .text:00000068 nwkTxBeaconFrame
C:\Users\guilh\AppData\Local\Temp\cc3Fan1T.s:197    .text:000000fe nwkTxBeaconFrameLLDN
C:\Users\guilh\AppData\Local\Temp\cc3Fan1T.s:312    .text:000001a4 nwkTxMacCommandFrameLLDN
C:\Users\guilh\AppData\Local\Temp\cc3Fan1T.s:468    .text:0000028c nwkTxFrame
C:\Users\guilh\AppData\Local\Temp\cc3Fan1T.s:659    .text:000003ba nwkTxBroadcastFrame
C:\Users\guilh\AppData\Local\Temp\cc3Fan1T.s:835    .text:000004d8 nwkTxAckReceived
C:\Users\guilh\AppData\Local\Temp\cc3Fan1T.s:1065   .text:00000612 nwkTxConfirm
C:\Users\guilh\AppData\Local\Temp\cc3Fan1T.s:1232   .text:000006e6 nwkTxConvertPhyStatus
C:\Users\guilh\AppData\Local\Temp\cc3Fan1T.s:1294   .text:0000071e PHY_DataConf
C:\Users\guilh\AppData\Local\Temp\cc3Fan1T.s:1366   .text:0000077e nwkTxTaskHandler

UNDEFINED SYMBOLS
nwkIb
rand
nwkFrameAlloc
memcpy
nwkFrameNext
SYS_TimerStart
PHY_DataReq
nwkFrameFree
__do_clear_bss
